This is pdfTeX, Version 3.141592653-2.6-1.40.24 (MiKTeX 22.12) (preloaded format=pdflatex 2022.12.16)  17 DEC 2022 22:07
entering extended mode
 \write18 enabled.
 %&-line parsing enabled.
**./cpxsln_rpt_prj_YYYY_Group_SurnameNS.tex
(cpxsln_rpt_prj_YYYY_Group_SurnameNS.tex
LaTeX2e <2022-11-01> patch level 1
L3 programming layer <2022-11-02> (G7-32.cls
Document Class: G7-32 2003/07/01 v1.0 Non Standard LaTeX document class
(GostBase.clo (C:\Program Files\MiKTeX 2.9\tex/latex/extsizes\size14.clo
File: size14.clo 1999/11/11 v1.4a NON-Standard LaTeX file (size option)
)) (G2-105.sty
Package: G2-105 2003/07/07 v1.00 General reqs. GOST 2.105-95
\c@totalpage=\count185
\c@totaltable=\count186
\c@totalfigure=\count187
\c@totalbib=\count188
\GostAfterTitleSkip=\skip48
\GostBetweenTitleSkip=\skip49
\GostBeforTitleSkip=\skip50
\GostBeforNoTitleSkip=\skip51
\GostHTitleSpace=\skip52
\GostTitleIndent=\skip53
\Gost@ChapterIndent=\skip54
\Gost@MainChapterIndent=\skip55
\Gost@TitleDropSkip=\skip56
\c@chapter=\count189
\c@section=\count190
\c@subsection=\count191
\c@subsubsection=\count192
\NirTitleDropSkip=\skip57

(C:\Program Files\MiKTeX 2.9\tex/latex/t2\mathtext.sty
Package: mathtext 2018/04/13 v1.1 transparent text-and-math defs
LaTeX Info: Redefining \halign on input line 119.
) (C:\Program Files\MiKTeX 2.9\tex/latex/base\fontenc.sty
Package: fontenc 2021/04/29 v2.0v Standard LaTeX package

(C:\Program Files\MiKTeX 2.9\tex/latex/cyrillic\t2aenc.def
File: t2aenc.def 2022/06/11 v1.0j Cyrillic encoding definition file
Now handling font encoding T2A ...
... processing UTF-8 mapping file for font encoding T2A
 (C:\Program Files\MiKTeX 2.9\tex/latex/base\t2aenc.dfu
File: t2aenc.dfu 2022/06/07 v1.3c UTF-8 support
   defining Unicode char U+00A4 (decimal 164)
   defining Unicode char U+00A7 (decimal 167)
   defining Unicode char U+00AB (decimal 171)
   defining Unicode char U+00BB (decimal 187)
   defining Unicode char U+0131 (decimal 305)
   defining Unicode char U+0237 (decimal 567)
   defining Unicode char U+0400 (decimal 1024)
   defining Unicode char U+0401 (decimal 1025)
   defining Unicode char U+0402 (decimal 1026)
   defining Unicode char U+0403 (decimal 1027)
   defining Unicode char U+0404 (decimal 1028)
   defining Unicode char U+0405 (decimal 1029)
   defining Unicode char U+0406 (decimal 1030)
   defining Unicode char U+0407 (decimal 1031)
   defining Unicode char U+0408 (decimal 1032)
   defining Unicode char U+0409 (decimal 1033)
   defining Unicode char U+040A (decimal 1034)
   defining Unicode char U+040B (decimal 1035)
   defining Unicode char U+040C (decimal 1036)
   defining Unicode char U+040D (decimal 1037)
   defining Unicode char U+040E (decimal 1038)
   defining Unicode char U+040F (decimal 1039)
   defining Unicode char U+0410 (decimal 1040)
   defining Unicode char U+0411 (decimal 1041)
   defining Unicode char U+0412 (decimal 1042)
   defining Unicode char U+0413 (decimal 1043)
   defining Unicode char U+0414 (decimal 1044)
   defining Unicode char U+0415 (decimal 1045)
   defining Unicode char U+0416 (decimal 1046)
   defining Unicode char U+0417 (decimal 1047)
   defining Unicode char U+0418 (decimal 1048)
   defining Unicode char U+0419 (decimal 1049)
   defining Unicode char U+041A (decimal 1050)
   defining Unicode char U+041B (decimal 1051)
   defining Unicode char U+041C (decimal 1052)
   defining Unicode char U+041D (decimal 1053)
   defining Unicode char U+041E (decimal 1054)
   defining Unicode char U+041F (decimal 1055)
   defining Unicode char U+0420 (decimal 1056)
   defining Unicode char U+0421 (decimal 1057)
   defining Unicode char U+0422 (decimal 1058)
   defining Unicode char U+0423 (decimal 1059)
   defining Unicode char U+0424 (decimal 1060)
   defining Unicode char U+0425 (decimal 1061)
   defining Unicode char U+0426 (decimal 1062)
   defining Unicode char U+0427 (decimal 1063)
   defining Unicode char U+0428 (decimal 1064)
   defining Unicode char U+0429 (decimal 1065)
   defining Unicode char U+042A (decimal 1066)
   defining Unicode char U+042B (decimal 1067)
   defining Unicode char U+042C (decimal 1068)
   defining Unicode char U+042D (decimal 1069)
   defining Unicode char U+042E (decimal 1070)
   defining Unicode char U+042F (decimal 1071)
   defining Unicode char U+0430 (decimal 1072)
   defining Unicode char U+0431 (decimal 1073)
   defining Unicode char U+0432 (decimal 1074)
   defining Unicode char U+0433 (decimal 1075)
   defining Unicode char U+0434 (decimal 1076)
   defining Unicode char U+0435 (decimal 1077)
   defining Unicode char U+0436 (decimal 1078)
   defining Unicode char U+0437 (decimal 1079)
   defining Unicode char U+0438 (decimal 1080)
   defining Unicode char U+0439 (decimal 1081)
   defining Unicode char U+043A (decimal 1082)
   defining Unicode char U+043B (decimal 1083)
   defining Unicode char U+043C (decimal 1084)
   defining Unicode char U+043D (decimal 1085)
   defining Unicode char U+043E (decimal 1086)
   defining Unicode char U+043F (decimal 1087)
   defining Unicode char U+0440 (decimal 1088)
   defining Unicode char U+0441 (decimal 1089)
   defining Unicode char U+0442 (decimal 1090)
   defining Unicode char U+0443 (decimal 1091)
   defining Unicode char U+0444 (decimal 1092)
   defining Unicode char U+0445 (decimal 1093)
   defining Unicode char U+0446 (decimal 1094)
   defining Unicode char U+0447 (decimal 1095)
   defining Unicode char U+0448 (decimal 1096)
   defining Unicode char U+0449 (decimal 1097)
   defining Unicode char U+044A (decimal 1098)
   defining Unicode char U+044B (decimal 1099)
   defining Unicode char U+044C (decimal 1100)
   defining Unicode char U+044D (decimal 1101)
   defining Unicode char U+044E (decimal 1102)
   defining Unicode char U+044F (decimal 1103)
   defining Unicode char U+0450 (decimal 1104)
   defining Unicode char U+0451 (decimal 1105)
   defining Unicode char U+0452 (decimal 1106)
   defining Unicode char U+0453 (decimal 1107)
   defining Unicode char U+0454 (decimal 1108)
   defining Unicode char U+0455 (decimal 1109)
   defining Unicode char U+0456 (decimal 1110)
   defining Unicode char U+0457 (decimal 1111)
   defining Unicode char U+0458 (decimal 1112)
   defining Unicode char U+0459 (decimal 1113)
   defining Unicode char U+045A (decimal 1114)
   defining Unicode char U+045B (decimal 1115)
   defining Unicode char U+045C (decimal 1116)
   defining Unicode char U+045D (decimal 1117)
   defining Unicode char U+045E (decimal 1118)
   defining Unicode char U+045F (decimal 1119)
   defining Unicode char U+0490 (decimal 1168)
   defining Unicode char U+0491 (decimal 1169)
   defining Unicode char U+0492 (decimal 1170)
   defining Unicode char U+0493 (decimal 1171)
   defining Unicode char U+0496 (decimal 1174)
   defining Unicode char U+0497 (decimal 1175)
   defining Unicode char U+0498 (decimal 1176)
   defining Unicode char U+0499 (decimal 1177)
   defining Unicode char U+049A (decimal 1178)
   defining Unicode char U+049B (decimal 1179)
   defining Unicode char U+049C (decimal 1180)
   defining Unicode char U+049D (decimal 1181)
   defining Unicode char U+04A0 (decimal 1184)
   defining Unicode char U+04A1 (decimal 1185)
   defining Unicode char U+04A2 (decimal 1186)
   defining Unicode char U+04A3 (decimal 1187)
   defining Unicode char U+04A4 (decimal 1188)
   defining Unicode char U+04A5 (decimal 1189)
   defining Unicode char U+04AA (decimal 1194)
   defining Unicode char U+04AB (decimal 1195)
   defining Unicode char U+04AE (decimal 1198)
   defining Unicode char U+04AF (decimal 1199)
   defining Unicode char U+04B0 (decimal 1200)
   defining Unicode char U+04B1 (decimal 1201)
   defining Unicode char U+04B2 (decimal 1202)
   defining Unicode char U+04B3 (decimal 1203)
   defining Unicode char U+04B6 (decimal 1206)
   defining Unicode char U+04B7 (decimal 1207)
   defining Unicode char U+04B8 (decimal 1208)
   defining Unicode char U+04B9 (decimal 1209)
   defining Unicode char U+04BA (decimal 1210)
   defining Unicode char U+04BB (decimal 1211)
   defining Unicode char U+04C0 (decimal 1216)
   defining Unicode char U+04C1 (decimal 1217)
   defining Unicode char U+04C2 (decimal 1218)
   defining Unicode char U+04D0 (decimal 1232)
   defining Unicode char U+04D1 (decimal 1233)
   defining Unicode char U+04D2 (decimal 1234)
   defining Unicode char U+04D3 (decimal 1235)
   defining Unicode char U+04D4 (decimal 1236)
   defining Unicode char U+04D5 (decimal 1237)
   defining Unicode char U+04D6 (decimal 1238)
   defining Unicode char U+04D7 (decimal 1239)
   defining Unicode char U+04D8 (decimal 1240)
   defining Unicode char U+04D9 (decimal 1241)
   defining Unicode char U+04DA (decimal 1242)
   defining Unicode char U+04DB (decimal 1243)
   defining Unicode char U+04DC (decimal 1244)
   defining Unicode char U+04DD (decimal 1245)
   defining Unicode char U+04DE (decimal 1246)
   defining Unicode char U+04DF (decimal 1247)
   defining Unicode char U+04E2 (decimal 1250)
   defining Unicode char U+04E3 (decimal 1251)
   defining Unicode char U+04E4 (decimal 1252)
   defining Unicode char U+04E5 (decimal 1253)
   defining Unicode char U+04E6 (decimal 1254)
   defining Unicode char U+04E7 (decimal 1255)
   defining Unicode char U+04E8 (decimal 1256)
   defining Unicode char U+04E9 (decimal 1257)
   defining Unicode char U+04EC (decimal 1260)
   defining Unicode char U+04ED (decimal 1261)
   defining Unicode char U+04EE (decimal 1262)
   defining Unicode char U+04EF (decimal 1263)
   defining Unicode char U+04F0 (decimal 1264)
   defining Unicode char U+04F1 (decimal 1265)
   defining Unicode char U+04F2 (decimal 1266)
   defining Unicode char U+04F3 (decimal 1267)
   defining Unicode char U+04F4 (decimal 1268)
   defining Unicode char U+04F5 (decimal 1269)
   defining Unicode char U+04F8 (decimal 1272)
   defining Unicode char U+04F9 (decimal 1273)
   defining Unicode char U+200C (decimal 8204)
   defining Unicode char U+2013 (decimal 8211)
   defining Unicode char U+2014 (decimal 8212)
   defining Unicode char U+2018 (decimal 8216)
   defining Unicode char U+2019 (decimal 8217)
   defining Unicode char U+201C (decimal 8220)
   defining Unicode char U+201D (decimal 8221)
   defining Unicode char U+201E (decimal 8222)
   defining Unicode char U+2030 (decimal 8240)
   defining Unicode char U+2031 (decimal 8241)
   defining Unicode char U+2116 (decimal 8470)
   defining Unicode char U+2329 (decimal 9001)
   defining Unicode char U+3008 (decimal 12296)
   defining Unicode char U+232A (decimal 9002)
   defining Unicode char U+3009 (decimal 12297)
   defining Unicode char U+2423 (decimal 9251)
   defining Unicode char U+27E8 (decimal 10216)
   defining Unicode char U+27E9 (decimal 10217)
   defining Unicode char U+FB00 (decimal 64256)
   defining Unicode char U+FB01 (decimal 64257)
   defining Unicode char U+FB02 (decimal 64258)
   defining Unicode char U+FB03 (decimal 64259)
   defining Unicode char U+FB04 (decimal 64260)
   defining Unicode char U+FB05 (decimal 64261)
   defining Unicode char U+FB06 (decimal 64262)
)
\symT2Aletters=\mathgroup4
)
LaTeX Font Info:    Trying to load font information for T2A+cmr on input line 112.

(C:\Program Files\MiKTeX 2.9\tex/latex/cyrillic\t2acmr.fd
File: t2acmr.fd 2001/08/11 v1.0a Computer Modern Cyrillic font definitions
)) (C:\Program Files\MiKTeX 2.9\tex/latex/base\inputenc.sty
Package: inputenc 2021/02/14 v1.3d Input encoding file
\inpenc@prehook=\toks16
\inpenc@posthook=\toks17
)
(C:\Program Files\MiKTeX 2.9\tex/generic/babel\babel.sty
Package: babel 2022/11/30 3.83 The Babel package
\babel@savecnt=\count193
\U@D=\dimen140
\l@unhyphenated=\language79
 (C:\Program Files\MiKTeX 2.9\tex/generic/babel\txtbabel.def)
\bbl@readstream=\read2
\bbl@dirlevel=\count194

*************************************
* Local config file bblopts.cfg used
*
(C:\Program Files\MiKTeX 2.9\tex/latex/arabi\bblopts.cfg
File: bblopts.cfg 2005/09/08 v0.1 add Arabic and Farsi to "declared" options of babel
)
(C:\Program Files\MiKTeX 2.9\tex/latex/babel-english\english.ldf
Language: english 2017/06/06 v3.3r English support from the babel system
Package babel Info: Hyphen rules for 'canadian' set to \l@english
(babel)             (\language0). Reported on input line 102.
Package babel Info: Hyphen rules for 'australian' set to \l@ukenglish
(babel)             (\language73). Reported on input line 105.
Package babel Info: Hyphen rules for 'newzealand' set to \l@ukenglish
(babel)             (\language73). Reported on input line 108.
)
(C:\Program Files\MiKTeX 2.9\tex/latex/babel-russian\russianb.ldf
File: russianb.ldf 2021/01/10 1.3m Russian support for the Babel system
Language: russian 2020/09/09 1.3k Russian support for the Babel system
Package babel Info: Making " an active character on input line 124.
Package babel Info: Default for \cyrdash is provided on input line 163.
))
(C:\Program Files\MiKTeX 2.9\tex/generic/babel/locale/ru\babel-russian.tex
Package babel Info: Importing font and identification data for russian
(babel)             from babel-ru.ini. Reported on input line 11.
)
(C:\Program Files\MiKTeX 2.9\tex/generic/babel/locale/en\babel-english.tex
Package babel Info: Importing font and identification data for english
(babel)             from babel-en.ini. Reported on input line 11.
)
(C:\Program Files\MiKTeX 2.9\tex/latex/base\flafter.sty
Package: flafter 2021/07/31 v1.4e Standard LaTeX floats after reference (FMi)
Applying: [2015/01/01] float order in 2-column on input line 49.
Already applied: [0000/00/00] float order in 2-column on input line 151.
)
\GostItemGap=\skip58
\GostItemIndent=\skip59
 (C:\Program Files\MiKTeX 2.9\tex/latex/amsfonts\amssymb.sty
Package: amssymb 2013/01/14 v3.01 AMS font symbols

(C:\Program Files\MiKTeX 2.9\tex/latex/amsfonts\amsfonts.sty
Package: amsfonts 2013/01/14 v3.01 Basic AMSFonts support
\@emptytoks=\toks18
\symAMSa=\mathgroup5
\symAMSb=\mathgroup6
LaTeX Font Info:    Redeclaring math symbol \hbar on input line 98.
LaTeX Font Info:    Overwriting math alphabet `\mathfrak' in version `bold'
(Font)                  U/euf/m/n --> U/euf/b/n on input line 106.
)) (C:\Program Files\MiKTeX 2.9\tex/latex/was\icomma.sty
Package: icomma 2002/03/10 v2.0 (WaS)
)
(C:\Program Files\MiKTeX 2.9\tex/latex/base\leqno.clo
File: leqno.clo 2016/12/29 v1.2b Standard LaTeX option (left equation numbers)
)
\Gost@EqRemLen=\skip60
\Gost@@EqRemLen=\skip61
 (C:\Program Files\MiKTeX 2.9\tex/latex/caption\caption.sty
Package: caption 2022/03/01 v3.6b Customizing captions (AR)

(C:\Program Files\MiKTeX 2.9\tex/latex/caption\caption3.sty
Package: caption3 2022/03/17 v2.3b caption3 kernel (AR)
 (C:\Program Files\MiKTeX 2.9\tex/latex/graphics\keyval.sty
Package: keyval 2022/05/29 v1.15 key=value parser (DPC)
\KV@toks@=\toks19
)
\caption@tempdima=\dimen141
\captionmargin=\dimen142
\caption@leftmargin=\dimen143
\caption@rightmargin=\dimen144
\caption@width=\dimen145
\caption@indent=\dimen146
\caption@parindent=\dimen147
\caption@hangindent=\dimen148
\abovecaptionskip=\skip62
\belowcaptionskip=\skip63
Package caption Info: Document class w/o caption stuff detected.
)
\c@caption@flags=\count195
\c@continuedfloat=\count196
)
\c@figure=\count197
\c@table=\count198
 (C:\Program Files\MiKTeX 2.9\tex/latex/tools\longtable.sty
Package: longtable 2021-09-01 v4.17 Multi-page Table package (DPC)
\LTleft=\skip64
\LTright=\skip65
\LTpre=\skip66
\LTpost=\skip67
\LTchunksize=\count199
\LTcapwidth=\dimen149
\LT@head=\box51
\LT@firsthead=\box52
\LT@foot=\box53
\LT@lastfoot=\box54
\LT@gbox=\box55
\LT@cols=\count266
\LT@rows=\count267
\c@LT@tables=\count268
\c@LT@chunks=\count269
\LT@p@ftn=\toks20
)
(C:\Program Files\MiKTeX 2.9\tex/latex/footmisc\footmisc.sty
Package: footmisc 2022/03/08 v6.0d a miscellany of footnote facilities
\FN@temptoken=\toks21
\footnotemargin=\dimen150
\@outputbox@depth=\dimen151
Package footmisc Info: Declaring symbol style bringhurst on input line 695.
Package footmisc Info: Declaring symbol style chicago on input line 703.
Package footmisc Info: Declaring symbol style wiley on input line 712.
Package footmisc Info: Declaring symbol style lamport-robust on input line 723.
Package footmisc Info: Declaring symbol style lamport* on input line 743.
Package footmisc Info: Declaring symbol style lamport*-robust on input line 764.
)
\bibindent=\dimen152
)
(C:\Program Files\MiKTeX 2.9\tex/latex/geometry\geometry.sty
Package: geometry 2020/01/02 v5.9 Page Geometry
 (C:\Program Files\MiKTeX 2.9\tex/generic/iftex\ifvtex.sty
Package: ifvtex 2019/10/25 v1.7 ifvtex legacy package. Use iftex instead.

(C:\Program Files\MiKTeX 2.9\tex/generic/iftex\iftex.sty
Package: iftex 2022/02/03 v1.0f TeX engine tests
))
\Gm@cnth=\count270
\Gm@cntv=\count271
\c@Gm@tempcnt=\count272
\Gm@bindingoffset=\dimen153
\Gm@wd@mp=\dimen154
\Gm@odd@mp=\dimen155
\Gm@even@mp=\dimen156
\Gm@layoutwidth=\dimen157
\Gm@layoutheight=\dimen158
\Gm@layouthoffset=\dimen159
\Gm@layoutvoffset=\dimen160
\Gm@dimlist=\toks22
 (C:\Program Files\MiKTeX 2.9\tex/latex/geometry\geometry.cfg)) (G7-32.sty
Package: G7-32 2003/07/07 v1.00 Titles for GOST 7.32-2001
)) (doc-spec/constants_id.tex) (doc-spec/preamble_common.tex
(C:\Program Files\MiKTeX 2.9\tex/latex/amsmath\amsmath.sty
Package: amsmath 2022/04/08 v2.17n AMS math features
\@mathmargin=\skip68

For additional information on amsmath, use the `?' option.
(C:\Program Files\MiKTeX 2.9\tex/latex/amsmath\amstext.sty
Package: amstext 2021/08/26 v2.01 AMS text
 (C:\Program Files\MiKTeX 2.9\tex/latex/amsmath\amsgen.sty
File: amsgen.sty 1999/11/30 v2.0 generic functions
\@emptytoks=\toks23
\ex@=\dimen161
))
(C:\Program Files\MiKTeX 2.9\tex/latex/amsmath\amsbsy.sty
Package: amsbsy 1999/11/29 v1.2d Bold Symbols
\pmbraise@=\dimen162
) (C:\Program Files\MiKTeX 2.9\tex/latex/amsmath\amsopn.sty
Package: amsopn 2022/04/08 v2.04 operator names
)
\inf@bad=\count273
LaTeX Info: Redefining \frac on input line 234.
\uproot@=\count274
\leftroot@=\count275
LaTeX Info: Redefining \overline on input line 399.
LaTeX Info: Redefining \colon on input line 410.
\classnum@=\count276
\DOTSCASE@=\count277
LaTeX Info: Redefining \ldots on input line 496.
LaTeX Info: Redefining \dots on input line 499.
LaTeX Info: Redefining \cdots on input line 620.
\Mathstrutbox@=\box56
\strutbox@=\box57
LaTeX Info: Redefining \big on input line 722.
LaTeX Info: Redefining \Big on input line 723.
LaTeX Info: Redefining \bigg on input line 724.
LaTeX Info: Redefining \Bigg on input line 725.
\big@size=\dimen163
LaTeX Font Info:    Redeclaring font encoding OML on input line 743.
\symOMLletters=\mathgroup7
LaTeX Font Info:    Redeclaring font encoding OMS on input line 744.
\symOMSletters=\mathgroup8
\macc@depth=\count278
LaTeX Info: Redefining \bmod on input line 905.
LaTeX Info: Redefining \pmod on input line 910.
LaTeX Info: Redefining \smash on input line 940.
LaTeX Info: Redefining \relbar on input line 970.
LaTeX Info: Redefining \Relbar on input line 971.
\c@MaxMatrixCols=\count279
\dotsspace@=\muskip16
\c@parentequation=\count280
\dspbrk@lvl=\count281
\tag@help=\toks24
\row@=\count282
\column@=\count283
\maxfields@=\count284
\andhelp@=\toks25
\eqnshift@=\dimen164
\alignsep@=\dimen165
\tagshift@=\dimen166
\tagwidth@=\dimen167
\totwidth@=\dimen168
\lineht@=\dimen169
\@envbody=\toks26
\multlinegap=\skip69
\multlinetaggap=\skip70
\mathdisplay@stack=\toks27
LaTeX Info: Redefining \[ on input line 2953.
LaTeX Info: Redefining \] on input line 2954.
)
(C:\Program Files\MiKTeX 2.9\tex/latex/base\fontenc.sty
Package: fontenc 2021/04/29 v2.0v Standard LaTeX package
) (C:\Program Files\MiKTeX 2.9\tex/latex/float\float.sty
Package: float 2001/11/08 v1.3d Float enhancements (AL)
\c@float@type=\count285
\float@exts=\toks28
\float@box=\box58
\@float@everytoks=\toks29
\@floatcapt=\box59
)
(C:\Program Files\MiKTeX 2.9\tex/latex/graphics\rotating.sty
Package: rotating 2016/08/11 v2.16d rotated objects in LaTeX

(C:\Program Files\MiKTeX 2.9\tex/latex/graphics\graphicx.sty
Package: graphicx 2021/09/16 v1.2d Enhanced LaTeX Graphics (DPC,SPQR)

(C:\Program Files\MiKTeX 2.9\tex/latex/graphics\graphics.sty
Package: graphics 2022/03/10 v1.4e Standard LaTeX Graphics (DPC,SPQR)
 (C:\Program Files\MiKTeX 2.9\tex/latex/graphics\trig.sty
Package: trig 2021/08/11 v1.11 sin cos tan (DPC)
)
(C:\Program Files\MiKTeX 2.9\tex/latex/graphics-cfg\graphics.cfg
File: graphics.cfg 2016/06/04 v1.11 sample graphics configuration
)
Package graphics Info: Driver file: pdftex.def on input line 107.

(C:\Program Files\MiKTeX 2.9\tex/latex/graphics-def\pdftex.def
File: pdftex.def 2022/09/22 v1.2b Graphics/color driver for pdftex
))
\Gin@req@height=\dimen170
\Gin@req@width=\dimen171
) (C:\Program Files\MiKTeX 2.9\tex/latex/base\ifthen.sty
Package: ifthen 2022/04/13 v1.1d Standard LaTeX ifthen package (DPC)
)
\c@r@tfl@t=\count286
\rotFPtop=\skip71
\rotFPbot=\skip72
\rot@float@box=\box60
\rot@mess@toks=\toks30
) (C:\Program Files\MiKTeX 2.9\tex/latex/multirow\multirow.sty
Package: multirow 2021/03/15 v2.8 Span multiple rows of a table
\multirow@colwidth=\skip73
\multirow@cntb=\count287
\multirow@dima=\skip74
\bigstrutjot=\dimen172
)
(C:\Program Files\MiKTeX 2.9\tex/latex/pdflscape\pdflscape.sty
Package: pdflscape 2022-10-27 v0.13 Display of landscape pages in PDF

(C:\Program Files\MiKTeX 2.9\tex/latex/pdflscape\pdflscape-nometadata.sty
Package: pdflscape-nometadata 2022-10-28 v0.13 Display of landscape pages in PDF (HO)

(C:\Program Files\MiKTeX 2.9\tex/latex/graphics\lscape.sty
Package: lscape 2020/05/28 v3.02 Landscape Pages (DPC)
)
Package pdflscape Info: Auto-detected driver: pdftex on input line 81.
)) (C:\Program Files\MiKTeX 2.9\tex/latex/tools\bm.sty
Package: bm 2022/01/05 v1.2f Bold Symbol Support (DPC/FMi)
\symboldoperators=\mathgroup9
\symboldletters=\mathgroup10
\symboldsymbols=\mathgroup11
Package bm Info: No bold for \OMX/cmex/m/n, using \pmb.
Package bm Info: No bold for \T2A/cmr/m/up, using \pmb.
Package bm Info: No bold for \U/msa/m/n, using \pmb.
Package bm Info: No bold for \U/msb/m/n, using \pmb.
Package bm Info: No bold for \OML/cmr/m/up, using \pmb.
Package bm Info: No bold for \OMS/cmr/m/up, using \pmb.
LaTeX Font Info:    Redeclaring math alphabet \mathbf on input line 149.
)
(C:\Program Files\MiKTeX 2.9\tex/latex/tools\array.sty
Package: array 2022/03/10 v2.5f Tabular extension package (FMi)
\col@sep=\dimen173
\ar@mcellbox=\box61
\extrarowheight=\dimen174
\NC@list=\toks31
\extratabsurround=\skip75
\backup@length=\skip76
\ar@cellbox=\box62
) (C:\Program Files\MiKTeX 2.9\tex/latex/tools\multicol.sty
Package: multicol 2021/11/30 v1.9d multicolumn formatting (FMi)
\c@tracingmulticols=\count288
\mult@box=\box63
\multicol@leftmargin=\dimen175
\c@unbalance=\count289
\c@collectmore=\count290
\doublecol@number=\count291
\multicoltolerance=\count292
\multicolpretolerance=\count293
\full@width=\dimen176
\page@free=\dimen177
\premulticols=\dimen178
\postmulticols=\dimen179
\multicolsep=\skip77
\multicolbaselineskip=\skip78
\partial@page=\box64
\last@line=\box65
\maxbalancingoverflow=\dimen180
\mult@rightbox=\box66
\mult@grightbox=\box67
\mult@firstbox=\box68
\mult@gfirstbox=\box69
\@tempa=\box70
\@tempa=\box71
\@tempa=\box72
\@tempa=\box73
\@tempa=\box74
\@tempa=\box75
\@tempa=\box76
\@tempa=\box77
\@tempa=\box78
\@tempa=\box79
\@tempa=\box80
\@tempa=\box81
\@tempa=\box82
\@tempa=\box83
\@tempa=\box84
\@tempa=\box85
\@tempa=\box86
\@tempa=\box87
\@tempa=\box88
\@tempa=\box89
\@tempa=\box90
\@tempa=\box91
\@tempa=\box92
\@tempa=\box93
\@tempa=\box94
\@tempa=\box95
\@tempa=\box96
\@tempa=\box97
\@tempa=\box98
\@tempa=\box99
\@tempa=\box100
\@tempa=\box101
\@tempa=\box102
\@tempa=\box103
\@tempa=\box104
\@tempa=\box105
\c@minrows=\count294
\c@columnbadness=\count295
\c@finalcolumnbadness=\count296
\last@try=\dimen181
\multicolovershoot=\dimen182
\multicolundershoot=\dimen183
\mult@nat@firstbox=\box106
\colbreak@box=\box107
\mc@col@check@num=\count297
)
(C:\Program Files\MiKTeX 2.9\tex/latex/relsize\relsize.sty
Package: relsize 2013/03/29 ver 4.1
) (C:\Program Files\MiKTeX 2.9\tex/latex/booktabs\booktabs.sty
Package: booktabs 2020/01/12 v1.61803398 Publication quality tables
\heavyrulewidth=\dimen184
\lightrulewidth=\dimen185
\cmidrulewidth=\dimen186
\belowrulesep=\dimen187
\belowbottomsep=\dimen188
\aboverulesep=\dimen189
\abovetopsep=\dimen190
\cmidrulesep=\dimen191
\cmidrulekern=\dimen192
\defaultaddspace=\dimen193
\@cmidla=\count298
\@cmidlb=\count299
\@aboverulesep=\dimen194
\@belowrulesep=\dimen195
\@thisruleclass=\count300
\@lastruleclass=\count301
\@thisrulewidth=\dimen196
) (C:\Program Files\MiKTeX 2.9\tex/latex/ulem\ulem.sty
\UL@box=\box108
\UL@hyphenbox=\box109
\UL@skip=\skip79
\UL@hook=\toks32
\UL@height=\dimen197
\UL@pe=\count302
\UL@pixel=\dimen198
\ULC@box=\box110
Package: ulem 2019/11/18
\ULdepth=\dimen199
) (C:\Program Files\MiKTeX 2.9\tex/latex/gitinfo2\gitinfo2.sty
Package: gitinfo2 2015/11/22 v2.0.7 git revision information

(C:\Program Files\MiKTeX 2.9\tex/latex/etoolbox\etoolbox.sty
Package: etoolbox 2020/10/05 v2.5k e-TeX tools for LaTeX (JAW)
\etb@tempcnta=\count303
) (C:\Program Files\MiKTeX 2.9\tex/latex/xstring\xstring.sty (C:\Program Files\MiKTeX 2.9\tex/generic/xstring\xstring.te
x
\integerpart=\count304
\decimalpart=\count305
)
Package: xstring 2021/07/21 v1.84 String manipulations (CT)
)
(C:\Program Files\MiKTeX 2.9\tex/latex/kvoptions\kvoptions.sty
Package: kvoptions 2022-06-15 v3.15 Key value format for package options (HO)

(C:\Program Files\MiKTeX 2.9\tex/generic/ltxcmds\ltxcmds.sty
Package: ltxcmds 2020-05-10 v1.25 LaTeX kernel commands for general use (HO)
)
(C:\Program Files\MiKTeX 2.9\tex/latex/kvsetkeys\kvsetkeys.sty
Package: kvsetkeys 2022-10-05 v1.19 Key value parser (HO)
))
(C:\Program Files\MiKTeX 2.9\tex/latex/eso-pic\eso-pic.sty
Package: eso-pic 2020/10/14 v3.0a eso-pic (RN)
\ESO@tempdima=\dimen256
\ESO@tempdimb=\dimen257
 (C:\Program Files\MiKTeX 2.9\tex/latex/xcolor\xcolor.sty
Package: xcolor 2022/06/12 v2.14 LaTeX color extensions (UK)

(C:\Program Files\MiKTeX 2.9\tex/latex/graphics-cfg\color.cfg
File: color.cfg 2016/01/02 v1.6 sample color configuration
)
Package xcolor Info: Driver file: pdftex.def on input line 227.

(C:\Program Files\MiKTeX 2.9\tex/latex/graphics\mathcolor.ltx)
Package xcolor Info: Model `cmy' substituted by `cmy0' on input line 1353.
Package xcolor Info: Model `hsb' substituted by `rgb' on input line 1357.
Package xcolor Info: Model `RGB' extended on input line 1369.
Package xcolor Info: Model `HTML' substituted by `rgb' on input line 1371.
Package xcolor Info: Model `Hsb' substituted by `hsb' on input line 1372.
Package xcolor Info: Model `tHsb' substituted by `hsb' on input line 1373.
Package xcolor Info: Model `HSB' substituted by `hsb' on input line 1374.
Package xcolor Info: Model `Gray' substituted by `gray' on input line 1375.
Package xcolor Info: Model `wave' substituted by `hsb' on input line 1376.
))
Package gitinfo2 Info: gitinfo2 found : ../../.git/gitHeadInfo.gin
(gitinfo2)              on input line 128.
 (../../.git/gitHeadInfo.gin)
(C:\Program Files\MiKTeX 2.9\tex/latex/gitinfo2\gitexinfo.sty
Package: gitexinfo 2015/11/22 v2.0.7 Auxiliary package for gitinfo2
))
(C:\Program Files\MiKTeX 2.9\tex/latex/hyperxmp\hyperxmp.sty
Package: hyperxmp 2020/11/22 v5.9 Store hyperref metadata in XMP format
\hyxmp@aep@toks=\toks33

(C:\Program Files\MiKTeX 2.9\tex/generic/pdfescape\pdfescape.sty
Package: pdfescape 2019/12/09 v1.15 Implements pdfTeX's escape features (HO)

(C:\Program Files\MiKTeX 2.9\tex/generic/pdftexcmds\pdftexcmds.sty
Package: pdftexcmds 2020-06-27 v0.33 Utility functions of pdfTeX for LuaTeX (HO)

(C:\Program Files\MiKTeX 2.9\tex/generic/infwarerr\infwarerr.sty
Package: infwarerr 2019/12/03 v1.5 Providing info/warning/error messages (HO)
)
Package pdftexcmds Info: \pdf@primitive is available.
Package pdftexcmds Info: \pdf@ifprimitive is available.
Package pdftexcmds Info: \pdfdraftmode found.
))
(C:\Program Files\MiKTeX 2.9\tex/generic/stringenc\stringenc.sty
Package: stringenc 2019/11/29 v1.12 Convert strings between diff. encodings (HO)
)
(C:\Program Files\MiKTeX 2.9\tex/generic/intcalc\intcalc.sty
Package: intcalc 2019/12/15 v1.3 Expandable calculations with integers (HO)
) (C:\Program Files\MiKTeX 2.9\tex/latex/ifmtarg\ifmtarg.sty
Package: ifmtarg 2018/04/16 v1.2b check for an empty argument
) (C:\Program Files\MiKTeX 2.9\tex/latex/oberdiek\ifdraft.sty
Package: ifdraft 2016/05/16 v1.4 Detect class options draft and final (HO)
)
(C:\Program Files\MiKTeX 2.9\tex/latex/totpages\totpages.sty
Package: totpages 2005/09/19 v2.00 Totpages Package (muewi)

(C:\Program Files\MiKTeX 2.9\tex/latex/everyshi\everyshi.sty
Package: everyshi 2020/11/18 v4.00 EveryShipout Package
))
(C:\Program Files\MiKTeX 2.9\tex/generic/iftex\ifluatex.sty
Package: ifluatex 2019/10/25 v1.5 ifluatex legacy package. Use iftex instead.
))
(C:\Program Files\MiKTeX 2.9\tex/latex/hyperref\hyperref.sty
Package: hyperref 2022-11-13 v7.00u Hypertext links for LaTeX

(C:\Program Files\MiKTeX 2.9\tex/generic/kvdefinekeys\kvdefinekeys.sty
Package: kvdefinekeys 2019-12-19 v1.6 Define keys (HO)
)
(C:\Program Files\MiKTeX 2.9\tex/latex/hycolor\hycolor.sty
Package: hycolor 2020-01-27 v1.10 Color options for hyperref/bookmark (HO)
)
(C:\Program Files\MiKTeX 2.9\tex/latex/letltxmacro\letltxmacro.sty
Package: letltxmacro 2019/12/03 v1.6 Let assignment for LaTeX macros (HO)
)
(C:\Program Files\MiKTeX 2.9\tex/latex/auxhook\auxhook.sty
Package: auxhook 2019-12-17 v1.6 Hooks for auxiliary files (HO)
) (C:\Program Files\MiKTeX 2.9\tex/latex/hyperref\nameref.sty
Package: nameref 2022-05-17 v2.50 Cross-referencing by name of section

(C:\Program Files\MiKTeX 2.9\tex/latex/refcount\refcount.sty
Package: refcount 2019/12/15 v3.6 Data extraction from label references (HO)
)
(C:\Program Files\MiKTeX 2.9\tex/generic/gettitlestring\gettitlestring.sty
Package: gettitlestring 2019/12/15 v1.6 Cleanup title references (HO)
)
\c@section@level=\count306
)
\@linkdim=\dimen258
\Hy@linkcounter=\count307
\Hy@pagecounter=\count308

(C:\Program Files\MiKTeX 2.9\tex/latex/hyperref\pd1enc.def
File: pd1enc.def 2022-11-13 v7.00u Hyperref: PDFDocEncoding definition (HO)
Now handling font encoding PD1 ...
... no UTF-8 mapping file for font encoding PD1
\symPD1letters=\mathgroup12
)
(C:\Program Files\MiKTeX 2.9\tex/generic/etexcmds\etexcmds.sty
Package: etexcmds 2019/12/15 v1.7 Avoid name clashes with e-TeX commands (HO)
)
\Hy@SavedSpaceFactor=\count309

(C:\Program Files\MiKTeX 2.9\tex/latex/hyperref\puenc.def
File: puenc.def 2022-11-13 v7.00u Hyperref: PDF Unicode definition (HO)
Now handling font encoding PU ...
... no UTF-8 mapping file for font encoding PU
\symPUletters=\mathgroup13
)
Package hyperref Info: Option `unicode' set `true' on input line 3149.
Package hyperref Info: Hyper figures OFF on input line 4162.
Package hyperref Info: Link nesting OFF on input line 4167.
Package hyperref Info: Hyper index ON on input line 4170.
Package hyperref Info: Plain pages OFF on input line 4177.
Package hyperref Info: Backreferencing OFF on input line 4182.
Package hyperref Info: Implicit mode ON; LaTeX internals redefined.
Package hyperref Info: Bookmarks ON on input line 4410.
\c@Hy@tempcnt=\count310
 (C:\Program Files\MiKTeX 2.9\tex/latex/url\url.sty
\Urlmuskip=\muskip17
Package: url 2013/09/16  ver 3.4  Verb mode for urls, etc.
)
LaTeX Info: Redefining \url on input line 4748.
\XeTeXLinkMargin=\dimen259

(C:\Program Files\MiKTeX 2.9\tex/generic/bitset\bitset.sty
Package: bitset 2019/12/09 v1.3 Handle bit-vector datatype (HO)

(C:\Program Files\MiKTeX 2.9\tex/generic/bigintcalc\bigintcalc.sty
Package: bigintcalc 2019/12/15 v1.5 Expandable calculations on big integers (HO)
))
\Fld@menulength=\count311
\Field@Width=\dimen260
\Fld@charsize=\dimen261
Package hyperref Info: Hyper figures OFF on input line 6027.
Package hyperref Info: Link nesting OFF on input line 6032.
Package hyperref Info: Hyper index ON on input line 6035.
Package hyperref Info: backreferencing OFF on input line 6042.
Package hyperref Info: Link coloring OFF on input line 6047.
Package hyperref Info: Link coloring with OCG OFF on input line 6052.
Package hyperref Info: PDF/A mode OFF on input line 6057.

(C:\Program Files\MiKTeX 2.9\tex/latex/base\atbegshi-ltx.sty
Package: atbegshi-ltx 2021/01/10 v1.0c Emulation of the original atbegshi
package with kernel methods
)
\Hy@abspage=\count312
\c@Item=\count313
\c@Hfootnote=\count314
)
Package hyperref Info: Driver (autodetected): hpdftex.

(C:\Program Files\MiKTeX 2.9\tex/latex/hyperref\hpdftex.def
File: hpdftex.def 2022-11-13 v7.00u Hyperref driver for pdfTeX

(C:\Program Files\MiKTeX 2.9\tex/latex/base\atveryend-ltx.sty
Package: atveryend-ltx 2020/08/19 v1.0a Emulation of the original atveryend package
with kernel methods
)
\Fld@listcount=\count315
\c@bookmark@seq@number=\count316

(C:\Program Files\MiKTeX 2.9\tex/latex/rerunfilecheck\rerunfilecheck.sty
Package: rerunfilecheck 2022-07-10 v1.10 Rerun checks for auxiliary files (HO)

(C:\Program Files\MiKTeX 2.9\tex/generic/uniquecounter\uniquecounter.sty
Package: uniquecounter 2019/12/15 v1.4 Provide unlimited unique counter (HO)
)
Package uniquecounter Info: New unique counter `rerunfilecheck' on input line 285.
)
\Hy@SectionHShift=\skip80
)

Package hyperref Warning: Option `bookmarks' has already been used,
(hyperref)                setting the option has no effect on input line 63.

Package hyperref Info: Option `pdftoolbar' set `true' on input line 63.
Package hyperref Info: Option `pdfmenubar' set `true' on input line 63.
Package hyperref Info: Option `pdffitwindow' set `false' on input line 63.
Package hyperref Info: Option `pdfnewwindow' set `true' on input line 63.
Package hyperref Info: Option `colorlinks' set `true' on input line 63.
(C:\Program Files\MiKTeX 2.9\tex/latex/tools\xspace.sty
Package: xspace 2014/10/28 v1.13 Space after command names (DPC,MH)
)
(C:\Program Files\MiKTeX 2.9\tex/latex/glossaries/base\glossaries.sty
Package: glossaries 2022/11/03 v4.52 (NLCT)

(C:\Program Files\MiKTeX 2.9\tex/latex/xkeyval\xkeyval.sty
Package: xkeyval 2022/06/16 v2.9 package option processing (HA)
 (C:\Program Files\MiKTeX 2.9\tex/generic/xkeyval\xkeyval.tex
(C:\Program Files\MiKTeX 2.9\tex/generic/xkeyval\xkvutils.tex
\XKV@toks=\toks34
\XKV@tempa@toks=\toks35
)
\XKV@depth=\count317
File: xkeyval.tex 2014/12/03 v2.7a key=value parser (HA)
))
(C:\Program Files\MiKTeX 2.9\tex/latex/mfirstuc\mfirstuc.sty
Package: mfirstuc 2022/10/14 v2.08 (NLCT)
\@glsmfirst=\toks36
\@glsmrest=\toks37
) (C:\Program Files\MiKTeX 2.9\tex/latex/xfor\xfor.sty
Package: xfor 2009/02/05 v1.05 (NLCT)
)
(C:\Program Files\MiKTeX 2.9\tex/latex/datatool\datatool-base.sty
Package: datatool-base 2019/09/27 v2.32 (NLCT)

(C:\Program Files\MiKTeX 2.9\tex/latex/substr\substr.sty
Package: substr 2009/10/20 v1.2 Handle substrings
\c@su@anzahl=\count318
)
(C:\Program Files\MiKTeX 2.9\tex/latex/datatool\datatool-fp.sty
Package: datatool-fp 2019/09/27 v2.32 (NLCT)
 (C:\Program Files\MiKTeX 2.9\tex/latex/fp\fp.sty
Package: fp 1995/04/02

`Fixed Point Package', Version 0.8, April 2, 1995 (C) Michael Mehlich
(C:\Program Files\MiKTeX 2.9\tex/latex/fp\defpattern.sty
Package: defpattern 1994/10/12
\actioncount=\count319
) (C:\Program Files\MiKTeX 2.9\tex/latex/fp\fp-basic.sty
Package: fp-basic 1996/05/13
\FP@xs=\count320
\FP@xia=\count321
\FP@xib=\count322
\FP@xfa=\count323
\FP@xfb=\count324
\FP@rega=\count325
\FP@regb=\count326
\FP@regs=\count327
\FP@times=\count328
)
(C:\Program Files\MiKTeX 2.9\tex/latex/fp\fp-addons.sty
Package: fp-addons 1995/03/15
) (C:\Program Files\MiKTeX 2.9\tex/latex/fp\fp-snap.sty
Package: fp-snap 1995/04/05
)
(C:\Program Files\MiKTeX 2.9\tex/latex/fp\fp-exp.sty
Package: fp-exp 1995/04/03
) (C:\Program Files\MiKTeX 2.9\tex/latex/fp\fp-trigo.sty
Package: fp-trigo 1995/04/14
)
(C:\Program Files\MiKTeX 2.9\tex/latex/fp\fp-pas.sty
Package: fp-pas 1994/08/29
) (C:\Program Files\MiKTeX 2.9\tex/latex/fp\fp-random.sty
Package: fp-random 1995/02/23
\FPseed=\count329
)
(C:\Program Files\MiKTeX 2.9\tex/latex/fp\fp-eqn.sty
Package: fp-eqn 1995/04/03
) (C:\Program Files\MiKTeX 2.9\tex/latex/fp\fp-upn.sty
Package: fp-upn 1996/10/21
)
(C:\Program Files\MiKTeX 2.9\tex/latex/fp\fp-eval.sty
Package: fp-eval 1995/04/03
)))
\@dtl@toks=\toks38
\@dtl@tmpcount=\count330
\dtl@tmplength=\skip81
\dtl@sortresult=\count331
\@dtl@numgrpsepcount=\count332
\@dtl@datatype=\count333
\dtl@codeA=\count334
\dtl@codeB=\count335
\@dtl@foreach@level=\count336
) (C:\Program Files\MiKTeX 2.9\tex/latex/tracklang\tracklang.sty
Package: tracklang 2022/12/13 v1.6.1 (NLCT) Track Languages
(C:\Program Files\MiKTeX 2.9\tex/generic/tracklang\tracklang.tex))

Package glossaries Warning: No language module detected for `russian'.
(glossaries)                Language modules need to be installed separately.
(glossaries)                Please check on CTAN for a bundle called
(glossaries)                `glossaries-russian' or similar.

(C:\Program Files\MiKTeX 2.9\tex/latex/glossaries-english\glossaries-english.ldf
File: glossaries-english.ldf 2014/11/23 v1.0
)
\gls@level=\count337
\@gls@tmpb=\toks39
\gls@tmplen=\skip82
\glskeylisttok=\toks40
\glslabeltok=\toks41
\glsshorttok=\toks42
\glslongtok=\toks43

(C:\Program Files\MiKTeX 2.9\tex/latex/glossaries/styles\glossary-hypernav.sty
Package: glossary-hypernav 2022/11/03 v4.52 (NLCT)
)
(C:\Program Files\MiKTeX 2.9\tex/latex/glossaries/styles\glossary-list.sty
Package: glossary-list 2022/11/03 v4.52 (NLCT)
\glslistdottedwidth=\skip83
)
(C:\Program Files\MiKTeX 2.9\tex/latex/glossaries/styles\glossary-long.sty
Package: glossary-long 2022/11/03 v4.52 (NLCT)
\glsdescwidth=\skip84
\glspagelistwidth=\skip85
)
(C:\Program Files\MiKTeX 2.9\tex/latex/glossaries/styles\glossary-super.sty
Package: glossary-super 2022/11/03 v4.52 (NLCT)

(C:\Program Files\MiKTeX 2.9\tex/latex/supertabular\supertabular.sty
Package: supertabular 2020/02/02 v4.1g the supertabular environment
\c@tracingst=\count338
\ST@wd=\dimen262
\ST@rightskip=\skip86
\ST@leftskip=\skip87
\ST@parfillskip=\skip88
\ST@pageleft=\dimen263
\ST@headht=\dimen264
\ST@tailht=\dimen265
\ST@pagesofar=\dimen266
\ST@pboxht=\dimen267
\ST@lineht=\dimen268
\ST@prevht=\dimen269
\ST@toadd=\dimen270
\ST@dimen=\dimen271
\ST@pbox=\box111
))
(C:\Program Files\MiKTeX 2.9\tex/latex/glossaries/styles\glossary-tree.sty
Package: glossary-tree 2022/11/03 v4.52 (NLCT)
\glstreeindent=\skip89
))
(C:\Program Files\MiKTeX 2.9\tex/latex/glossaries-extra\glossaries-extra.sty
Package: glossaries-extra 2022/11/08 v1.50 (NLCT)
\@glsxtr@leveloffset=\count339
\glsxtrresourcecount=\count340
\@glsxtrnewgls@inner=\count341
\glsshortpltok=\toks44
\glslongpltok=\toks45

(C:\Program Files\MiKTeX 2.9\tex/latex/glossaries-extra\glossaries-extra-abbrstyles.def
File: glossaries-extra-abbrstyles.def 2022/06/16 v1.48b (NLCT)
)
\mglselementindex=\count342
)
runsystem(makeindex -s cpxsln_rpt_prj_YYYY_Group_SurnameNS.ist -t cpxsln_rpt_prj_YYYY_Group_SurnameNS.glg -o cpxsln_rpt_
prj_YYYY_Group_SurnameNS.gls cpxsln_rpt_prj_YYYY_Group_SurnameNS.glo)...executed safely (allowed).

runsystem(makeindex -s cpxsln_rpt_prj_YYYY_Group_SurnameNS.ist -t cpxsln_rpt_prj_YYYY_Group_SurnameNS.glg-abr -o cpxsln_
rpt_prj_YYYY_Group_SurnameNS.gls-abr cpxsln_rpt_prj_YYYY_Group_SurnameNS.glo-abr)...executed safely (allowed).

\glswrite=\write3
\glo@main@file=\write4
\openout4 = `cpxsln_rpt_prj_YYYY_Group_SurnameNS.glo'.

Package glossaries Info: Writing glossary file cpxsln_rpt_prj_YYYY_Group_SurnameNS.glo on input line 73.
\glo@abbreviations@file=\write5
\openout5 = `cpxsln_rpt_prj_YYYY_Group_SurnameNS.glo-abr'.

Package glossaries Info: Writing glossary file cpxsln_rpt_prj_YYYY_Group_SurnameNS.glo-abr on input line 73.

(C:\Program Files\MiKTeX 2.9\tex/latex/paralist\paralist.sty
Package: paralist 2017/01/22 v2.7 Extended list environments
\pltopsep=\skip90
\plpartopsep=\skip91
\plitemsep=\skip92
\plparsep=\skip93
\pl@lab=\toks46
)
(C:\Program Files\MiKTeX 2.9\tex/latex/pdfpages\pdfpages.sty
Package: pdfpages 2022/10/09 v0.5w Insert pages of external PDF documents (AM)
 (C:\Program Files\MiKTeX 2.9\tex/latex/tools\calc.sty
Package: calc 2017/05/25 v4.3 Infix arithmetic (KKT,FJ)
\calc@Acount=\count343
\calc@Bcount=\count344
\calc@Adimen=\dimen272
\calc@Bdimen=\dimen273
\calc@Askip=\skip94
\calc@Bskip=\skip95
LaTeX Info: Redefining \setlength on input line 80.
LaTeX Info: Redefining \addtolength on input line 81.
\calc@Ccount=\count345
\calc@Cskip=\skip96
)
\AM@pagewidth=\dimen274
\AM@pageheight=\dimen275
\AM@fboxrule=\dimen276

(C:\Program Files\MiKTeX 2.9\tex/latex/pdfpages\pppdftex.def
File: pppdftex.def 2022/10/09 v0.5w Pdfpages driver for pdfTeX (AM)
)
\pdfpages@includegraphics@status=\count346
\AM@pagebox=\box112
\AM@global@opts=\toks47
\AM@pagecnt=\count347
\AM@toc@title=\toks48
\c@AM@survey=\count348
\AM@templatesizebox=\box113
)
(C:\Program Files\MiKTeX 2.9\tex/latex/pgf/frontendlayer\tikz.sty
(C:\Program Files\MiKTeX 2.9\tex/latex/pgf/basiclayer\pgf.sty
(C:\Program Files\MiKTeX 2.9\tex/latex/pgf/utilities\pgfrcs.sty
(C:\Program Files\MiKTeX 2.9\tex/generic/pgf/utilities\pgfutil-common.tex
\pgfutil@everybye=\toks49
\pgfutil@tempdima=\dimen277
\pgfutil@tempdimb=\dimen278

(C:\Program Files\MiKTeX 2.9\tex/generic/pgf/utilities\pgfutil-common-lists.tex))
(C:\Program Files\MiKTeX 2.9\tex/generic/pgf/utilities\pgfutil-latex.def
\pgfutil@abb=\box114
)
(C:\Program Files\MiKTeX 2.9\tex/generic/pgf/utilities\pgfrcs.code.tex
(C:\Program Files\MiKTeX 2.9\tex/generic/pgf\pgf.revision.tex)
Package: pgfrcs 2021/05/15 v3.1.9a (3.1.9a)
))
Package: pgf 2021/05/15 v3.1.9a (3.1.9a)

(C:\Program Files\MiKTeX 2.9\tex/latex/pgf/basiclayer\pgfcore.sty
(C:\Program Files\MiKTeX 2.9\tex/latex/pgf/systemlayer\pgfsys.sty
(C:\Program Files\MiKTeX 2.9\tex/generic/pgf/systemlayer\pgfsys.code.tex
Package: pgfsys 2021/05/15 v3.1.9a (3.1.9a)

(C:\Program Files\MiKTeX 2.9\tex/generic/pgf/utilities\pgfkeys.code.tex
\pgfkeys@pathtoks=\toks50
\pgfkeys@temptoks=\toks51

(C:\Program Files\MiKTeX 2.9\tex/generic/pgf/utilities\pgfkeysfiltered.code.tex
\pgfkeys@tmptoks=\toks52
))
\pgf@x=\dimen279
\pgf@y=\dimen280
\pgf@xa=\dimen281
\pgf@ya=\dimen282
\pgf@xb=\dimen283
\pgf@yb=\dimen284
\pgf@xc=\dimen285
\pgf@yc=\dimen286
\pgf@xd=\dimen287
\pgf@yd=\dimen288
\w@pgf@writea=\write6
\r@pgf@reada=\read3
\c@pgf@counta=\count349
\c@pgf@countb=\count350
\c@pgf@countc=\count351
\c@pgf@countd=\count352
\t@pgf@toka=\toks53
\t@pgf@tokb=\toks54
\t@pgf@tokc=\toks55
\pgf@sys@id@count=\count353

(C:\Program Files\MiKTeX 2.9\tex/generic/pgf/systemlayer\pgf.cfg
File: pgf.cfg 2021/05/15 v3.1.9a (3.1.9a)
)
Driver file for pgf: pgfsys-pdftex.def

(C:\Program Files\MiKTeX 2.9\tex/generic/pgf/systemlayer\pgfsys-pdftex.def
File: pgfsys-pdftex.def 2021/05/15 v3.1.9a (3.1.9a)

(C:\Program Files\MiKTeX 2.9\tex/generic/pgf/systemlayer\pgfsys-common-pdf.def
File: pgfsys-common-pdf.def 2021/05/15 v3.1.9a (3.1.9a)
)))
(C:\Program Files\MiKTeX 2.9\tex/generic/pgf/systemlayer\pgfsyssoftpath.code.tex
File: pgfsyssoftpath.code.tex 2021/05/15 v3.1.9a (3.1.9a)
\pgfsyssoftpath@smallbuffer@items=\count354
\pgfsyssoftpath@bigbuffer@items=\count355
)
(C:\Program Files\MiKTeX 2.9\tex/generic/pgf/systemlayer\pgfsysprotocol.code.tex
File: pgfsysprotocol.code.tex 2021/05/15 v3.1.9a (3.1.9a)
))
(C:\Program Files\MiKTeX 2.9\tex/generic/pgf/basiclayer\pgfcore.code.tex
Package: pgfcore 2021/05/15 v3.1.9a (3.1.9a)

(C:\Program Files\MiKTeX 2.9\tex/generic/pgf/math\pgfmath.code.tex
(C:\Program Files\MiKTeX 2.9\tex/generic/pgf/math\pgfmathcalc.code.tex
(C:\Program Files\MiKTeX 2.9\tex/generic/pgf/math\pgfmathutil.code.tex)
(C:\Program Files\MiKTeX 2.9\tex/generic/pgf/math\pgfmathparser.code.tex
\pgfmath@dimen=\dimen289
\pgfmath@count=\count356
\pgfmath@box=\box115
\pgfmath@toks=\toks56
\pgfmath@stack@operand=\toks57
\pgfmath@stack@operation=\toks58
)
(C:\Program Files\MiKTeX 2.9\tex/generic/pgf/math\pgfmathfunctions.code.tex
(C:\Program Files\MiKTeX 2.9\tex/generic/pgf/math\pgfmathfunctions.basic.code.tex)
(C:\Program Files\MiKTeX 2.9\tex/generic/pgf/math\pgfmathfunctions.trigonometric.code.tex)
(C:\Program Files\MiKTeX 2.9\tex/generic/pgf/math\pgfmathfunctions.random.code.tex)
(C:\Program Files\MiKTeX 2.9\tex/generic/pgf/math\pgfmathfunctions.comparison.code.tex)
(C:\Program Files\MiKTeX 2.9\tex/generic/pgf/math\pgfmathfunctions.base.code.tex)
(C:\Program Files\MiKTeX 2.9\tex/generic/pgf/math\pgfmathfunctions.round.code.tex)
(C:\Program Files\MiKTeX 2.9\tex/generic/pgf/math\pgfmathfunctions.misc.code.tex)
(C:\Program Files\MiKTeX 2.9\tex/generic/pgf/math\pgfmathfunctions.integerarithmetics.code.tex)))
(C:\Program Files\MiKTeX 2.9\tex/generic/pgf/math\pgfmathfloat.code.tex
\c@pgfmathroundto@lastzeros=\count357
))
(C:\Program Files\MiKTeX 2.9\tex/generic/pgf/math\pgfint.code.tex)
(C:\Program Files\MiKTeX 2.9\tex/generic/pgf/basiclayer\pgfcorepoints.code.tex
File: pgfcorepoints.code.tex 2021/05/15 v3.1.9a (3.1.9a)
\pgf@picminx=\dimen290
\pgf@picmaxx=\dimen291
\pgf@picminy=\dimen292
\pgf@picmaxy=\dimen293
\pgf@pathminx=\dimen294
\pgf@pathmaxx=\dimen295
\pgf@pathminy=\dimen296
\pgf@pathmaxy=\dimen297
\pgf@xx=\dimen298
\pgf@xy=\dimen299
\pgf@yx=\dimen300
\pgf@yy=\dimen301
\pgf@zx=\dimen302
\pgf@zy=\dimen303
)
(C:\Program Files\MiKTeX 2.9\tex/generic/pgf/basiclayer\pgfcorepathconstruct.code.tex
File: pgfcorepathconstruct.code.tex 2021/05/15 v3.1.9a (3.1.9a)
\pgf@path@lastx=\dimen304
\pgf@path@lasty=\dimen305
)
(C:\Program Files\MiKTeX 2.9\tex/generic/pgf/basiclayer\pgfcorepathusage.code.tex
File: pgfcorepathusage.code.tex 2021/05/15 v3.1.9a (3.1.9a)
\pgf@shorten@end@additional=\dimen306
\pgf@shorten@start@additional=\dimen307
)
(C:\Program Files\MiKTeX 2.9\tex/generic/pgf/basiclayer\pgfcorescopes.code.tex
File: pgfcorescopes.code.tex 2021/05/15 v3.1.9a (3.1.9a)
\pgfpic=\box116
\pgf@hbox=\box117
\pgf@layerbox@main=\box118
\pgf@picture@serial@count=\count358
)
(C:\Program Files\MiKTeX 2.9\tex/generic/pgf/basiclayer\pgfcoregraphicstate.code.tex
File: pgfcoregraphicstate.code.tex 2021/05/15 v3.1.9a (3.1.9a)
\pgflinewidth=\dimen308
)
(C:\Program Files\MiKTeX 2.9\tex/generic/pgf/basiclayer\pgfcoretransformations.code.tex
File: pgfcoretransformations.code.tex 2021/05/15 v3.1.9a (3.1.9a)
\pgf@pt@x=\dimen309
\pgf@pt@y=\dimen310
\pgf@pt@temp=\dimen311
)
(C:\Program Files\MiKTeX 2.9\tex/generic/pgf/basiclayer\pgfcorequick.code.tex
File: pgfcorequick.code.tex 2021/05/15 v3.1.9a (3.1.9a)
)
(C:\Program Files\MiKTeX 2.9\tex/generic/pgf/basiclayer\pgfcoreobjects.code.tex
File: pgfcoreobjects.code.tex 2021/05/15 v3.1.9a (3.1.9a)
)
(C:\Program Files\MiKTeX 2.9\tex/generic/pgf/basiclayer\pgfcorepathprocessing.code.tex
File: pgfcorepathprocessing.code.tex 2021/05/15 v3.1.9a (3.1.9a)
)
(C:\Program Files\MiKTeX 2.9\tex/generic/pgf/basiclayer\pgfcorearrows.code.tex
File: pgfcorearrows.code.tex 2021/05/15 v3.1.9a (3.1.9a)
\pgfarrowsep=\dimen312
)
(C:\Program Files\MiKTeX 2.9\tex/generic/pgf/basiclayer\pgfcoreshade.code.tex
File: pgfcoreshade.code.tex 2021/05/15 v3.1.9a (3.1.9a)
\pgf@max=\dimen313
\pgf@sys@shading@range@num=\count359
\pgf@shadingcount=\count360
)
(C:\Program Files\MiKTeX 2.9\tex/generic/pgf/basiclayer\pgfcoreimage.code.tex
File: pgfcoreimage.code.tex 2021/05/15 v3.1.9a (3.1.9a)

(C:\Program Files\MiKTeX 2.9\tex/generic/pgf/basiclayer\pgfcoreexternal.code.tex
File: pgfcoreexternal.code.tex 2021/05/15 v3.1.9a (3.1.9a)
\pgfexternal@startupbox=\box119
))
(C:\Program Files\MiKTeX 2.9\tex/generic/pgf/basiclayer\pgfcorelayers.code.tex
File: pgfcorelayers.code.tex 2021/05/15 v3.1.9a (3.1.9a)
)
(C:\Program Files\MiKTeX 2.9\tex/generic/pgf/basiclayer\pgfcoretransparency.code.tex
File: pgfcoretransparency.code.tex 2021/05/15 v3.1.9a (3.1.9a)
)
(C:\Program Files\MiKTeX 2.9\tex/generic/pgf/basiclayer\pgfcorepatterns.code.tex
File: pgfcorepatterns.code.tex 2021/05/15 v3.1.9a (3.1.9a)
)
(C:\Program Files\MiKTeX 2.9\tex/generic/pgf/basiclayer\pgfcorerdf.code.tex
File: pgfcorerdf.code.tex 2021/05/15 v3.1.9a (3.1.9a)
)))
(C:\Program Files\MiKTeX 2.9\tex/generic/pgf/modules\pgfmoduleshapes.code.tex
File: pgfmoduleshapes.code.tex 2021/05/15 v3.1.9a (3.1.9a)
\pgfnodeparttextbox=\box120
)
(C:\Program Files\MiKTeX 2.9\tex/generic/pgf/modules\pgfmoduleplot.code.tex
File: pgfmoduleplot.code.tex 2021/05/15 v3.1.9a (3.1.9a)
)
(C:\Program Files\MiKTeX 2.9\tex/latex/pgf/compatibility\pgfcomp-version-0-65.sty
Package: pgfcomp-version-0-65 2021/05/15 v3.1.9a (3.1.9a)
\pgf@nodesepstart=\dimen314
\pgf@nodesepend=\dimen315
)
(C:\Program Files\MiKTeX 2.9\tex/latex/pgf/compatibility\pgfcomp-version-1-18.sty
Package: pgfcomp-version-1-18 2021/05/15 v3.1.9a (3.1.9a)
))
(C:\Program Files\MiKTeX 2.9\tex/latex/pgf/utilities\pgffor.sty
(C:\Program Files\MiKTeX 2.9\tex/latex/pgf/utilities\pgfkeys.sty
(C:\Program Files\MiKTeX 2.9\tex/generic/pgf/utilities\pgfkeys.code.tex))
(C:\Program Files\MiKTeX 2.9\tex/latex/pgf/math\pgfmath.sty
(C:\Program Files\MiKTeX 2.9\tex/generic/pgf/math\pgfmath.code.tex))
(C:\Program Files\MiKTeX 2.9\tex/generic/pgf/utilities\pgffor.code.tex
Package: pgffor 2021/05/15 v3.1.9a (3.1.9a)

(C:\Program Files\MiKTeX 2.9\tex/generic/pgf/math\pgfmath.code.tex)
\pgffor@iter=\dimen316
\pgffor@skip=\dimen317
\pgffor@stack=\toks59
\pgffor@toks=\toks60
))
(C:\Program Files\MiKTeX 2.9\tex/generic/pgf/frontendlayer/tikz\tikz.code.tex
Package: tikz 2021/05/15 v3.1.9a (3.1.9a)

(C:\Program Files\MiKTeX 2.9\tex/generic/pgf/libraries\pgflibraryplothandlers.code.tex
File: pgflibraryplothandlers.code.tex 2021/05/15 v3.1.9a (3.1.9a)
\pgf@plot@mark@count=\count361
\pgfplotmarksize=\dimen318
)
\tikz@lastx=\dimen319
\tikz@lasty=\dimen320
\tikz@lastxsaved=\dimen321
\tikz@lastysaved=\dimen322
\tikz@lastmovetox=\dimen323
\tikz@lastmovetoy=\dimen324
\tikzleveldistance=\dimen325
\tikzsiblingdistance=\dimen326
\tikz@figbox=\box121
\tikz@figbox@bg=\box122
\tikz@tempbox=\box123
\tikz@tempbox@bg=\box124
\tikztreelevel=\count362
\tikznumberofchildren=\count363
\tikznumberofcurrentchild=\count364
\tikz@fig@count=\count365

(C:\Program Files\MiKTeX 2.9\tex/generic/pgf/modules\pgfmodulematrix.code.tex
File: pgfmodulematrix.code.tex 2021/05/15 v3.1.9a (3.1.9a)
\pgfmatrixcurrentrow=\count366
\pgfmatrixcurrentcolumn=\count367
\pgf@matrix@numberofcolumns=\count368
)
\tikz@expandcount=\count369

(C:\Program Files\MiKTeX 2.9\tex/generic/pgf/frontendlayer/tikz/libraries\tikzlibrarytopaths.code.tex
File: tikzlibrarytopaths.code.tex 2021/05/15 v3.1.9a (3.1.9a)
)))
(C:\Program Files\MiKTeX 2.9\tex/latex/tikzmark\tikzlibrarytikzmark.code.tex
(C:\Program Files\MiKTeX 2.9\tex/latex/l3kernel\expl3.sty
Package: expl3 2022-11-02 L3 programming layer (loader) 

(C:\Program Files\MiKTeX 2.9\tex/latex/l3backend\l3backend-pdftex.def
File: l3backend-pdftex.def 2022-10-26 L3 backend support: PDF output (pdfTeX)
\l__color_backend_stack_int=\count370
\l__pdf_internal_box=\box125
))
(C:\Program Files\MiKTeX 2.9\tex/latex/l3packages/l3keys2e\l3keys2e.sty
Package: l3keys2e 2022-06-22 LaTeX2e option processing using LaTeX3 keys
)
(C:\Program Files\MiKTeX 2.9\tex/latex/l3packages/xparse\xparse.sty
Package: xparse 2022-06-22 L3 Experimental document command parser
)
\l__sn_x_dim=\dimen327
\l__sn_y_dim=\dimen328
\l__sn_xa_dim=\dimen329
\l__sn_ya_dim=\dimen330
)
(C:\Program Files\MiKTeX 2.9\tex/generic/pgf/frontendlayer/tikz/libraries\tikzlibrarymatrix.code.tex
File: tikzlibrarymatrix.code.tex 2021/05/15 v3.1.9a (3.1.9a)
)
(C:\Program Files\MiKTeX 2.9\tex/generic/pgf/frontendlayer/tikz/libraries\tikzlibraryautomata.code.tex
File: tikzlibraryautomata.code.tex 2021/05/15 v3.1.9a (3.1.9a)

(C:\Program Files\MiKTeX 2.9\tex/generic/pgf/frontendlayer/tikz/libraries\tikzlibraryshapes.multipart.code.tex
File: tikzlibraryshapes.multipart.code.tex 2021/05/15 v3.1.9a (3.1.9a)

(C:\Program Files\MiKTeX 2.9\tex/generic/pgf/libraries/shapes\pgflibraryshapes.multipart.code.tex
File: pgflibraryshapes.multipart.code.tex 2021/05/15 v3.1.9a (3.1.9a)
\pgfnodepartlowerbox=\box126
\pgfnodeparttwobox=\box127
\pgfnodepartthreebox=\box128
\pgfnodepartfourbox=\box129
\pgfnodeparttwentybox=\box130
\pgfnodepartnineteenbox=\box131
\pgfnodeparteighteenbox=\box132
\pgfnodepartseventeenbox=\box133
\pgfnodepartsixteenbox=\box134
\pgfnodepartfifteenbox=\box135
\pgfnodepartfourteenbox=\box136
\pgfnodepartthirteenbox=\box137
\pgfnodeparttwelvebox=\box138
\pgfnodepartelevenbox=\box139
\pgfnodeparttenbox=\box140
\pgfnodepartninebox=\box141
\pgfnodeparteightbox=\box142
\pgfnodepartsevenbox=\box143
\pgfnodepartsixbox=\box144
\pgfnodepartfivebox=\box145
)))
(C:\Program Files\MiKTeX 2.9\tex/generic/pgf/frontendlayer/tikz/libraries/graphs\tikzlibrarygraphs.code.tex
File: tikzlibrarygraphs.code.tex 2021/05/15 v3.1.9a (3.1.9a)
\tikz@lib@auto@number=\count371
\tikz@qnode@count=\count372
)
(C:\Program Files\MiKTeX 2.9\tex/generic/pgf/frontendlayer/tikz/libraries\tikzlibraryarrows.code.tex
File: tikzlibraryarrows.code.tex 2021/05/15 v3.1.9a (3.1.9a)

(C:\Program Files\MiKTeX 2.9\tex/generic/pgf/libraries\pgflibraryarrows.code.tex
File: pgflibraryarrows.code.tex 2021/05/15 v3.1.9a (3.1.9a)
\arrowsize=\dimen331
))
(C:\Program Files\MiKTeX 2.9\tex/generic/pgf/frontendlayer/tikz/libraries\tikzlibrarypositioning.code.tex
File: tikzlibrarypositioning.code.tex 2021/05/15 v3.1.9a (3.1.9a)
)
(C:\Program Files\MiKTeX 2.9\tex/generic/pgf/frontendlayer/tikz/libraries\tikzlibrarytrees.code.tex
File: tikzlibrarytrees.code.tex 2021/05/15 v3.1.9a (3.1.9a)
)
(C:\Program Files\MiKTeX 2.9\tex/latex/marginnote\marginnote.sty
Package: marginnote 2018/08/09 v1.4b non floating margin notes for LaTeX
\c@mn@abspage=\count373
)
(C:\Program Files\MiKTeX 2.9\tex/latex/pdfcomment\pdfcomment.sty
Package: pdfcomment 2018/11/01 pdfcomment.sty v2.4a - Josef Kleber (C) 2008-2012, 2015-2016, 2018
\c@pc@count@i=\count374
\c@pc@count@ii=\count375
\c@pc@count@iii=\count376
\c@pc@count@iv=\count377
\pc@mathannot@box=\box146
\pc@nullbox=\box147
\pc@dima=\skip97
\pc@dimb=\skip98
\pc@Sposx=\skip99
\pc@Sposy=\skip100
\pc@Eposx=\skip101
\pc@Eposy=\skip102
\pc@column=\skip103
\pc@box@width=\skip104
\pc@box@height=\skip105
\pc@box@depth=\skip106

(C:\Program Files\MiKTeX 2.9\tex/latex/datetime2\datetime2.sty
Package: datetime2 2021/03/21 v1.5.7 (NLCT) date and time formats

(C:\Program Files\MiKTeX 2.9\tex/latex/datetime2-russian\datetime2-russian.ldf
File: datetime2-russian.ldf 2018/12/07 v1.1

(C:\Program Files\MiKTeX 2.9\tex/generic/iftex\ifxetex.sty
Package: ifxetex 2019/10/25 v0.7 ifxetex legacy package. Use iftex instead.
)
(C:\Program Files\MiKTeX 2.9\tex/latex/datetime2-russian\datetime2-russian-ascii.ldf
File: datetime2-russian-ascii.ldf 2018/12/07 v1.1
))
(C:\Program Files\MiKTeX 2.9\tex/latex/datetime2-english\datetime2-english.ldf
File: datetime2-english.ldf 2019/10/21 v1.05 (NLCT)

(C:\Program Files\MiKTeX 2.9\tex/latex/datetime2-english\datetime2-english-base.ldf
File: datetime2-english-base.ldf 2019/10/21 v1.05 (NLCT)
)))
(C:\Program Files\MiKTeX 2.9\tex/latex/zref\zref-savepos.sty
Package: zref-savepos 2022-04-07 v2.34 Module savepos for zref (HO)
 (C:\Program Files\MiKTeX 2.9\tex/latex/zref\zref-base.sty
Package: zref-base 2022-04-07 v2.34 Module base for zref (HO)
Package zref Info: New property list: main on input line 767.
Package zref Info: New property: default on input line 768.
Package zref Info: New property: page on input line 769.
)
Package zref Info: New property list: savepos on input line 79.
Package zref Info: New property: posx on input line 81.
Package zref Info: New property: posy on input line 82.
)
\c@zref@unique=\count378
(C:\Program Files\MiKTeX 2.9\tex/generic/iftex\ifpdf.sty
Package: ifpdf 2019/10/25 v3.4 ifpdf legacy package. Use iftex instead.
) (C:\Program Files\MiKTeX 2.9\tex/latex/soulpos\soulpos.sty
Package: soulpos 2021/10/15 v1.2 Fancy underlining
\ulp@subcnt=\count379
\ulp@cnt=\count380
\ulp@out=\write7
\ulp@in=\read4
\ulwidth=\dimen332
)

Package hyperref Warning: Option `pdftex' has already been used,
(hyperref)                setting the option has no effect on input line 1369.

Package zref Info: New property list: pdfcomment on input line 2735.
Package zref Info: New property: PCPDFOBJID on input line 2736.
) (C:\Program Files\MiKTeX 2.9\tex/latex/tools\enumerate.sty
Package: enumerate 2015/07/23 v3.00 enumerate extensions (DPC)
\@enLab=\toks61
)
(C:\Program Files\MiKTeX 2.9\tex/latex/fancyhdr\fancyhdr.sty
Package: fancyhdr 2022/11/09 v4.1 Extensive control of page headers and footers
\f@nch@headwidth=\skip107
\f@nch@O@elh=\skip108
\f@nch@O@erh=\skip109
\f@nch@O@olh=\skip110
\f@nch@O@orh=\skip111
\f@nch@O@elf=\skip112
\f@nch@O@erf=\skip113
\f@nch@O@olf=\skip114
\f@nch@O@orf=\skip115
)
(C:\Program Files\MiKTeX 2.9\tex/latex/draftwatermark\draftwatermark.sty
Package: draftwatermark 2020/12/08 3.0 Put a gray textual watermark on document pages
)
(C:\Program Files\MiKTeX 2.9\tex/latex/totcount\totcount.sty
Package: totcount 2011/01/25 v1.2 package for gettingthe total value of LaTeX counters
)
(C:\Program Files\MiKTeX 2.9\tex/latex/assoccnt\assoccnt.sty
Package: assoccnt 2015/09/29 v0.8-- Associate counters stepping

assoccnt.sty{} -- version v0.8
\c@@@assoccnt@@internalcounter=\count381
)
\c@page@totc=\count382
\c@ffigure=\count383
\c@ffigure@totc=\count384
\c@ttable=\count385
\c@ttable@totc=\count386
\c@cchapter=\count387
\c@cchapter@totc=\count388
\c@eequation=\count389
\c@eequation@totc=\count390
\c@bibcnt=\count391
\c@bibcnt@totc=\count392
 (C:\Program Files\MiKTeX 2.9\tex/latex/listings\listings.sty
\lst@mode=\count393
\lst@gtempboxa=\box148
\lst@token=\toks62
\lst@length=\count394
\lst@currlwidth=\dimen333
\lst@column=\count395
\lst@pos=\count396
\lst@lostspace=\dimen334
\lst@width=\dimen335
\lst@newlines=\count397
\lst@lineno=\count398
\lst@maxwidth=\dimen336

(C:\Program Files\MiKTeX 2.9\tex/latex/listings\lstmisc.sty
File: lstmisc.sty 2020/03/24 1.8d (Carsten Heinz)
\c@lstnumber=\count399
\lst@skipnumbers=\count400
\lst@framebox=\box149
)
(C:\Program Files\MiKTeX 2.9\tex/latex/listings\listings.cfg
File: listings.cfg 2020/03/24 1.8d listings configuration
))
Package: listings 2020/03/24 1.8d (Carsten Heinz)

(C:\Program Files\MiKTeX 2.9\tex/latex/listings\lstlang1.sty
File: lstlang1.sty 2020/03/24 1.8d listings language file
) (C:\Program Files\MiKTeX 2.9\tex/latex/cancel\cancel.sty
Package: cancel 2013/04/12 v2.2 Cancel math terms
)
(C:\Program Files\MiKTeX 2.9\tex/latex/textpos\textpos.sty
Package: textpos 2022/07/23 v1.10.1
Package textpos Info: choosing support for LaTeX3 on input line 60.
\TP@textbox=\box150
\TP@holdbox=\box151
\TPHorizModule=\dimen337
\TPVertModule=\dimen338
\TP@margin=\dimen339
\TP@absmargin=\dimen340

Grid set 16 x 16 = 37.34424pt x 52.81541pt
\TPboxrulesize=\dimen341
\TP@ox=\dimen342
\TP@oy=\dimen343
\TP@tbargs=\toks63
TextBlockOrigin set to 0pt x 0pt
)
TextBlockOrigin set to 0mm x 25mm
(C:\Program Files\MiKTeX 2.9\tex/latex/amscls\amsthm.sty
Package: amsthm 2020/05/29 v2.20.6
\thm@style=\toks64
\thm@bodyfont=\toks65
\thm@headfont=\toks66
\thm@notefont=\toks67
\thm@headpunct=\toks68
\thm@preskip=\skip116
\thm@postskip=\skip117
\thm@headsep=\skip118
\dth@everypar=\toks69
) (C:\Program Files\MiKTeX 2.9\tex/latex/thmtools\thmtools.sty
Package: thmtools 2022/06/01 v0.73
\thmt@toks=\toks70
\c@thmt@dummyctr=\count401

(C:\Program Files\MiKTeX 2.9\tex/latex/thmtools\thm-patch.sty
Package: thm-patch 2022/06/01 v0.73

(C:\Program Files\MiKTeX 2.9\tex/latex/thmtools\parseargs.sty
Package: parseargs 2022/06/01 v0.73
\@parsespec=\toks71
))
(C:\Program Files\MiKTeX 2.9\tex/latex/thmtools\thm-kv.sty
Package: thm-kv 2022/06/01 v0.73
Package thm-kv Info: Theorem names will be uppercased on input line 42.
Package thm-kv Info: kvsetkeys patch (v1.16 or later) on input line 158.
)
(C:\Program Files\MiKTeX 2.9\tex/latex/thmtools\thm-autoref.sty
Package: thm-autoref 2022/06/01 v0.73

(C:\Program Files\MiKTeX 2.9\tex/latex/thmtools\aliasctr.sty
Package: aliasctr 2022/06/01 v0.73
))
(C:\Program Files\MiKTeX 2.9\tex/latex/thmtools\thm-listof.sty
Package: thm-listof 2022/06/01 v0.73
)
(C:\Program Files\MiKTeX 2.9\tex/latex/thmtools\thm-restate.sty
Package: thm-restate 2022/06/01 v0.73
)
(C:\Program Files\MiKTeX 2.9\tex/latex/thmtools\thm-amsthm.sty
Package: thm-amsthm 2022/06/01 v0.73
\thmt@style@headstyle=\toks72
))
\c@remark=\count402
)
\c@description=\count403
 (doc-spec/user_definitions.tex) (abbreviations.tex)
(cpxsln_rpt_prj_YYYY_Group_SurnameNS.aux (referat.aux) (intro.aux) (chapters/chap1_task_statement.aux)
(chapters/chap2_comp_method.aux) (chapters/chap3_soft_architecture.aux) (chapters/chap4_soft_testing.aux)
(chapters/chap5_comp_experiment.aux) (chapters/chap6_results_analysis.aux) (conclusion.aux) (additionals.aux))
\openout1 = `cpxsln_rpt_prj_YYYY_Group_SurnameNS.aux'.

LaTeX Font Info:    Checking defaults for OML/cmm/m/it on input line 35.
LaTeX Font Info:    ... okay on input line 35.
LaTeX Font Info:    Checking defaults for OMS/cmsy/m/n on input line 35.
LaTeX Font Info:    ... okay on input line 35.
LaTeX Font Info:    Checking defaults for OT1/cmr/m/n on input line 35.
LaTeX Font Info:    ... okay on input line 35.
LaTeX Font Info:    Checking defaults for T1/cmr/m/n on input line 35.
LaTeX Font Info:    ... okay on input line 35.
LaTeX Font Info:    Checking defaults for TS1/cmr/m/n on input line 35.
LaTeX Font Info:    ... okay on input line 35.
LaTeX Font Info:    Checking defaults for OMX/cmex/m/n on input line 35.
LaTeX Font Info:    ... okay on input line 35.
LaTeX Font Info:    Checking defaults for U/cmr/m/n on input line 35.
LaTeX Font Info:    ... okay on input line 35.
LaTeX Font Info:    Checking defaults for T2A/cmr/m/n on input line 35.
LaTeX Font Info:    ... okay on input line 35.
LaTeX Font Info:    Checking defaults for PD1/pdf/m/n on input line 35.
LaTeX Font Info:    ... okay on input line 35.
LaTeX Font Info:    Checking defaults for PU/pdf/m/n on input line 35.
LaTeX Font Info:    ... okay on input line 35.
LaTeX Info: Redefining \th on input line 35.
Package caption Info: Begin \AtBeginDocument code.
Package caption Info: float package is loaded.
Package caption Info: hyperref package is loaded.
Package caption Info: listings package is loaded.
Package caption Info: longtable package is loaded.

(C:\Program Files\MiKTeX 2.9\tex/latex/caption\ltcaption.sty
Package: ltcaption 2021/01/08 v1.4c longtable captions (AR)
)
Package caption Info: rotating package is loaded.
Package caption Info: supertabular package is loaded.
Package caption Info: End \AtBeginDocument code.

*geometry* driver: auto-detecting
*geometry* detected driver: pdftex
*geometry* verbose mode - [ preamble ] result:
* driver: pdftex
* paper: <default>
* layout: <same size as paper>
* layoutoffset:(h,v)=(0.0pt,0.0pt)
* modes: 
* h-part:(L,W,R)=(56.9055pt, 512.14963pt, 28.45274pt)
* v-part:(T,H,B)=(56.9055pt, 717.00946pt, 71.13188pt)
* \paperwidth=597.50787pt
* \paperheight=845.04684pt
* \textwidth=512.14963pt
* \textheight=717.00946pt
* \oddsidemargin=-15.36449pt
* \evensidemargin=-15.36449pt
* \topmargin=-29.36449pt
* \headheight=14.0pt
* \headsep=0.0pt
* \topskip=14.0pt
* \footskip=30.0pt
* \marginparwidth=15.0pt
* \marginparsep=10.0pt
* \columnsep=10.0pt
* \skip\footins=12.0pt plus 4.0pt minus 2.0pt
* \hoffset=0.0pt
* \voffset=0.0pt
* \mag=1000
* \@twocolumnfalse
* \@twosidefalse
* \@mparswitchfalse
* \@reversemarginfalse
* (1in=72.27pt=25.4mm, 1cm=28.453pt)

(C:\Program Files\MiKTeX 2.9\tex/context/base/mkii\supp-pdf.mkii
[Loading MPS to PDF converter (version 2006.09.02).]
\scratchcounter=\count404
\scratchdimen=\dimen344
\scratchbox=\box152
\nofMPsegments=\count405
\nofMParguments=\count406
\everyMPshowfont=\toks73
\MPscratchCnt=\count407
\MPscratchDim=\dimen345
\MPnumerator=\count408
\makeMPintoPDFobject=\count409
\everyMPtoPDFconversion=\toks74
) (C:\Program Files\MiKTeX 2.9\tex/latex/epstopdf-pkg\epstopdf-base.sty
Package: epstopdf-base 2020-01-24 v2.11 Base part for package epstopdf
Package epstopdf-base Info: Redefining graphics rule for `.eps' on input line 485.

(C:\Program Files\MiKTeX 2.9\tex/latex/00miktex\epstopdf-sys.cfg
File: epstopdf-sys.cfg 2021/03/18 v2.0 Configuration of epstopdf for MiKTeX
))
Package hyperref Info: Link coloring ON on input line 35.
 (cpxsln_rpt_prj_YYYY_Group_SurnameNS.out)
(cpxsln_rpt_prj_YYYY_Group_SurnameNS.out)
\@outlinefile=\write8
\openout8 = `cpxsln_rpt_prj_YYYY_Group_SurnameNS.out'.

Package soulpos Info: Loading soulutf8 on input line 35.
 (C:\Program Files\MiKTeX 2.9\tex/generic/soulutf8\soulutf8.sty
Package: soulutf8 2019/12/15 v1.2 Permit use of UTF-8 characters in soul (HO)

(C:\Program Files\MiKTeX 2.9\tex/generic/soul\soul.sty
Package: soul 2003/11/17 v2.4 letterspacing/underlining (mf)
\SOUL@word=\toks75
\SOUL@lasttoken=\toks76
\SOUL@cmds=\toks77
\SOUL@buffer=\toks78
\SOUL@token=\toks79
\SOUL@spaceskip=\skip119
\SOUL@ttwidth=\dimen346
\SOUL@uldp=\dimen347
\SOUL@ulht=\dimen348
))
\c@lstlisting=\count410
 (doc-spec/title_common.tex

LaTeX Font Warning: Font shape `T2A/cmr/m/up' undefined
(Font)              using `T2A/cmr/m/n' instead on input line 16.

LaTeX Font Info:    Trying to load font information for U+msa on input line 16.
(C:\Program Files\MiKTeX 2.9\tex/latex/amsfonts\umsa.fd
File: umsa.fd 2013/01/14 v3.01 AMS symbols A
)
LaTeX Font Info:    Trying to load font information for U+msb on input line 16.
 (C:\Program Files\MiKTeX 2.9\tex/latex/amsfonts\umsb.fd
File: umsb.fd 2013/01/14 v3.01 AMS symbols B
)
LaTeX Font Info:    Trying to load font information for OML+cmr on input line 16.

(C:\Program Files\MiKTeX 2.9\tex/latex/base\omlcmr.fd
File: omlcmr.fd 2022/07/10 v2.5l Standard LaTeX font definitions
)

LaTeX Font Warning: Font shape `OML/cmr/m/up' undefined
(Font)              using `OML/cmr/m/it' instead on input line 16.

LaTeX Font Info:    Font shape `OML/cmr/m/it' in size <14.4> not available
(Font)              Font shape `OML/cmm/m/it' tried instead on input line 16.
LaTeX Font Info:    Font shape `OML/cmr/m/up' in size <10> not available
(Font)              Font shape `OML/cmm/m/it' tried instead on input line 16.
LaTeX Font Info:    Font shape `OML/cmr/m/up' in size <7> not available
(Font)              Font shape `OML/cmm/m/it' tried instead on input line 16.
LaTeX Font Info:    Trying to load font information for OMS+cmr on input line 16.
(C:\Program Files\MiKTeX 2.9\tex/latex/base\omscmr.fd
File: omscmr.fd 2022/07/10 v2.5l Standard LaTeX font definitions
)

LaTeX Font Warning: Font shape `OMS/cmr/m/up' undefined
(Font)              using `OMS/cmr/m/n' instead on input line 16.

LaTeX Font Info:    Font shape `OMS/cmr/m/n' in size <14.4> not available
(Font)              Font shape `OMS/cmsy/m/n' tried instead on input line 16.
LaTeX Font Info:    Font shape `OMS/cmr/m/up' in size <10> not available
(Font)              Font shape `OMS/cmsy/m/n' tried instead on input line 16.
LaTeX Font Info:    Font shape `OMS/cmr/m/up' in size <7> not available
(Font)              Font shape `OMS/cmsy/m/n' tried instead on input line 16.
LaTeX Font Info:    Trying to load font information for PD1+cmr on input line 16.
LaTeX Font Info:    No file PD1cmr.fd. on input line 16.

LaTeX Font Warning: Font shape `PD1/cmr/m/up' undefined
(Font)              using `PD1/pdf/m/n' instead on input line 16.

LaTeX Font Info:    Trying to load font information for PU+cmr on input line 16.
LaTeX Font Info:    No file PUcmr.fd. on input line 16.

LaTeX Font Warning: Font shape `PU/cmr/m/up' undefined
(Font)              using `PU/pdf/m/n' instead on input line 16.

<doc-spec/bmstu.pdf, id=77, 1137.11127pt x 1339.97708pt>
File: doc-spec/bmstu.pdf Graphic file (type pdf)
<use doc-spec/bmstu.pdf>
Package pdftex.def Info: doc-spec/bmstu.pdf  used on input line 19.
(pdftex.def)             Requested size: 66.58194pt x 78.45274pt.

Overfull \hbox (23.99998pt too wide) in paragraph at lines 16--22
 [][] 
 []


Overfull \hbox (13.05241pt too wide) in paragraph at lines 29--29
[]|\T2A/cmr/m/n/14.4 | 
 []


Overfull \hbox (35.99997pt too wide) in paragraph at lines 27--32
[]  
 []

LaTeX Font Info:    Font shape `OML/cmr/m/up' in size <17.28> not available
(Font)              Font shape `OML/cmm/m/it' tried instead on input line 63.
LaTeX Font Info:    Font shape `OML/cmr/m/up' in size <12> not available
(Font)              Font shape `OML/cmm/m/it' tried instead on input line 63.
LaTeX Font Info:    Font shape `OMS/cmr/m/up' in size <17.28> not available
(Font)              Font shape `OMS/cmsy/m/n' tried instead on input line 63.
LaTeX Font Info:    Font shape `OMS/cmr/m/up' in size <12> not available
(Font)              Font shape `OMS/cmsy/m/n' tried instead on input line 63.

Overfull \hbox (5.23064pt too wide) in paragraph at lines 64--64
 []|[]| 
 []


Overfull \hbox (5.23064pt too wide) in paragraph at lines 65--65
 []|[]| 
 []


Overfull \hbox (5.23064pt too wide) in paragraph at lines 66--66
 []|[]| 
 []


Overfull \hbox (1.90057pt too wide) in paragraph at lines 63--71
 [][] 
 []

) (doc-additional/official_statement.tex [1.1{C:/Users/alsok_000/AppData/Local/MiKTeX/2.9/fonts/map/pdftex/pdftex.map}

\openout3 = `cpxsln_rpt_prj_YYYY_Group_SurnameNS.ist'.

\openout7 = `cpxsln_rpt_prj_YYYY_Group_SurnameNS.upa'.

 <./doc-spec/bmstu.pdf>]
LaTeX Font Info:    Font shape `OML/cmr/m/up' in size <14.4> not available
(Font)              Font shape `OML/cmm/m/it' tried instead on input line 4.
LaTeX Font Info:    Font shape `OMS/cmr/m/up' in size <14.4> not available
(Font)              Font shape `OMS/cmsy/m/n' tried instead on input line 4.

Overfull \hbox (10.39093pt too wide) in paragraph at lines 4--4
 [] 
 []


Underfull \hbox (badness 7722) in paragraph at lines 15--16
\T2A/cmr/m/up/14.4  ^^?^^?^^? ^^?^^? ^^?^^?  ^^?^^?^^? ^^?^^? <<^^?
^^?
 []


Underfull \hbox (badness 10000) in paragraph at lines 15--16
\T2A/cmr/m/up/14.4 ^^?^^?^^?^^?^^?^^?^^?^^? ^^?^^?^^?^^?^^? (-6)>>, ^^?^^?  
|   [] 
 []


Underfull \hbox (badness 2617) in paragraph at lines 19--21
|   []   |   []   |   []   |   []   |   []   |   []
 []


Underfull \hbox (badness 6691) in paragraph at lines 22--24
|   []   |   []   |   []   |   []   |   []   |   []   |   []
 []


Underfull \hbox (badness 6559) in paragraph at lines 22--24
|   []   |   []   |   []   |   []   |   []   |   []
 []


Underfull \hbox (badness 2503) in paragraph at lines 22--24
|   []   |   []   |   []   |   []   |   []   |   []   |   []   |   []
 []

[2.2]
Underfull \hbox (badness 10000) in paragraph at lines 25--27
|   []   |   []   |   []   |   []   |   []   |   []   |   []
 []


Overfull \hbox (12.01236pt too wide) in paragraph at lines 25--27
|   []   |   []   |   []   |   []   |   []   |   []   |   []   |   []
 []


Underfull \hbox (badness 10000) in paragraph at lines 25--27
|   []   |   []   |   []   |   []   |   []   |   []
 []


Underfull \hbox (badness 6332) in paragraph at lines 25--27
|   []   |   []   |   []   |   []   |   []   |   []   |   []
 []


Underfull \hbox (badness 10000) in paragraph at lines 46--47

 []


Overfull \hbox (17.57164pt too wide) in paragraph at lines 53--53
 []|[]|
 []


Overfull \hbox (10.0973pt too wide) in paragraph at lines 53--53
 []|[]| 
 []


Overfull \hbox (17.57164pt too wide) in paragraph at lines 54--54
 []|[]|
 []


Overfull \hbox (10.0973pt too wide) in paragraph at lines 54--55
 []|[]| 
 []


Overfull \hbox (1.90059pt too wide) in paragraph at lines 52--56
[] 
 []

) [3.3]
\openout2 = `referat.aux'.

 (referat.tex) [4.4


] (cpxsln_rpt_prj_YYYY_Group_SurnameNS.gls-abr) [5.5




] (cpxsln_rpt_prj_YYYY_Group_SurnameNS.toc)
\tf@toc=\write9
\openout9 = `cpxsln_rpt_prj_YYYY_Group_SurnameNS.toc'.

 [6.6

]
\openout2 = `intro.aux'.

 (intro.tex
LaTeX Font Info:    Font shape `OML/cmr/m/up' in size <5> not available
(Font)              Font shape `OML/cmm/m/it' tried instead on input line 7.
LaTeX Font Info:    Font shape `OMS/cmr/m/up' in size <5> not available
(Font)              Font shape `OMS/cmsy/m/n' tried instead on input line 7.
LaTeX Font Info:    Trying to load font information for T2A+cmtt on input line 11.
 (C:\Program Files\MiKTeX 2.9\tex/latex/cyrillic\t2acmtt.fd
File: t2acmtt.fd 2001/08/11 v1.0a Computer Modern Cyrillic font definitions
)
LaTeX Font Info:    Trying to load font information for T2A+cmss on input line 13.

(C:\Program Files\MiKTeX 2.9\tex/latex/cyrillic\t2acmss.fd
File: t2acmss.fd 2001/08/11 v1.0a Computer Modern Cyrillic font definitions
)
Package hyperref Info: bookmark level for unknown remark defaults to 0 on input line 18.
)
Overfull \vbox (0.89206pt too high) has occurred while \output is active []

 [7.7


] [8.8] (chapters.tex
\openout2 = `chapters/chap1_task_statement.aux'.


(chapters/chap1_task_statement.tex) [9.9




]
\openout2 = `chapters/chap2_comp_method.aux'.

 (chapters/chap2_comp_method.tex) [10.10




]
\openout2 = `chapters/chap3_soft_architecture.aux'.

 (chapters/chap3_soft_architecture.tex) [11.11




]
\openout2 = `chapters/chap4_soft_testing.aux'.

 (chapters/chap4_soft_testing.tex) [12.12




]
\openout2 = `chapters/chap5_comp_experiment.aux'.

 (chapters/chap5_comp_experiment.tex) [13.13




]
\openout2 = `chapters/chap6_results_analysis.aux'.


(chapters/chap6_results_analysis.tex) [14.14




])
\openout2 = `conclusion.aux'.

 (conclusion.tex) [15.15




] (cpxsln_rpt_prj_YYYY_Group_SurnameNS.bbl)
LaTeX Font Info:    Font shape `OML/cmr/m/up' in size <8> not available
(Font)              Font shape `OML/cmm/m/it' tried instead on input line 131.
LaTeX Font Info:    Font shape `OML/cmr/m/up' in size <6> not available
(Font)              Font shape `OML/cmm/m/it' tried instead on input line 131.
LaTeX Font Info:    Font shape `OMS/cmr/m/up' in size <8> not available
(Font)              Font shape `OMS/cmsy/m/n' tried instead on input line 131.
LaTeX Font Info:    Font shape `OMS/cmr/m/up' in size <6> not available
(Font)              Font shape `OMS/cmsy/m/n' tried instead on input line 131.
Package epstopdf Info: Source file: <doc-spec/by.eps>
(epstopdf)                    date: 2021-09-24 21:34:44
(epstopdf)                    size: 59921 bytes
(epstopdf)             Output file: <doc-spec/by-eps-converted-to.pdf>
(epstopdf)                    date: 2021-10-03 13:08:48
(epstopdf)                    size: 5041 bytes
(epstopdf)             Command: <miktex-epstopdf-unrestricted --outfile=doc-spec/by-eps-converted-to.pdf doc-spec/by.eps
>
(epstopdf)             \includegraphics on input line 131.
Package epstopdf Info: Output file is already uptodate.
<doc-spec/by-eps-converted-to.pdf, id=198, 121.45375pt x 43.16125pt>
File: doc-spec/by-eps-converted-to.pdf Graphic file (type pdf)
<use doc-spec/by-eps-converted-to.pdf>
Package pdftex.def Info: doc-spec/by-eps-converted-to.pdf  used on input line 131.
(pdftex.def)             Requested size: 46.09158pt x 16.37904pt.
Package epstopdf Info: Source file: <doc-spec/by.eps>
(epstopdf)                    date: 2021-09-24 21:34:44
(epstopdf)                    size: 59921 bytes
(epstopdf)             Output file: <doc-spec/by-eps-converted-to.pdf>
(epstopdf)                    date: 2021-10-03 13:08:48
(epstopdf)                    size: 5041 bytes
(epstopdf)             Command: <miktex-epstopdf-unrestricted --outfile=doc-spec/by-eps-converted-to.pdf doc-spec/by.eps
>
(epstopdf)             \includegraphics on input line 131.
Package epstopdf Info: Output file is already uptodate.
File: doc-spec/by-eps-converted-to.pdf Graphic file (type pdf)
<use doc-spec/by-eps-converted-to.pdf>
Package pdftex.def Info: doc-spec/by-eps-converted-to.pdf  used on input line 131.
(pdftex.def)             Requested size: 46.09158pt x 16.37904pt.

Overfull \hbox (23.99998pt too wide) in paragraph at lines 131--131
 []
 []

[16.16



 <./doc-spec/by-eps-converted-to.pdf>]
\openout2 = `additionals.aux'.

 (additionals.tex)

Package fancyhdr Warning: \headheight is too small (14.0pt): 
(fancyhdr)                Make it at least 31.31415pt, for example:
(fancyhdr)                \setlength{\headheight}{31.31415pt}.
(fancyhdr)                You might also make \topmargin smaller to compensate:
(fancyhdr)                \addtolength{\topmargin}{-17.31415pt}.

[17.17


] (C:\Program Files\MiKTeX 2.9\tex/generic/stringenc\se-utf8.def
File: se-utf8.def 2019/11/29 v1.12 stringenc: UTF-8
)
(C:\Program Files\MiKTeX 2.9\tex/generic/stringenc\se-pdfdoc.def
File: se-pdfdoc.def 2019/11/29 v1.12 stringenc: PDFDocEncoding
)

Package glossaries-extra Warning: Entry counting has been enabled 
(glossaries-extra)                with \glsenableentrycount but the 
(glossaries-extra)                attribute `entrycount' hasn't 
(glossaries-extra)                been assigned to any of the defined 
(glossaries-extra)                entries.

(cpxsln_rpt_prj_YYYY_Group_SurnameNS.aux (referat.aux) (intro.aux) (chapters/chap1_task_statement.aux)
(chapters/chap2_comp_method.aux) (chapters/chap3_soft_architecture.aux) (chapters/chap4_soft_testing.aux)
(chapters/chap5_comp_experiment.aux) (chapters/chap6_results_analysis.aux) (conclusion.aux) (additionals.aux))

LaTeX Font Warning: Some font shapes were not available, defaults substituted.

Package rerunfilecheck Info: File `cpxsln_rpt_prj_YYYY_Group_SurnameNS.out' has not changed.
(rerunfilecheck)             Checksum: 491570C8191E1951E1C81BA772F974B4;3204.
 ) 
Here is how much of TeX's memory you used:
 44721 strings out of 475281
 882429 string characters out of 4531979
 6444570 words of memory out of 10000000
 65164 multiletter control sequences out of 15000+600000
 502104 words of font info for 118 fonts, out of 5000000 for 9000
 1141 hyphenation exceptions out of 8191
 96i,17n,94p,2374b,553s stack positions out of 10000i,1000n,20000p,5000000b,80000s
{C:/Program Files/MiKTeX 2.9/fonts/enc/dvips/cm-super/cm-super-t2a.enc}{C:/Program Files/MiKTeX 2.9/fonts/enc/dvips/cm
-super/cm-super-ts1.enc}<C:/Program Files/MiKTeX 2.9/fonts/type1/public/cm-super/sfbx1000.pfb><C:/Program Files/MiKTeX 2
.9/fonts/type1/public/cm-super/sfbx1440.pfb><C:/Program Files/MiKTeX 2.9/fonts/type1/public/cm-super/sfbx1728.pfb><C:/Pr
ogram Files/MiKTeX 2.9/fonts/type1/public/cm-super/sfit1440.pfb><C:/Program Files/MiKTeX 2.9/fonts/type1/public/cm-super
/sfrm0600.pfb><C:/Program Files/MiKTeX 2.9/fonts/type1/public/cm-super/sfrm0700.pfb><C:/Program Files/MiKTeX 2.9/fonts/t
ype1/public/cm-super/sfrm1000.pfb><C:/Program Files/MiKTeX 2.9/fonts/type1/public/cm-super/sfrm1200.pfb><C:/Program File
s/MiKTeX 2.9/fonts/type1/public/cm-super/sfrm1440.pfb><C:/Program Files/MiKTeX 2.9/fonts/type1/public/cm-super/sfrm1728.
pfb><C:/Program Files/MiKTeX 2.9/fonts/type1/public/cm-super/sfrm2074.pfb><C:/Program Files/MiKTeX 2.9/fonts/type1/publi
c/cm-super/sfss1440.pfb><C:/Program Files/MiKTeX 2.9/fonts/type1/public/cm-super/sfti1200.pfb><C:/Program Files/MiKTeX 2
.9/fonts/type1/public/cm-super/sfti1440.pfb><C:/Program Files/MiKTeX 2.9/fonts/type1/public/cm-super/sftt1000.pfb><C:/Pr
ogram Files/MiKTeX 2.9/fonts/type1/public/cm-super/sftt1440.pfb>
Output written on cpxsln_rpt_prj_YYYY_Group_SurnameNS.pdf (17 pages, 1057472 bytes).
PDF statistics:
 298 PDF objects out of 1000 (max. 8388607)
 49 named destinations out of 1000 (max. 500000)
 171 words of extra memory for PDF output out of 10000 (max. 10000000)

