This is pdfTeX, Version 3.141592653-2.6-1.40.25 (TeX Live 2023/nixos.org) (preloaded format=pdflatex 1980.1.1)  20 APR 2024 21:34
entering extended mode
 restricted \write18 enabled.
 file:line:error style messages enabled.
 %&-line parsing enabled.
**cpxsln_rpt_prj_YYYY_Group_SurnameNS.tex
(./cpxsln_rpt_prj_YYYY_Group_SurnameNS.tex
LaTeX2e <2023-11-01>
L3 programming layer <2024-01-04>
(./G7-32.cls
Document Class: G7-32 2003/07/01 v1.0 Non Standard LaTeX document class
(./GostBase.clo
(/nix/store/9wfzpbig5gll5va7ylcqxvjpmdzq5c24-texlive-2023-env-texmfdist/tex/lat
ex/extsizes/size14.clo
File: size14.clo 1999/11/11 v1.4a NON-Standard LaTeX file (size option)
)) (./G2-105.sty
Package: G2-105 2003/07/07 v1.00 General reqs. GOST 2.105-95
\c@totalpage=\count187
\c@totaltable=\count188
\c@totalfigure=\count189
\c@totalbib=\count190
\GostAfterTitleSkip=\skip48
\GostBetweenTitleSkip=\skip49
\GostBeforTitleSkip=\skip50
\GostBeforNoTitleSkip=\skip51
\GostHTitleSpace=\skip52
\GostTitleIndent=\skip53
\Gost@ChapterIndent=\skip54
\Gost@MainChapterIndent=\skip55
\Gost@TitleDropSkip=\skip56
\c@chapter=\count191
\c@section=\count192
\c@subsection=\count193
\c@subsubsection=\count194
\NirTitleDropSkip=\skip57

(/nix/store/9wfzpbig5gll5va7ylcqxvjpmdzq5c24-texlive-2023-env-texmfdist/tex/lat
ex/t2/mathtext.sty
Package: mathtext 2018/04/14 v1.0 transparent text-and-math defs
LaTeX Info: Redefining \halign on input line 121.
)
(/nix/store/9wfzpbig5gll5va7ylcqxvjpmdzq5c24-texlive-2023-env-texmfdist/tex/lat
ex/base/fontenc.sty
Package: fontenc 2021/04/29 v2.0v Standard LaTeX package

(/nix/store/9wfzpbig5gll5va7ylcqxvjpmdzq5c24-texlive-2023-env-texmfdist/tex/lat
ex/cyrillic/t2aenc.def
File: t2aenc.def 2022/06/11 v1.0j Cyrillic encoding definition file
Now handling font encoding T2A ...
... processing UTF-8 mapping file for font encoding T2A

(/nix/store/9wfzpbig5gll5va7ylcqxvjpmdzq5c24-texlive-2023-env-texmfdist/tex/lat
ex/base/t2aenc.dfu
File: t2aenc.dfu 2022/06/07 v1.3c UTF-8 support
   defining Unicode char U+00A4 (decimal 164)
   defining Unicode char U+00A7 (decimal 167)
   defining Unicode char U+00AB (decimal 171)
   defining Unicode char U+00BB (decimal 187)
   defining Unicode char U+0131 (decimal 305)
   defining Unicode char U+0237 (decimal 567)
   defining Unicode char U+0400 (decimal 1024)
   defining Unicode char U+0401 (decimal 1025)
   defining Unicode char U+0402 (decimal 1026)
   defining Unicode char U+0403 (decimal 1027)
   defining Unicode char U+0404 (decimal 1028)
   defining Unicode char U+0405 (decimal 1029)
   defining Unicode char U+0406 (decimal 1030)
   defining Unicode char U+0407 (decimal 1031)
   defining Unicode char U+0408 (decimal 1032)
   defining Unicode char U+0409 (decimal 1033)
   defining Unicode char U+040A (decimal 1034)
   defining Unicode char U+040B (decimal 1035)
   defining Unicode char U+040C (decimal 1036)
   defining Unicode char U+040D (decimal 1037)
   defining Unicode char U+040E (decimal 1038)
   defining Unicode char U+040F (decimal 1039)
   defining Unicode char U+0410 (decimal 1040)
   defining Unicode char U+0411 (decimal 1041)
   defining Unicode char U+0412 (decimal 1042)
   defining Unicode char U+0413 (decimal 1043)
   defining Unicode char U+0414 (decimal 1044)
   defining Unicode char U+0415 (decimal 1045)
   defining Unicode char U+0416 (decimal 1046)
   defining Unicode char U+0417 (decimal 1047)
   defining Unicode char U+0418 (decimal 1048)
   defining Unicode char U+0419 (decimal 1049)
   defining Unicode char U+041A (decimal 1050)
   defining Unicode char U+041B (decimal 1051)
   defining Unicode char U+041C (decimal 1052)
   defining Unicode char U+041D (decimal 1053)
   defining Unicode char U+041E (decimal 1054)
   defining Unicode char U+041F (decimal 1055)
   defining Unicode char U+0420 (decimal 1056)
   defining Unicode char U+0421 (decimal 1057)
   defining Unicode char U+0422 (decimal 1058)
   defining Unicode char U+0423 (decimal 1059)
   defining Unicode char U+0424 (decimal 1060)
   defining Unicode char U+0425 (decimal 1061)
   defining Unicode char U+0426 (decimal 1062)
   defining Unicode char U+0427 (decimal 1063)
   defining Unicode char U+0428 (decimal 1064)
   defining Unicode char U+0429 (decimal 1065)
   defining Unicode char U+042A (decimal 1066)
   defining Unicode char U+042B (decimal 1067)
   defining Unicode char U+042C (decimal 1068)
   defining Unicode char U+042D (decimal 1069)
   defining Unicode char U+042E (decimal 1070)
   defining Unicode char U+042F (decimal 1071)
   defining Unicode char U+0430 (decimal 1072)
   defining Unicode char U+0431 (decimal 1073)
   defining Unicode char U+0432 (decimal 1074)
   defining Unicode char U+0433 (decimal 1075)
   defining Unicode char U+0434 (decimal 1076)
   defining Unicode char U+0435 (decimal 1077)
   defining Unicode char U+0436 (decimal 1078)
   defining Unicode char U+0437 (decimal 1079)
   defining Unicode char U+0438 (decimal 1080)
   defining Unicode char U+0439 (decimal 1081)
   defining Unicode char U+043A (decimal 1082)
   defining Unicode char U+043B (decimal 1083)
   defining Unicode char U+043C (decimal 1084)
   defining Unicode char U+043D (decimal 1085)
   defining Unicode char U+043E (decimal 1086)
   defining Unicode char U+043F (decimal 1087)
   defining Unicode char U+0440 (decimal 1088)
   defining Unicode char U+0441 (decimal 1089)
   defining Unicode char U+0442 (decimal 1090)
   defining Unicode char U+0443 (decimal 1091)
   defining Unicode char U+0444 (decimal 1092)
   defining Unicode char U+0445 (decimal 1093)
   defining Unicode char U+0446 (decimal 1094)
   defining Unicode char U+0447 (decimal 1095)
   defining Unicode char U+0448 (decimal 1096)
   defining Unicode char U+0449 (decimal 1097)
   defining Unicode char U+044A (decimal 1098)
   defining Unicode char U+044B (decimal 1099)
   defining Unicode char U+044C (decimal 1100)
   defining Unicode char U+044D (decimal 1101)
   defining Unicode char U+044E (decimal 1102)
   defining Unicode char U+044F (decimal 1103)
   defining Unicode char U+0450 (decimal 1104)
   defining Unicode char U+0451 (decimal 1105)
   defining Unicode char U+0452 (decimal 1106)
   defining Unicode char U+0453 (decimal 1107)
   defining Unicode char U+0454 (decimal 1108)
   defining Unicode char U+0455 (decimal 1109)
   defining Unicode char U+0456 (decimal 1110)
   defining Unicode char U+0457 (decimal 1111)
   defining Unicode char U+0458 (decimal 1112)
   defining Unicode char U+0459 (decimal 1113)
   defining Unicode char U+045A (decimal 1114)
   defining Unicode char U+045B (decimal 1115)
   defining Unicode char U+045C (decimal 1116)
   defining Unicode char U+045D (decimal 1117)
   defining Unicode char U+045E (decimal 1118)
   defining Unicode char U+045F (decimal 1119)
   defining Unicode char U+0490 (decimal 1168)
   defining Unicode char U+0491 (decimal 1169)
   defining Unicode char U+0492 (decimal 1170)
   defining Unicode char U+0493 (decimal 1171)
   defining Unicode char U+0496 (decimal 1174)
   defining Unicode char U+0497 (decimal 1175)
   defining Unicode char U+0498 (decimal 1176)
   defining Unicode char U+0499 (decimal 1177)
   defining Unicode char U+049A (decimal 1178)
   defining Unicode char U+049B (decimal 1179)
   defining Unicode char U+049C (decimal 1180)
   defining Unicode char U+049D (decimal 1181)
   defining Unicode char U+04A0 (decimal 1184)
   defining Unicode char U+04A1 (decimal 1185)
   defining Unicode char U+04A2 (decimal 1186)
   defining Unicode char U+04A3 (decimal 1187)
   defining Unicode char U+04A4 (decimal 1188)
   defining Unicode char U+04A5 (decimal 1189)
   defining Unicode char U+04AA (decimal 1194)
   defining Unicode char U+04AB (decimal 1195)
   defining Unicode char U+04AE (decimal 1198)
   defining Unicode char U+04AF (decimal 1199)
   defining Unicode char U+04B0 (decimal 1200)
   defining Unicode char U+04B1 (decimal 1201)
   defining Unicode char U+04B2 (decimal 1202)
   defining Unicode char U+04B3 (decimal 1203)
   defining Unicode char U+04B6 (decimal 1206)
   defining Unicode char U+04B7 (decimal 1207)
   defining Unicode char U+04B8 (decimal 1208)
   defining Unicode char U+04B9 (decimal 1209)
   defining Unicode char U+04BA (decimal 1210)
   defining Unicode char U+04BB (decimal 1211)
   defining Unicode char U+04C0 (decimal 1216)
   defining Unicode char U+04C1 (decimal 1217)
   defining Unicode char U+04C2 (decimal 1218)
   defining Unicode char U+04D0 (decimal 1232)
   defining Unicode char U+04D1 (decimal 1233)
   defining Unicode char U+04D2 (decimal 1234)
   defining Unicode char U+04D3 (decimal 1235)
   defining Unicode char U+04D4 (decimal 1236)
   defining Unicode char U+04D5 (decimal 1237)
   defining Unicode char U+04D6 (decimal 1238)
   defining Unicode char U+04D7 (decimal 1239)
   defining Unicode char U+04D8 (decimal 1240)
   defining Unicode char U+04D9 (decimal 1241)
   defining Unicode char U+04DA (decimal 1242)
   defining Unicode char U+04DB (decimal 1243)
   defining Unicode char U+04DC (decimal 1244)
   defining Unicode char U+04DD (decimal 1245)
   defining Unicode char U+04DE (decimal 1246)
   defining Unicode char U+04DF (decimal 1247)
   defining Unicode char U+04E2 (decimal 1250)
   defining Unicode char U+04E3 (decimal 1251)
   defining Unicode char U+04E4 (decimal 1252)
   defining Unicode char U+04E5 (decimal 1253)
   defining Unicode char U+04E6 (decimal 1254)
   defining Unicode char U+04E7 (decimal 1255)
   defining Unicode char U+04E8 (decimal 1256)
   defining Unicode char U+04E9 (decimal 1257)
   defining Unicode char U+04EC (decimal 1260)
   defining Unicode char U+04ED (decimal 1261)
   defining Unicode char U+04EE (decimal 1262)
   defining Unicode char U+04EF (decimal 1263)
   defining Unicode char U+04F0 (decimal 1264)
   defining Unicode char U+04F1 (decimal 1265)
   defining Unicode char U+04F2 (decimal 1266)
   defining Unicode char U+04F3 (decimal 1267)
   defining Unicode char U+04F4 (decimal 1268)
   defining Unicode char U+04F5 (decimal 1269)
   defining Unicode char U+04F8 (decimal 1272)
   defining Unicode char U+04F9 (decimal 1273)
   defining Unicode char U+200C (decimal 8204)
   defining Unicode char U+2013 (decimal 8211)
   defining Unicode char U+2014 (decimal 8212)
   defining Unicode char U+2018 (decimal 8216)
   defining Unicode char U+2019 (decimal 8217)
   defining Unicode char U+201C (decimal 8220)
   defining Unicode char U+201D (decimal 8221)
   defining Unicode char U+201E (decimal 8222)
   defining Unicode char U+2030 (decimal 8240)
   defining Unicode char U+2031 (decimal 8241)
   defining Unicode char U+2116 (decimal 8470)
   defining Unicode char U+2329 (decimal 9001)
   defining Unicode char U+3008 (decimal 12296)
   defining Unicode char U+232A (decimal 9002)
   defining Unicode char U+3009 (decimal 12297)
   defining Unicode char U+2423 (decimal 9251)
   defining Unicode char U+27E8 (decimal 10216)
   defining Unicode char U+27E9 (decimal 10217)
   defining Unicode char U+FB00 (decimal 64256)
   defining Unicode char U+FB01 (decimal 64257)
   defining Unicode char U+FB02 (decimal 64258)
   defining Unicode char U+FB03 (decimal 64259)
   defining Unicode char U+FB04 (decimal 64260)
   defining Unicode char U+FB05 (decimal 64261)
   defining Unicode char U+FB06 (decimal 64262)
)
\symT2Aletters=\mathgroup4
)
LaTeX Font Info:    Trying to load font information for T2A+cmr on input line 1
12.

(/nix/store/9wfzpbig5gll5va7ylcqxvjpmdzq5c24-texlive-2023-env-texmfdist/tex/lat
ex/cyrillic/t2acmr.fd
File: t2acmr.fd 2001/08/11 v1.0a Computer Modern Cyrillic font definitions
))
(/nix/store/9wfzpbig5gll5va7ylcqxvjpmdzq5c24-texlive-2023-env-texmfdist/tex/lat
ex/base/inputenc.sty
Package: inputenc 2021/02/14 v1.3d Input encoding file
\inpenc@prehook=\toks17
\inpenc@posthook=\toks18
)
(/nix/store/9wfzpbig5gll5va7ylcqxvjpmdzq5c24-texlive-2023-env-texmfdist/tex/gen
eric/babel/babel.sty
Package: babel 2024/01/07 v24.1 The Babel package
\babel@savecnt=\count195
\U@D=\dimen140
\l@unhyphenated=\language89

(/nix/store/9wfzpbig5gll5va7ylcqxvjpmdzq5c24-texlive-2023-env-texmfdist/tex/gen
eric/babel/txtbabel.def)
\bbl@readstream=\read2
\bbl@dirlevel=\count196

(/nix/store/9wfzpbig5gll5va7ylcqxvjpmdzq5c24-texlive-2023-env-texmfdist/tex/gen
eric/babel-english/english.ldf
Language: english 2017/06/06 v3.3r English support from the babel system
Package babel Info: Hyphen rules for 'canadian' set to \l@english
(babel)             (\language0). Reported on input line 102.
Package babel Info: Hyphen rules for 'australian' set to \l@ukenglish
(babel)             (\language23). Reported on input line 105.
Package babel Info: Hyphen rules for 'newzealand' set to \l@ukenglish
(babel)             (\language23). Reported on input line 108.
)
(/nix/store/9wfzpbig5gll5va7ylcqxvjpmdzq5c24-texlive-2023-env-texmfdist/tex/gen
eric/babel-russian/russianb.ldf
File: russianb.ldf 2021/01/10 1.3m Russian support for the Babel system
Language: russian 2020/09/09 1.3k Russian support for the Babel system
Package babel Info: Making " an active character on input line 124.
Package babel Info: Default for \cyrdash is provided on input line 163.
))
(/nix/store/9wfzpbig5gll5va7ylcqxvjpmdzq5c24-texlive-2023-env-texmfdist/tex/gen
eric/babel/locale/ru/babel-russian.tex
Package babel Info: Importing font and identification data for russian
(babel)             from babel-ru.ini. Reported on input line 11.
)
(/nix/store/9wfzpbig5gll5va7ylcqxvjpmdzq5c24-texlive-2023-env-texmfdist/tex/gen
eric/babel/locale/en/babel-english.tex
Package babel Info: Importing font and identification data for english
(babel)             from babel-en.ini. Reported on input line 11.
)
(/nix/store/9wfzpbig5gll5va7ylcqxvjpmdzq5c24-texlive-2023-env-texmfdist/tex/lat
ex/base/flafter.sty
Package: flafter 2021/07/31 v1.4e Standard LaTeX floats after reference (FMi)
Applying: [2015/01/01] float order in 2-column on input line 49.
Already applied: [0000/00/00] float order in 2-column on input line 151.
)
\GostItemGap=\skip58
\GostItemIndent=\skip59

(/nix/store/9wfzpbig5gll5va7ylcqxvjpmdzq5c24-texlive-2023-env-texmfdist/tex/lat
ex/amsfonts/amssymb.sty
Package: amssymb 2013/01/14 v3.01 AMS font symbols

(/nix/store/9wfzpbig5gll5va7ylcqxvjpmdzq5c24-texlive-2023-env-texmfdist/tex/lat
ex/amsfonts/amsfonts.sty
Package: amsfonts 2013/01/14 v3.01 Basic AMSFonts support
\@emptytoks=\toks19
\symAMSa=\mathgroup5
\symAMSb=\mathgroup6
LaTeX Font Info:    Redeclaring math symbol \hbar on input line 98.
LaTeX Font Info:    Overwriting math alphabet `\mathfrak' in version `bold'
(Font)                  U/euf/m/n --> U/euf/b/n on input line 106.
))
(/nix/store/9wfzpbig5gll5va7ylcqxvjpmdzq5c24-texlive-2023-env-texmfdist/tex/lat
ex/was/icomma.sty
Package: icomma 2002/03/10 v2.0 (WaS)
)
(/nix/store/9wfzpbig5gll5va7ylcqxvjpmdzq5c24-texlive-2023-env-texmfdist/tex/lat
ex/base/leqno.clo
File: leqno.clo 2016/12/29 v1.2b Standard LaTeX option (left equation numbers)
)
\Gost@EqRemLen=\skip60
\Gost@@EqRemLen=\skip61

(/nix/store/9wfzpbig5gll5va7ylcqxvjpmdzq5c24-texlive-2023-env-texmfdist/tex/lat
ex/caption/caption.sty
Package: caption 2023/08/05 v3.6o Customizing captions (AR)

(/nix/store/9wfzpbig5gll5va7ylcqxvjpmdzq5c24-texlive-2023-env-texmfdist/tex/lat
ex/caption/caption3.sty
Package: caption3 2023/07/31 v2.4d caption3 kernel (AR)

(/nix/store/9wfzpbig5gll5va7ylcqxvjpmdzq5c24-texlive-2023-env-texmfdist/tex/lat
ex/graphics/keyval.sty
Package: keyval 2022/05/29 v1.15 key=value parser (DPC)
\KV@toks@=\toks20
)
\caption@tempdima=\dimen141
\captionmargin=\dimen142
\caption@leftmargin=\dimen143
\caption@rightmargin=\dimen144
\caption@width=\dimen145
\caption@indent=\dimen146
\caption@parindent=\dimen147
\caption@hangindent=\dimen148
\abovecaptionskip=\skip62
\belowcaptionskip=\skip63
Package caption Info: Document class w/o caption stuff detected.
)
\c@caption@flags=\count197
\c@continuedfloat=\count198
)
\c@figure=\count199
\c@table=\count266

(/nix/store/9wfzpbig5gll5va7ylcqxvjpmdzq5c24-texlive-2023-env-texmfdist/tex/lat
ex/tools/longtable.sty
Package: longtable 2023-11-01 v4.19 Multi-page Table package (DPC)
\LTleft=\skip64
\LTright=\skip65
\LTpre=\skip66
\LTpost=\skip67
\LTchunksize=\count267
\LTcapwidth=\dimen149
\LT@head=\box51
\LT@firsthead=\box52
\LT@foot=\box53
\LT@lastfoot=\box54
\LT@gbox=\box55
\LT@cols=\count268
\LT@rows=\count269
\c@LT@tables=\count270
\c@LT@chunks=\count271
\LT@p@ftn=\toks21
)
(/nix/store/9wfzpbig5gll5va7ylcqxvjpmdzq5c24-texlive-2023-env-texmfdist/tex/lat
ex/footmisc/footmisc.sty
Package: footmisc 2023/07/05 v6.0f a miscellany of footnote facilities
\FN@temptoken=\toks22
\footnotemargin=\dimen150
\@outputbox@depth=\dimen151
Package footmisc Info: Declaring symbol style bringhurst on input line 696.
Package footmisc Info: Declaring symbol style chicago on input line 704.
Package footmisc Info: Declaring symbol style wiley on input line 713.
Package footmisc Info: Declaring symbol style lamport-robust on input line 724.

Package footmisc Info: Declaring symbol style lamport* on input line 744.
Package footmisc Info: Declaring symbol style lamport*-robust on input line 765
.
)
\bibindent=\dimen152
)
(/nix/store/9wfzpbig5gll5va7ylcqxvjpmdzq5c24-texlive-2023-env-texmfdist/tex/lat
ex/geometry/geometry.sty
Package: geometry 2020/01/02 v5.9 Page Geometry

(/nix/store/9wfzpbig5gll5va7ylcqxvjpmdzq5c24-texlive-2023-env-texmfdist/tex/gen
eric/iftex/ifvtex.sty
Package: ifvtex 2019/10/25 v1.7 ifvtex legacy package. Use iftex instead.

(/nix/store/9wfzpbig5gll5va7ylcqxvjpmdzq5c24-texlive-2023-env-texmfdist/tex/gen
eric/iftex/iftex.sty
Package: iftex 2022/02/03 v1.0f TeX engine tests
))
\Gm@cnth=\count272
\Gm@cntv=\count273
\c@Gm@tempcnt=\count274
\Gm@bindingoffset=\dimen153
\Gm@wd@mp=\dimen154
\Gm@odd@mp=\dimen155
\Gm@even@mp=\dimen156
\Gm@layoutwidth=\dimen157
\Gm@layoutheight=\dimen158
\Gm@layouthoffset=\dimen159
\Gm@layoutvoffset=\dimen160
\Gm@dimlist=\toks23
) (./G7-32.sty
Package: G7-32 2003/07/07 v1.00 Titles for GOST 7.32-2001
))
(/nix/store/9wfzpbig5gll5va7ylcqxvjpmdzq5c24-texlive-2023-env-texmfdist/tex/lat
ex/mathtools/mathtools.sty
Package: mathtools 2022/06/29 v1.29 mathematical typesetting tools

(/nix/store/9wfzpbig5gll5va7ylcqxvjpmdzq5c24-texlive-2023-env-texmfdist/tex/lat
ex/tools/calc.sty
Package: calc 2023/07/08 v4.3 Infix arithmetic (KKT,FJ)
\calc@Acount=\count275
\calc@Bcount=\count276
\calc@Adimen=\dimen161
\calc@Bdimen=\dimen162
\calc@Askip=\skip68
\calc@Bskip=\skip69
LaTeX Info: Redefining \setlength on input line 80.
LaTeX Info: Redefining \addtolength on input line 81.
\calc@Ccount=\count277
\calc@Cskip=\skip70
)
(/nix/store/9wfzpbig5gll5va7ylcqxvjpmdzq5c24-texlive-2023-env-texmfdist/tex/lat
ex/mathtools/mhsetup.sty
Package: mhsetup 2021/03/18 v1.4 programming setup (MH)
)
(/nix/store/9wfzpbig5gll5va7ylcqxvjpmdzq5c24-texlive-2023-env-texmfdist/tex/lat
ex/amsmath/amsmath.sty
Package: amsmath 2023/05/13 v2.17o AMS math features
\@mathmargin=\skip71

For additional information on amsmath, use the `?' option.

(/nix/store/9wfzpbig5gll5va7ylcqxvjpmdzq5c24-texlive-2023-env-texmfdist/tex/lat
ex/amsmath/amstext.sty
Package: amstext 2021/08/26 v2.01 AMS text

(/nix/store/9wfzpbig5gll5va7ylcqxvjpmdzq5c24-texlive-2023-env-texmfdist/tex/lat
ex/amsmath/amsgen.sty
File: amsgen.sty 1999/11/30 v2.0 generic functions
\@emptytoks=\toks24
\ex@=\dimen163
))
(/nix/store/9wfzpbig5gll5va7ylcqxvjpmdzq5c24-texlive-2023-env-texmfdist/tex/lat
ex/amsmath/amsbsy.sty
Package: amsbsy 1999/11/29 v1.2d Bold Symbols
\pmbraise@=\dimen164
)
(/nix/store/9wfzpbig5gll5va7ylcqxvjpmdzq5c24-texlive-2023-env-texmfdist/tex/lat
ex/amsmath/amsopn.sty
Package: amsopn 2022/04/08 v2.04 operator names
)
\inf@bad=\count278
LaTeX Info: Redefining \frac on input line 234.
\uproot@=\count279
\leftroot@=\count280
LaTeX Info: Redefining \overline on input line 399.
LaTeX Info: Redefining \colon on input line 410.
\classnum@=\count281
\DOTSCASE@=\count282
LaTeX Info: Redefining \ldots on input line 496.
LaTeX Info: Redefining \dots on input line 499.
LaTeX Info: Redefining \cdots on input line 620.
\Mathstrutbox@=\box56
\strutbox@=\box57
LaTeX Info: Redefining \big on input line 722.
LaTeX Info: Redefining \Big on input line 723.
LaTeX Info: Redefining \bigg on input line 724.
LaTeX Info: Redefining \Bigg on input line 725.
\big@size=\dimen165
LaTeX Font Info:    Redeclaring font encoding OML on input line 743.
\symOMLletters=\mathgroup7
LaTeX Font Info:    Redeclaring font encoding OMS on input line 744.
\symOMSletters=\mathgroup8
\macc@depth=\count283
LaTeX Info: Redefining \bmod on input line 905.
LaTeX Info: Redefining \pmod on input line 910.
LaTeX Info: Redefining \smash on input line 940.
LaTeX Info: Redefining \relbar on input line 970.
LaTeX Info: Redefining \Relbar on input line 971.
\c@MaxMatrixCols=\count284
\dotsspace@=\muskip16
\c@parentequation=\count285
\dspbrk@lvl=\count286
\tag@help=\toks25
\row@=\count287
\column@=\count288
\maxfields@=\count289
\andhelp@=\toks26
\eqnshift@=\dimen166
\alignsep@=\dimen167
\tagshift@=\dimen168
\tagwidth@=\dimen169
\totwidth@=\dimen170
\lineht@=\dimen171
\@envbody=\toks27
\multlinegap=\skip72
\multlinetaggap=\skip73
\mathdisplay@stack=\toks28
LaTeX Info: Redefining \[ on input line 2953.
LaTeX Info: Redefining \] on input line 2954.
)
\g_MT_multlinerow_int=\count290
\l_MT_multwidth_dim=\dimen172
\origjot=\skip74
\l_MT_shortvdotswithinadjustabove_dim=\dimen173
\l_MT_shortvdotswithinadjustbelow_dim=\dimen174
\l_MT_above_intertext_sep=\dimen175
\l_MT_below_intertext_sep=\dimen176
\l_MT_above_shortintertext_sep=\dimen177
\l_MT_below_shortintertext_sep=\dimen178
\xmathstrut@box=\box58
\xmathstrut@dim=\dimen179
) (./doc-spec/constants_id.tex)
(./doc-spec/preamble_common.tex
(/nix/store/9wfzpbig5gll5va7ylcqxvjpmdzq5c24-texlive-2023-env-texmfdist/tex/lat
ex/base/fontenc.sty
Package: fontenc 2021/04/29 v2.0v Standard LaTeX package
)
(/nix/store/9wfzpbig5gll5va7ylcqxvjpmdzq5c24-texlive-2023-env-texmfdist/tex/lat
ex/float/float.sty
Package: float 2001/11/08 v1.3d Float enhancements (AL)
\c@float@type=\count291
\float@exts=\toks29
\float@box=\box59
\@float@everytoks=\toks30
\@floatcapt=\box60
)
(/nix/store/9wfzpbig5gll5va7ylcqxvjpmdzq5c24-texlive-2023-env-texmfdist/tex/lat
ex/graphics/rotating.sty
Package: rotating 2016/08/11 v2.16d rotated objects in LaTeX

(/nix/store/9wfzpbig5gll5va7ylcqxvjpmdzq5c24-texlive-2023-env-texmfdist/tex/lat
ex/graphics/graphicx.sty
Package: graphicx 2021/09/16 v1.2d Enhanced LaTeX Graphics (DPC,SPQR)

(/nix/store/9wfzpbig5gll5va7ylcqxvjpmdzq5c24-texlive-2023-env-texmfdist/tex/lat
ex/graphics/graphics.sty
Package: graphics 2022/03/10 v1.4e Standard LaTeX Graphics (DPC,SPQR)

(/nix/store/9wfzpbig5gll5va7ylcqxvjpmdzq5c24-texlive-2023-env-texmfdist/tex/lat
ex/graphics/trig.sty
Package: trig 2021/08/11 v1.11 sin cos tan (DPC)
)
(/nix/store/9wfzpbig5gll5va7ylcqxvjpmdzq5c24-texlive-2023-env-texmfdist/tex/lat
ex/graphics-cfg/graphics.cfg
File: graphics.cfg 2016/06/04 v1.11 sample graphics configuration
)
Package graphics Info: Driver file: pdftex.def on input line 107.

(/nix/store/9wfzpbig5gll5va7ylcqxvjpmdzq5c24-texlive-2023-env-texmfdist/tex/lat
ex/graphics-def/pdftex.def
File: pdftex.def 2022/09/22 v1.2b Graphics/color driver for pdftex
))
\Gin@req@height=\dimen180
\Gin@req@width=\dimen181
)
(/nix/store/9wfzpbig5gll5va7ylcqxvjpmdzq5c24-texlive-2023-env-texmfdist/tex/lat
ex/base/ifthen.sty
Package: ifthen 2022/04/13 v1.1d Standard LaTeX ifthen package (DPC)
)
\c@r@tfl@t=\count292
\rotFPtop=\skip75
\rotFPbot=\skip76
\rot@float@box=\box61
\rot@mess@toks=\toks31
)
(/nix/store/9wfzpbig5gll5va7ylcqxvjpmdzq5c24-texlive-2023-env-texmfdist/tex/lat
ex/multirow/multirow.sty
Package: multirow 2021/03/15 v2.8 Span multiple rows of a table
\multirow@colwidth=\skip77
\multirow@cntb=\count293
\multirow@dima=\skip78
\bigstrutjot=\dimen182
)
(/nix/store/9wfzpbig5gll5va7ylcqxvjpmdzq5c24-texlive-2023-env-texmfdist/tex/lat
ex/pdflscape/pdflscape.sty
Package: pdflscape 2022-10-27 v0.13 Display of landscape pages in PDF

(/nix/store/9wfzpbig5gll5va7ylcqxvjpmdzq5c24-texlive-2023-env-texmfdist/tex/lat
ex/pdflscape/pdflscape-nometadata.sty
Package: pdflscape-nometadata 2022-10-28 v0.13 Display of landscape pages in PD
F (HO)

(/nix/store/9wfzpbig5gll5va7ylcqxvjpmdzq5c24-texlive-2023-env-texmfdist/tex/lat
ex/graphics/lscape.sty
Package: lscape 2020/05/28 v3.02 Landscape Pages (DPC)
)
Package pdflscape Info: Auto-detected driver: pdftex on input line 81.
))
(/nix/store/9wfzpbig5gll5va7ylcqxvjpmdzq5c24-texlive-2023-env-texmfdist/tex/lat
ex/tools/bm.sty
Package: bm 2023/07/08 v1.2f Bold Symbol Support (DPC/FMi)
\symboldoperators=\mathgroup9
\symboldletters=\mathgroup10
\symboldsymbols=\mathgroup11
Package bm Info: No bold for \OMX/cmex/m/n, using \pmb.
Package bm Info: No bold for \T2A/cmr/m/up, using \pmb.
Package bm Info: No bold for \U/msa/m/n, using \pmb.
Package bm Info: No bold for \U/msb/m/n, using \pmb.
Package bm Info: No bold for \OML/cmr/m/up, using \pmb.
Package bm Info: No bold for \OMS/cmr/m/up, using \pmb.
LaTeX Font Info:    Redeclaring math alphabet \mathbf on input line 149.
)
(/nix/store/9wfzpbig5gll5va7ylcqxvjpmdzq5c24-texlive-2023-env-texmfdist/tex/lat
ex/tools/array.sty
Package: array 2023/10/16 v2.5g Tabular extension package (FMi)
\col@sep=\dimen183
\ar@mcellbox=\box62
\extrarowheight=\dimen184
\NC@list=\toks32
\extratabsurround=\skip79
\backup@length=\skip80
\ar@cellbox=\box63
)
(/nix/store/9wfzpbig5gll5va7ylcqxvjpmdzq5c24-texlive-2023-env-texmfdist/tex/lat
ex/tools/multicol.sty
Package: multicol 2023/03/30 v1.9f multicolumn formatting (FMi)
\c@tracingmulticols=\count294
\mult@box=\box64
\multicol@leftmargin=\dimen185
\c@unbalance=\count295
\c@collectmore=\count296
\doublecol@number=\count297
\multicoltolerance=\count298
\multicolpretolerance=\count299
\full@width=\dimen186
\page@free=\dimen187
\premulticols=\dimen188
\postmulticols=\dimen189
\multicolsep=\skip81
\multicolbaselineskip=\skip82
\partial@page=\box65
\last@line=\box66
\mc@boxedresult=\box67
\maxbalancingoverflow=\dimen190
\mult@rightbox=\box68
\mult@grightbox=\box69
\mult@firstbox=\box70
\mult@gfirstbox=\box71
\@tempa=\box72
\@tempa=\box73
\@tempa=\box74
\@tempa=\box75
\@tempa=\box76
\@tempa=\box77
\@tempa=\box78
\@tempa=\box79
\@tempa=\box80
\@tempa=\box81
\@tempa=\box82
\@tempa=\box83
\@tempa=\box84
\@tempa=\box85
\@tempa=\box86
\@tempa=\box87
\@tempa=\box88
\@tempa=\box89
\@tempa=\box90
\@tempa=\box91
\@tempa=\box92
\@tempa=\box93
\@tempa=\box94
\@tempa=\box95
\@tempa=\box96
\@tempa=\box97
\@tempa=\box98
\@tempa=\box99
\@tempa=\box100
\@tempa=\box101
\@tempa=\box102
\@tempa=\box103
\@tempa=\box104
\@tempa=\box105
\@tempa=\box106
\@tempa=\box107
\c@minrows=\count300
\c@columnbadness=\count301
\c@finalcolumnbadness=\count302
\last@try=\dimen191
\multicolovershoot=\dimen192
\multicolundershoot=\dimen193
\mult@nat@firstbox=\box108
\colbreak@box=\box109
\mc@col@check@num=\count303
)
(/nix/store/9wfzpbig5gll5va7ylcqxvjpmdzq5c24-texlive-2023-env-texmfdist/tex/lat
ex/relsize/relsize.sty
Package: relsize 2013/03/29 ver 4.1
)
(/nix/store/9wfzpbig5gll5va7ylcqxvjpmdzq5c24-texlive-2023-env-texmfdist/tex/lat
ex/booktabs/booktabs.sty
Package: booktabs 2020/01/12 v1.61803398 Publication quality tables
\heavyrulewidth=\dimen194
\lightrulewidth=\dimen195
\cmidrulewidth=\dimen196
\belowrulesep=\dimen197
\belowbottomsep=\dimen198
\aboverulesep=\dimen199
\abovetopsep=\dimen256
\cmidrulesep=\dimen257
\cmidrulekern=\dimen258
\defaultaddspace=\dimen259
\@cmidla=\count304
\@cmidlb=\count305
\@aboverulesep=\dimen260
\@belowrulesep=\dimen261
\@thisruleclass=\count306
\@lastruleclass=\count307
\@thisrulewidth=\dimen262
)
(/nix/store/9wfzpbig5gll5va7ylcqxvjpmdzq5c24-texlive-2023-env-texmfdist/tex/gen
eric/ulem/ulem.sty
\UL@box=\box110
\UL@hyphenbox=\box111
\UL@skip=\skip83
\UL@hook=\toks33
\UL@height=\dimen263
\UL@pe=\count308
\UL@pixel=\dimen264
\ULC@box=\box112
Package: ulem 2019/11/18
\ULdepth=\dimen265
)
(/nix/store/9wfzpbig5gll5va7ylcqxvjpmdzq5c24-texlive-2023-env-texmfdist/tex/lat
ex/gitinfo2/gitinfo2.sty
Package: gitinfo2 2015/11/22 v2.0.7 git revision information

(/nix/store/9wfzpbig5gll5va7ylcqxvjpmdzq5c24-texlive-2023-env-texmfdist/tex/lat
ex/etoolbox/etoolbox.sty
Package: etoolbox 2020/10/05 v2.5k e-TeX tools for LaTeX (JAW)
\etb@tempcnta=\count309
)
(/nix/store/9wfzpbig5gll5va7ylcqxvjpmdzq5c24-texlive-2023-env-texmfdist/tex/gen
eric/xstring/xstring.sty
(/nix/store/9wfzpbig5gll5va7ylcqxvjpmdzq5c24-texlive-2023-env-texmfdist/tex/gen
eric/xstring/xstring.tex
\xs_counta=\count310
\xs_countb=\count311
)
Package: xstring 2023/08/22 v1.86 String manipulations (CT)
)
(/nix/store/9wfzpbig5gll5va7ylcqxvjpmdzq5c24-texlive-2023-env-texmfdist/tex/lat
ex/kvoptions/kvoptions.sty
Package: kvoptions 2022-06-15 v3.15 Key value format for package options (HO)

(/nix/store/9wfzpbig5gll5va7ylcqxvjpmdzq5c24-texlive-2023-env-texmfdist/tex/gen
eric/ltxcmds/ltxcmds.sty
Package: ltxcmds 2023-12-04 v1.26 LaTeX kernel commands for general use (HO)
)
(/nix/store/9wfzpbig5gll5va7ylcqxvjpmdzq5c24-texlive-2023-env-texmfdist/tex/lat
ex/kvsetkeys/kvsetkeys.sty
Package: kvsetkeys 2022-10-05 v1.19 Key value parser (HO)
))
(/nix/store/9wfzpbig5gll5va7ylcqxvjpmdzq5c24-texlive-2023-env-texmfdist/tex/lat
ex/eso-pic/eso-pic.sty
Package: eso-pic 2023/05/03 v3.0c eso-pic (RN)
\ESO@tempdima=\dimen266
\ESO@tempdimb=\dimen267

(/nix/store/9wfzpbig5gll5va7ylcqxvjpmdzq5c24-texlive-2023-env-texmfdist/tex/lat
ex/xcolor/xcolor.sty
Package: xcolor 2023/11/15 v3.01 LaTeX color extensions (UK)

(/nix/store/9wfzpbig5gll5va7ylcqxvjpmdzq5c24-texlive-2023-env-texmfdist/tex/lat
ex/graphics-cfg/color.cfg
File: color.cfg 2016/01/02 v1.6 sample color configuration
)
Package xcolor Info: Driver file: pdftex.def on input line 274.

(/nix/store/9wfzpbig5gll5va7ylcqxvjpmdzq5c24-texlive-2023-env-texmfdist/tex/lat
ex/graphics/mathcolor.ltx)
Package xcolor Info: Model `cmy' substituted by `cmy0' on input line 1350.
Package xcolor Info: Model `hsb' substituted by `rgb' on input line 1354.
Package xcolor Info: Model `RGB' extended on input line 1366.
Package xcolor Info: Model `HTML' substituted by `rgb' on input line 1368.
Package xcolor Info: Model `Hsb' substituted by `hsb' on input line 1369.
Package xcolor Info: Model `tHsb' substituted by `hsb' on input line 1370.
Package xcolor Info: Model `HSB' substituted by `hsb' on input line 1371.
Package xcolor Info: Model `Gray' substituted by `gray' on input line 1372.
Package xcolor Info: Model `wave' substituted by `hsb' on input line 1373.
))
Package gitinfo2 Info: gitinfo2 found : ../../../.git/gitHeadInfo.gin
(gitinfo2)              on input line 128.

(/home/tesserakt/Documents/Programming/Rust/Kodept/docs/nirs/build//../../../.g
it/gitHeadInfo.gin)
(/nix/store/9wfzpbig5gll5va7ylcqxvjpmdzq5c24-texlive-2023-env-texmfdist/tex/lat
ex/gitinfo2/gitexinfo.sty
Package: gitexinfo 2015/11/22 v2.0.7 Auxiliary package for gitinfo2
))
(/nix/store/9wfzpbig5gll5va7ylcqxvjpmdzq5c24-texlive-2023-env-texmfdist/tex/lat
ex/hyperref/hyperref.sty
Package: hyperref 2023-11-26 v7.01g Hypertext links for LaTeX

(/nix/store/9wfzpbig5gll5va7ylcqxvjpmdzq5c24-texlive-2023-env-texmfdist/tex/gen
eric/infwarerr/infwarerr.sty
Package: infwarerr 2019/12/03 v1.5 Providing info/warning/error messages (HO)
)
(/nix/store/9wfzpbig5gll5va7ylcqxvjpmdzq5c24-texlive-2023-env-texmfdist/tex/gen
eric/kvdefinekeys/kvdefinekeys.sty
Package: kvdefinekeys 2019-12-19 v1.6 Define keys (HO)
)
(/nix/store/9wfzpbig5gll5va7ylcqxvjpmdzq5c24-texlive-2023-env-texmfdist/tex/gen
eric/pdfescape/pdfescape.sty
Package: pdfescape 2019/12/09 v1.15 Implements pdfTeX's escape features (HO)

(/nix/store/9wfzpbig5gll5va7ylcqxvjpmdzq5c24-texlive-2023-env-texmfdist/tex/gen
eric/pdftexcmds/pdftexcmds.sty
Package: pdftexcmds 2020-06-27 v0.33 Utility functions of pdfTeX for LuaTeX (HO
)
Package pdftexcmds Info: \pdf@primitive is available.
Package pdftexcmds Info: \pdf@ifprimitive is available.
Package pdftexcmds Info: \pdfdraftmode found.
))
(/nix/store/9wfzpbig5gll5va7ylcqxvjpmdzq5c24-texlive-2023-env-texmfdist/tex/lat
ex/hycolor/hycolor.sty
Package: hycolor 2020-01-27 v1.10 Color options for hyperref/bookmark (HO)
)
(/nix/store/9wfzpbig5gll5va7ylcqxvjpmdzq5c24-texlive-2023-env-texmfdist/tex/lat
ex/letltxmacro/letltxmacro.sty
Package: letltxmacro 2019/12/03 v1.6 Let assignment for LaTeX macros (HO)
)
(/nix/store/9wfzpbig5gll5va7ylcqxvjpmdzq5c24-texlive-2023-env-texmfdist/tex/lat
ex/auxhook/auxhook.sty
Package: auxhook 2019-12-17 v1.6 Hooks for auxiliary files (HO)
)
(/nix/store/9wfzpbig5gll5va7ylcqxvjpmdzq5c24-texlive-2023-env-texmfdist/tex/lat
ex/hyperref/nameref.sty
Package: nameref 2023-11-26 v2.56 Cross-referencing by name of section

(/nix/store/9wfzpbig5gll5va7ylcqxvjpmdzq5c24-texlive-2023-env-texmfdist/tex/lat
ex/refcount/refcount.sty
Package: refcount 2019/12/15 v3.6 Data extraction from label references (HO)
)
(/nix/store/9wfzpbig5gll5va7ylcqxvjpmdzq5c24-texlive-2023-env-texmfdist/tex/gen
eric/gettitlestring/gettitlestring.sty
Package: gettitlestring 2019/12/15 v1.6 Cleanup title references (HO)
)
\c@section@level=\count312
)
\@linkdim=\dimen268
\Hy@linkcounter=\count313
\Hy@pagecounter=\count314

(/nix/store/9wfzpbig5gll5va7ylcqxvjpmdzq5c24-texlive-2023-env-texmfdist/tex/lat
ex/hyperref/pd1enc.def
File: pd1enc.def 2023-11-26 v7.01g Hyperref: PDFDocEncoding definition (HO)
Now handling font encoding PD1 ...
... no UTF-8 mapping file for font encoding PD1
\symPD1letters=\mathgroup12
)
(/nix/store/9wfzpbig5gll5va7ylcqxvjpmdzq5c24-texlive-2023-env-texmfdist/tex/gen
eric/intcalc/intcalc.sty
Package: intcalc 2019/12/15 v1.3 Expandable calculations with integers (HO)
)
\Hy@SavedSpaceFactor=\count315

(/nix/store/9wfzpbig5gll5va7ylcqxvjpmdzq5c24-texlive-2023-env-texmfdist/tex/lat
ex/hyperref/puenc.def
File: puenc.def 2023-11-26 v7.01g Hyperref: PDF Unicode definition (HO)
Now handling font encoding PU ...
... no UTF-8 mapping file for font encoding PU
\symPUletters=\mathgroup13
)
Package hyperref Info: Option `unicode' set `true' on input line 3167.
Package hyperref Info: Hyper figures OFF on input line 4181.
Package hyperref Info: Link nesting OFF on input line 4186.
Package hyperref Info: Hyper index ON on input line 4189.
Package hyperref Info: Plain pages OFF on input line 4196.
Package hyperref Info: Backreferencing OFF on input line 4201.
Package hyperref Info: Implicit mode ON; LaTeX internals redefined.
Package hyperref Info: Bookmarks ON on input line 4448.
\c@Hy@tempcnt=\count316

(/nix/store/9wfzpbig5gll5va7ylcqxvjpmdzq5c24-texlive-2023-env-texmfdist/tex/lat
ex/url/url.sty
\Urlmuskip=\muskip17
Package: url 2013/09/16  ver 3.4  Verb mode for urls, etc.
)
LaTeX Info: Redefining \url on input line 4786.
\XeTeXLinkMargin=\dimen269

(/nix/store/9wfzpbig5gll5va7ylcqxvjpmdzq5c24-texlive-2023-env-texmfdist/tex/gen
eric/bitset/bitset.sty
Package: bitset 2019/12/09 v1.3 Handle bit-vector datatype (HO)

(/nix/store/9wfzpbig5gll5va7ylcqxvjpmdzq5c24-texlive-2023-env-texmfdist/tex/gen
eric/bigintcalc/bigintcalc.sty
Package: bigintcalc 2019/12/15 v1.5 Expandable calculations on big integers (HO
)
))
\Fld@menulength=\count317
\Field@Width=\dimen270
\Fld@charsize=\dimen271
Package hyperref Info: Hyper figures OFF on input line 6065.
Package hyperref Info: Link nesting OFF on input line 6070.
Package hyperref Info: Hyper index ON on input line 6073.
Package hyperref Info: backreferencing OFF on input line 6080.
Package hyperref Info: Link coloring OFF on input line 6085.
Package hyperref Info: Link coloring with OCG OFF on input line 6090.
Package hyperref Info: PDF/A mode OFF on input line 6095.

(/nix/store/9wfzpbig5gll5va7ylcqxvjpmdzq5c24-texlive-2023-env-texmfdist/tex/lat
ex/base/atbegshi-ltx.sty
Package: atbegshi-ltx 2021/01/10 v1.0c Emulation of the original atbegshi
package with kernel methods
)
\Hy@abspage=\count318
\c@Item=\count319
\c@Hfootnote=\count320
)
Package hyperref Info: Driver (autodetected): hpdftex.

(/nix/store/9wfzpbig5gll5va7ylcqxvjpmdzq5c24-texlive-2023-env-texmfdist/tex/lat
ex/hyperref/hpdftex.def
File: hpdftex.def 2023-11-26 v7.01g Hyperref driver for pdfTeX

(/nix/store/9wfzpbig5gll5va7ylcqxvjpmdzq5c24-texlive-2023-env-texmfdist/tex/lat
ex/base/atveryend-ltx.sty
Package: atveryend-ltx 2020/08/19 v1.0a Emulation of the original atveryend pac
kage
with kernel methods
)
\Fld@listcount=\count321
\c@bookmark@seq@number=\count322

(/nix/store/9wfzpbig5gll5va7ylcqxvjpmdzq5c24-texlive-2023-env-texmfdist/tex/lat
ex/rerunfilecheck/rerunfilecheck.sty
Package: rerunfilecheck 2022-07-10 v1.10 Rerun checks for auxiliary files (HO)

(/nix/store/9wfzpbig5gll5va7ylcqxvjpmdzq5c24-texlive-2023-env-texmfdist/tex/gen
eric/uniquecounter/uniquecounter.sty
Package: uniquecounter 2019/12/15 v1.4 Provide unlimited unique counter (HO)
)
Package uniquecounter Info: New unique counter `rerunfilecheck' on input line 2
85.
)
\Hy@SectionHShift=\skip84
)
(/nix/store/9wfzpbig5gll5va7ylcqxvjpmdzq5c24-texlive-2023-env-texmfdist/tex/lat
ex/hyperxmp/hyperxmp.sty
Package: hyperxmp 2023/09/10 v5.12 Store hyperref metadata in XMP format
\hyxmp@aep@toks=\toks34

(/nix/store/9wfzpbig5gll5va7ylcqxvjpmdzq5c24-texlive-2023-env-texmfdist/tex/gen
eric/stringenc/stringenc.sty
Package: stringenc 2019/11/29 v1.12 Convert strings between diff. encodings (HO
)
)
(/nix/store/9wfzpbig5gll5va7ylcqxvjpmdzq5c24-texlive-2023-env-texmfdist/tex/lat
ex/ifmtarg/ifmtarg.sty
Package: ifmtarg 2018/04/16 v1.2b check for an empty argument
)
\@hyxmp@count=\count323

(/nix/store/9wfzpbig5gll5va7ylcqxvjpmdzq5c24-texlive-2023-env-texmfdist/tex/lat
ex/oberdiek/ifdraft.sty
Package: ifdraft 2016/05/16 v1.4 Detect class options draft and final (HO)
)
(/nix/store/9wfzpbig5gll5va7ylcqxvjpmdzq5c24-texlive-2023-env-texmfdist/tex/gen
eric/iftex/ifluatex.sty
Package: ifluatex 2019/10/25 v1.5 ifluatex legacy package. Use iftex instead.
))

Package hyperref Warning: Option `bookmarks' has already been used,
(hyperref)                setting the option has no effect on input line 63.

Package hyperref Info: Option `pdftoolbar' set `true' on input line 63.
Package hyperref Info: Option `pdfmenubar' set `true' on input line 63.
Package hyperref Info: Option `pdffitwindow' set `false' on input line 63.
Package hyperref Info: Option `pdfnewwindow' set `true' on input line 63.
Package hyperref Info: Option `colorlinks' set `true' on input line 63.

(/nix/store/9wfzpbig5gll5va7ylcqxvjpmdzq5c24-texlive-2023-env-texmfdist/tex/lat
ex/tools/xspace.sty
Package: xspace 2014/10/28 v1.13 Space after command names (DPC,MH)
)
(/nix/store/9wfzpbig5gll5va7ylcqxvjpmdzq5c24-texlive-2023-env-texmfdist/tex/lat
ex/glossaries/base/glossaries.sty
Package: glossaries 2023/09/29 v4.53 (NLCT)

(/nix/store/9wfzpbig5gll5va7ylcqxvjpmdzq5c24-texlive-2023-env-texmfdist/tex/lat
ex/xkeyval/xkeyval.sty
Package: xkeyval 2022/06/16 v2.9 package option processing (HA)

(/nix/store/9wfzpbig5gll5va7ylcqxvjpmdzq5c24-texlive-2023-env-texmfdist/tex/gen
eric/xkeyval/xkeyval.tex
(/nix/store/9wfzpbig5gll5va7ylcqxvjpmdzq5c24-texlive-2023-env-texmfdist/tex/gen
eric/xkeyval/xkvutils.tex
\XKV@toks=\toks35
\XKV@tempa@toks=\toks36
)
\XKV@depth=\count324
File: xkeyval.tex 2014/12/03 v2.7a key=value parser (HA)
))
(/nix/store/9wfzpbig5gll5va7ylcqxvjpmdzq5c24-texlive-2023-env-texmfdist/tex/lat
ex/mfirstuc/mfirstuc.sty
Package: mfirstuc 2022/10/14 v2.08 (NLCT)
\@glsmfirst=\toks37
\@glsmrest=\toks38
)
(/nix/store/9wfzpbig5gll5va7ylcqxvjpmdzq5c24-texlive-2023-env-texmfdist/tex/lat
ex/xfor/xfor.sty
Package: xfor 2009/02/05 v1.05 (NLCT)
)
(/nix/store/9wfzpbig5gll5va7ylcqxvjpmdzq5c24-texlive-2023-env-texmfdist/tex/lat
ex/datatool/datatool-base.sty
Package: datatool-base 2019/09/27 v2.32 (NLCT)

(/nix/store/9wfzpbig5gll5va7ylcqxvjpmdzq5c24-texlive-2023-env-texmfdist/tex/lat
ex/substr/substr.sty
Package: substr 2009/10/20 v1.2 Handle substrings
\c@su@anzahl=\count325
)
(/nix/store/9wfzpbig5gll5va7ylcqxvjpmdzq5c24-texlive-2023-env-texmfdist/tex/lat
ex/datatool/datatool-fp.sty
Package: datatool-fp 2019/09/27 v2.32 (NLCT)

(/nix/store/9wfzpbig5gll5va7ylcqxvjpmdzq5c24-texlive-2023-env-texmfdist/tex/lat
ex/fp/fp.sty
Package: fp 1995/04/02

`Fixed Point Package', Version 0.8, April 2, 1995 (C) Michael Mehlich
(/nix/store/9wfzpbig5gll5va7ylcqxvjpmdzq5c24-texlive-2023-env-texmfdist/tex/lat
ex/fp/defpattern.sty
Package: defpattern 1994/10/12
\actioncount=\count326
)
(/nix/store/9wfzpbig5gll5va7ylcqxvjpmdzq5c24-texlive-2023-env-texmfdist/tex/lat
ex/fp/fp-basic.sty
Package: fp-basic 1996/05/13
\FP@xs=\count327
\FP@xia=\count328
\FP@xib=\count329
\FP@xfa=\count330
\FP@xfb=\count331
\FP@rega=\count332
\FP@regb=\count333
\FP@regs=\count334
\FP@times=\count335
)
(/nix/store/9wfzpbig5gll5va7ylcqxvjpmdzq5c24-texlive-2023-env-texmfdist/tex/lat
ex/fp/fp-addons.sty
Package: fp-addons 1995/03/15
)
(/nix/store/9wfzpbig5gll5va7ylcqxvjpmdzq5c24-texlive-2023-env-texmfdist/tex/lat
ex/fp/fp-snap.sty
Package: fp-snap 1995/04/05
)
(/nix/store/9wfzpbig5gll5va7ylcqxvjpmdzq5c24-texlive-2023-env-texmfdist/tex/lat
ex/fp/fp-exp.sty
Package: fp-exp 1995/04/03
)
(/nix/store/9wfzpbig5gll5va7ylcqxvjpmdzq5c24-texlive-2023-env-texmfdist/tex/lat
ex/fp/fp-trigo.sty
Package: fp-trigo 1995/04/14
)
(/nix/store/9wfzpbig5gll5va7ylcqxvjpmdzq5c24-texlive-2023-env-texmfdist/tex/lat
ex/fp/fp-pas.sty
Package: fp-pas 1994/08/29
)
(/nix/store/9wfzpbig5gll5va7ylcqxvjpmdzq5c24-texlive-2023-env-texmfdist/tex/lat
ex/fp/fp-random.sty
Package: fp-random 1995/02/23
\FPseed=\count336
)
(/nix/store/9wfzpbig5gll5va7ylcqxvjpmdzq5c24-texlive-2023-env-texmfdist/tex/lat
ex/fp/fp-eqn.sty
Package: fp-eqn 1995/04/03
)
(/nix/store/9wfzpbig5gll5va7ylcqxvjpmdzq5c24-texlive-2023-env-texmfdist/tex/lat
ex/fp/fp-upn.sty
Package: fp-upn 1996/10/21
)
(/nix/store/9wfzpbig5gll5va7ylcqxvjpmdzq5c24-texlive-2023-env-texmfdist/tex/lat
ex/fp/fp-eval.sty
Package: fp-eval 1995/04/03
)))
\@dtl@toks=\toks39
\@dtl@tmpcount=\count337
\dtl@tmplength=\skip85
\dtl@sortresult=\count338
\@dtl@numgrpsepcount=\count339
\@dtl@datatype=\count340
\dtl@codeA=\count341
\dtl@codeB=\count342
\@dtl@foreach@level=\count343
)
(/nix/store/9wfzpbig5gll5va7ylcqxvjpmdzq5c24-texlive-2023-env-texmfdist/tex/lat
ex/tracklang/tracklang.sty
Package: tracklang 2022/12/13 v1.6.1 (NLCT) Track Languages

(/nix/store/9wfzpbig5gll5va7ylcqxvjpmdzq5c24-texlive-2023-env-texmfdist/tex/gen
eric/tracklang/tracklang.tex))

Package glossaries Warning: No language module detected for `russian'.
(glossaries)                Language modules need to be installed separately.
(glossaries)                Please check on CTAN for a bundle called
(glossaries)                `glossaries-russian' or similar.


(/nix/store/9wfzpbig5gll5va7ylcqxvjpmdzq5c24-texlive-2023-env-texmfdist/tex/lat
ex/glossaries-english/glossaries-english.ldf
File: glossaries-english.ldf 2014/11/23 v1.0
)
\gls@level=\count344
\@gls@tmpb=\toks40
\gls@tmplen=\skip86
\glskeylisttok=\toks41
\glslabeltok=\toks42
\glsshorttok=\toks43
\glslongtok=\toks44

(/nix/store/9wfzpbig5gll5va7ylcqxvjpmdzq5c24-texlive-2023-env-texmfdist/tex/lat
ex/glossaries/styles/glossary-hypernav.sty
Package: glossary-hypernav 2023/09/29 v4.53 (NLCT)
)
(/nix/store/9wfzpbig5gll5va7ylcqxvjpmdzq5c24-texlive-2023-env-texmfdist/tex/lat
ex/glossaries/styles/glossary-list.sty
Package: glossary-list 2023/09/29 v4.53 (NLCT)
\glslistdottedwidth=\skip87
)
(/nix/store/9wfzpbig5gll5va7ylcqxvjpmdzq5c24-texlive-2023-env-texmfdist/tex/lat
ex/glossaries/styles/glossary-long.sty
Package: glossary-long 2023/09/29 v4.53 (NLCT)
\glsdescwidth=\skip88
\glspagelistwidth=\skip89
)
(/nix/store/9wfzpbig5gll5va7ylcqxvjpmdzq5c24-texlive-2023-env-texmfdist/tex/lat
ex/glossaries/styles/glossary-super.sty
Package: glossary-super 2023/09/29 v4.53 (NLCT)

(/nix/store/9wfzpbig5gll5va7ylcqxvjpmdzq5c24-texlive-2023-env-texmfdist/tex/lat
ex/supertabular/supertabular.sty
Package: supertabular 2020/02/02 v4.1g the supertabular environment
\c@tracingst=\count345
\ST@wd=\dimen272
\ST@rightskip=\skip90
\ST@leftskip=\skip91
\ST@parfillskip=\skip92
\ST@pageleft=\dimen273
\ST@headht=\dimen274
\ST@tailht=\dimen275
\ST@pagesofar=\dimen276
\ST@pboxht=\dimen277
\ST@lineht=\dimen278
\ST@prevht=\dimen279
\ST@toadd=\dimen280
\ST@dimen=\dimen281
\ST@pbox=\box113
))
(/nix/store/9wfzpbig5gll5va7ylcqxvjpmdzq5c24-texlive-2023-env-texmfdist/tex/lat
ex/glossaries/styles/glossary-tree.sty
Package: glossary-tree 2023/09/29 v4.53 (NLCT)
\glstreeindent=\skip93
))
(/nix/store/9wfzpbig5gll5va7ylcqxvjpmdzq5c24-texlive-2023-env-texmfdist/tex/lat
ex/glossaries-extra/glossaries-extra.sty
Package: glossaries-extra 2023/09/29 v1.53 (NLCT)
\@glsxtr@leveloffset=\count346
\glsxtrresourcecount=\count347
\@glsxtrnewgls@inner=\count348
\glsshortpltok=\toks45
\glslongpltok=\toks46

(/nix/store/9wfzpbig5gll5va7ylcqxvjpmdzq5c24-texlive-2023-env-texmfdist/tex/lat
ex/glossaries-extra/glossaries-extra-abbrstyles.def
File: glossaries-extra-abbrstyles.def 2023/06/28 v1.52 (NLCT)
)
\mglselementindex=\count349
)
runsystem(makeindex -s cpxsln_rpt_prj_YYYY_Group_SurnameNS.ist -t cpxsln_rpt_pr
j_YYYY_Group_SurnameNS.glg -o cpxsln_rpt_prj_YYYY_Group_SurnameNS.gls cpxsln_rp
t_prj_YYYY_Group_SurnameNS.glo)...executed safely (allowed).

runsystem(makeindex -s cpxsln_rpt_prj_YYYY_Group_SurnameNS.ist -t cpxsln_rpt_pr
j_YYYY_Group_SurnameNS.glg-abr -o cpxsln_rpt_prj_YYYY_Group_SurnameNS.gls-abr c
pxsln_rpt_prj_YYYY_Group_SurnameNS.glo-abr)...executed safely (allowed).

\glswrite=\write3
\glo@main@file=\write4
\openout4 = `cpxsln_rpt_prj_YYYY_Group_SurnameNS.glo'.

Package glossaries Info: Writing glossary file cpxsln_rpt_prj_YYYY_Group_Surnam
eNS.glo on input line 73.
\glo@abbreviations@file=\write5
\openout5 = `cpxsln_rpt_prj_YYYY_Group_SurnameNS.glo-abr'.

Package glossaries Info: Writing glossary file cpxsln_rpt_prj_YYYY_Group_Surnam
eNS.glo-abr on input line 73.

(/nix/store/9wfzpbig5gll5va7ylcqxvjpmdzq5c24-texlive-2023-env-texmfdist/tex/lat
ex/paralist/paralist.sty
Package: paralist 2017/01/22 v2.7 Extended list environments
\pltopsep=\skip94
\plpartopsep=\skip95
\plitemsep=\skip96
\plparsep=\skip97
\pl@lab=\toks47
)
(/nix/store/9wfzpbig5gll5va7ylcqxvjpmdzq5c24-texlive-2023-env-texmfdist/tex/lat
ex/pdfpages/pdfpages.sty
Package: pdfpages 2022/12/19 v0.5x Insert pages of external PDF documents (AM)
\AM@pagewidth=\dimen282
\AM@pageheight=\dimen283
\AM@fboxrule=\dimen284

(/nix/store/9wfzpbig5gll5va7ylcqxvjpmdzq5c24-texlive-2023-env-texmfdist/tex/lat
ex/pdfpages/pppdftex.def
File: pppdftex.def 2022/12/19 v0.5x Pdfpages driver for pdfTeX (AM)
)
\pdfpages@includegraphics@status=\count350
\AM@pagebox=\box114
\AM@global@opts=\toks48
\AM@pagecnt=\count351
\AM@toc@title=\toks49
\AM@lof@heading=\toks50
\c@AM@survey=\count352
\AM@templatesizebox=\box115
)
(/nix/store/9wfzpbig5gll5va7ylcqxvjpmdzq5c24-texlive-2023-env-texmfdist/tex/lat
ex/pgf/frontendlayer/tikz.sty
(/nix/store/9wfzpbig5gll5va7ylcqxvjpmdzq5c24-texlive-2023-env-texmfdist/tex/lat
ex/pgf/basiclayer/pgf.sty
(/nix/store/9wfzpbig5gll5va7ylcqxvjpmdzq5c24-texlive-2023-env-texmfdist/tex/lat
ex/pgf/utilities/pgfrcs.sty
(/nix/store/9wfzpbig5gll5va7ylcqxvjpmdzq5c24-texlive-2023-env-texmfdist/tex/gen
eric/pgf/utilities/pgfutil-common.tex
\pgfutil@everybye=\toks51
\pgfutil@tempdima=\dimen285
\pgfutil@tempdimb=\dimen286
)
(/nix/store/9wfzpbig5gll5va7ylcqxvjpmdzq5c24-texlive-2023-env-texmfdist/tex/gen
eric/pgf/utilities/pgfutil-latex.def
\pgfutil@abb=\box116
)
(/nix/store/9wfzpbig5gll5va7ylcqxvjpmdzq5c24-texlive-2023-env-texmfdist/tex/gen
eric/pgf/utilities/pgfrcs.code.tex
(/nix/store/9wfzpbig5gll5va7ylcqxvjpmdzq5c24-texlive-2023-env-texmfdist/tex/gen
eric/pgf/pgf.revision.tex)
Package: pgfrcs 2023-01-15 v3.1.10 (3.1.10)
))
Package: pgf 2023-01-15 v3.1.10 (3.1.10)

(/nix/store/9wfzpbig5gll5va7ylcqxvjpmdzq5c24-texlive-2023-env-texmfdist/tex/lat
ex/pgf/basiclayer/pgfcore.sty
(/nix/store/9wfzpbig5gll5va7ylcqxvjpmdzq5c24-texlive-2023-env-texmfdist/tex/lat
ex/pgf/systemlayer/pgfsys.sty
(/nix/store/9wfzpbig5gll5va7ylcqxvjpmdzq5c24-texlive-2023-env-texmfdist/tex/gen
eric/pgf/systemlayer/pgfsys.code.tex
Package: pgfsys 2023-01-15 v3.1.10 (3.1.10)

(/nix/store/9wfzpbig5gll5va7ylcqxvjpmdzq5c24-texlive-2023-env-texmfdist/tex/gen
eric/pgf/utilities/pgfkeys.code.tex
\pgfkeys@pathtoks=\toks52
\pgfkeys@temptoks=\toks53

(/nix/store/9wfzpbig5gll5va7ylcqxvjpmdzq5c24-texlive-2023-env-texmfdist/tex/gen
eric/pgf/utilities/pgfkeyslibraryfiltered.code.tex
\pgfkeys@tmptoks=\toks54
))
\pgf@x=\dimen287
\pgf@y=\dimen288
\pgf@xa=\dimen289
\pgf@ya=\dimen290
\pgf@xb=\dimen291
\pgf@yb=\dimen292
\pgf@xc=\dimen293
\pgf@yc=\dimen294
\pgf@xd=\dimen295
\pgf@yd=\dimen296
\w@pgf@writea=\write6
\r@pgf@reada=\read3
\c@pgf@counta=\count353
\c@pgf@countb=\count354
\c@pgf@countc=\count355
\c@pgf@countd=\count356
\t@pgf@toka=\toks55
\t@pgf@tokb=\toks56
\t@pgf@tokc=\toks57
\pgf@sys@id@count=\count357

(/nix/store/9wfzpbig5gll5va7ylcqxvjpmdzq5c24-texlive-2023-env-texmfdist/tex/gen
eric/pgf/systemlayer/pgf.cfg
File: pgf.cfg 2023-01-15 v3.1.10 (3.1.10)
)
Driver file for pgf: pgfsys-pdftex.def

(/nix/store/9wfzpbig5gll5va7ylcqxvjpmdzq5c24-texlive-2023-env-texmfdist/tex/gen
eric/pgf/systemlayer/pgfsys-pdftex.def
File: pgfsys-pdftex.def 2023-01-15 v3.1.10 (3.1.10)

(/nix/store/9wfzpbig5gll5va7ylcqxvjpmdzq5c24-texlive-2023-env-texmfdist/tex/gen
eric/pgf/systemlayer/pgfsys-common-pdf.def
File: pgfsys-common-pdf.def 2023-01-15 v3.1.10 (3.1.10)
)))
(/nix/store/9wfzpbig5gll5va7ylcqxvjpmdzq5c24-texlive-2023-env-texmfdist/tex/gen
eric/pgf/systemlayer/pgfsyssoftpath.code.tex
File: pgfsyssoftpath.code.tex 2023-01-15 v3.1.10 (3.1.10)
\pgfsyssoftpath@smallbuffer@items=\count358
\pgfsyssoftpath@bigbuffer@items=\count359
)
(/nix/store/9wfzpbig5gll5va7ylcqxvjpmdzq5c24-texlive-2023-env-texmfdist/tex/gen
eric/pgf/systemlayer/pgfsysprotocol.code.tex
File: pgfsysprotocol.code.tex 2023-01-15 v3.1.10 (3.1.10)
))
(/nix/store/9wfzpbig5gll5va7ylcqxvjpmdzq5c24-texlive-2023-env-texmfdist/tex/gen
eric/pgf/basiclayer/pgfcore.code.tex
Package: pgfcore 2023-01-15 v3.1.10 (3.1.10)

(/nix/store/9wfzpbig5gll5va7ylcqxvjpmdzq5c24-texlive-2023-env-texmfdist/tex/gen
eric/pgf/math/pgfmath.code.tex
(/nix/store/9wfzpbig5gll5va7ylcqxvjpmdzq5c24-texlive-2023-env-texmfdist/tex/gen
eric/pgf/math/pgfmathutil.code.tex)
(/nix/store/9wfzpbig5gll5va7ylcqxvjpmdzq5c24-texlive-2023-env-texmfdist/tex/gen
eric/pgf/math/pgfmathparser.code.tex
\pgfmath@dimen=\dimen297
\pgfmath@count=\count360
\pgfmath@box=\box117
\pgfmath@toks=\toks58
\pgfmath@stack@operand=\toks59
\pgfmath@stack@operation=\toks60
)
(/nix/store/9wfzpbig5gll5va7ylcqxvjpmdzq5c24-texlive-2023-env-texmfdist/tex/gen
eric/pgf/math/pgfmathfunctions.code.tex)
(/nix/store/9wfzpbig5gll5va7ylcqxvjpmdzq5c24-texlive-2023-env-texmfdist/tex/gen
eric/pgf/math/pgfmathfunctions.basic.code.tex)
(/nix/store/9wfzpbig5gll5va7ylcqxvjpmdzq5c24-texlive-2023-env-texmfdist/tex/gen
eric/pgf/math/pgfmathfunctions.trigonometric.code.tex)
(/nix/store/9wfzpbig5gll5va7ylcqxvjpmdzq5c24-texlive-2023-env-texmfdist/tex/gen
eric/pgf/math/pgfmathfunctions.random.code.tex)
(/nix/store/9wfzpbig5gll5va7ylcqxvjpmdzq5c24-texlive-2023-env-texmfdist/tex/gen
eric/pgf/math/pgfmathfunctions.comparison.code.tex)
(/nix/store/9wfzpbig5gll5va7ylcqxvjpmdzq5c24-texlive-2023-env-texmfdist/tex/gen
eric/pgf/math/pgfmathfunctions.base.code.tex)
(/nix/store/9wfzpbig5gll5va7ylcqxvjpmdzq5c24-texlive-2023-env-texmfdist/tex/gen
eric/pgf/math/pgfmathfunctions.round.code.tex)
(/nix/store/9wfzpbig5gll5va7ylcqxvjpmdzq5c24-texlive-2023-env-texmfdist/tex/gen
eric/pgf/math/pgfmathfunctions.misc.code.tex)
(/nix/store/9wfzpbig5gll5va7ylcqxvjpmdzq5c24-texlive-2023-env-texmfdist/tex/gen
eric/pgf/math/pgfmathfunctions.integerarithmetics.code.tex)
(/nix/store/9wfzpbig5gll5va7ylcqxvjpmdzq5c24-texlive-2023-env-texmfdist/tex/gen
eric/pgf/math/pgfmathcalc.code.tex)
(/nix/store/9wfzpbig5gll5va7ylcqxvjpmdzq5c24-texlive-2023-env-texmfdist/tex/gen
eric/pgf/math/pgfmathfloat.code.tex
\c@pgfmathroundto@lastzeros=\count361
))
(/nix/store/9wfzpbig5gll5va7ylcqxvjpmdzq5c24-texlive-2023-env-texmfdist/tex/gen
eric/pgf/math/pgfint.code.tex)
(/nix/store/9wfzpbig5gll5va7ylcqxvjpmdzq5c24-texlive-2023-env-texmfdist/tex/gen
eric/pgf/basiclayer/pgfcorepoints.code.tex
File: pgfcorepoints.code.tex 2023-01-15 v3.1.10 (3.1.10)
\pgf@picminx=\dimen298
\pgf@picmaxx=\dimen299
\pgf@picminy=\dimen300
\pgf@picmaxy=\dimen301
\pgf@pathminx=\dimen302
\pgf@pathmaxx=\dimen303
\pgf@pathminy=\dimen304
\pgf@pathmaxy=\dimen305
\pgf@xx=\dimen306
\pgf@xy=\dimen307
\pgf@yx=\dimen308
\pgf@yy=\dimen309
\pgf@zx=\dimen310
\pgf@zy=\dimen311
)
(/nix/store/9wfzpbig5gll5va7ylcqxvjpmdzq5c24-texlive-2023-env-texmfdist/tex/gen
eric/pgf/basiclayer/pgfcorepathconstruct.code.tex
File: pgfcorepathconstruct.code.tex 2023-01-15 v3.1.10 (3.1.10)
\pgf@path@lastx=\dimen312
\pgf@path@lasty=\dimen313
)
(/nix/store/9wfzpbig5gll5va7ylcqxvjpmdzq5c24-texlive-2023-env-texmfdist/tex/gen
eric/pgf/basiclayer/pgfcorepathusage.code.tex
File: pgfcorepathusage.code.tex 2023-01-15 v3.1.10 (3.1.10)
\pgf@shorten@end@additional=\dimen314
\pgf@shorten@start@additional=\dimen315
)
(/nix/store/9wfzpbig5gll5va7ylcqxvjpmdzq5c24-texlive-2023-env-texmfdist/tex/gen
eric/pgf/basiclayer/pgfcorescopes.code.tex
File: pgfcorescopes.code.tex 2023-01-15 v3.1.10 (3.1.10)
\pgfpic=\box118
\pgf@hbox=\box119
\pgf@layerbox@main=\box120
\pgf@picture@serial@count=\count362
)
(/nix/store/9wfzpbig5gll5va7ylcqxvjpmdzq5c24-texlive-2023-env-texmfdist/tex/gen
eric/pgf/basiclayer/pgfcoregraphicstate.code.tex
File: pgfcoregraphicstate.code.tex 2023-01-15 v3.1.10 (3.1.10)
\pgflinewidth=\dimen316
)
(/nix/store/9wfzpbig5gll5va7ylcqxvjpmdzq5c24-texlive-2023-env-texmfdist/tex/gen
eric/pgf/basiclayer/pgfcoretransformations.code.tex
File: pgfcoretransformations.code.tex 2023-01-15 v3.1.10 (3.1.10)
\pgf@pt@x=\dimen317
\pgf@pt@y=\dimen318
\pgf@pt@temp=\dimen319
)
(/nix/store/9wfzpbig5gll5va7ylcqxvjpmdzq5c24-texlive-2023-env-texmfdist/tex/gen
eric/pgf/basiclayer/pgfcorequick.code.tex
File: pgfcorequick.code.tex 2023-01-15 v3.1.10 (3.1.10)
)
(/nix/store/9wfzpbig5gll5va7ylcqxvjpmdzq5c24-texlive-2023-env-texmfdist/tex/gen
eric/pgf/basiclayer/pgfcoreobjects.code.tex
File: pgfcoreobjects.code.tex 2023-01-15 v3.1.10 (3.1.10)
)
(/nix/store/9wfzpbig5gll5va7ylcqxvjpmdzq5c24-texlive-2023-env-texmfdist/tex/gen
eric/pgf/basiclayer/pgfcorepathprocessing.code.tex
File: pgfcorepathprocessing.code.tex 2023-01-15 v3.1.10 (3.1.10)
)
(/nix/store/9wfzpbig5gll5va7ylcqxvjpmdzq5c24-texlive-2023-env-texmfdist/tex/gen
eric/pgf/basiclayer/pgfcorearrows.code.tex
File: pgfcorearrows.code.tex 2023-01-15 v3.1.10 (3.1.10)
\pgfarrowsep=\dimen320
)
(/nix/store/9wfzpbig5gll5va7ylcqxvjpmdzq5c24-texlive-2023-env-texmfdist/tex/gen
eric/pgf/basiclayer/pgfcoreshade.code.tex
File: pgfcoreshade.code.tex 2023-01-15 v3.1.10 (3.1.10)
\pgf@max=\dimen321
\pgf@sys@shading@range@num=\count363
\pgf@shadingcount=\count364
)
(/nix/store/9wfzpbig5gll5va7ylcqxvjpmdzq5c24-texlive-2023-env-texmfdist/tex/gen
eric/pgf/basiclayer/pgfcoreimage.code.tex
File: pgfcoreimage.code.tex 2023-01-15 v3.1.10 (3.1.10)
)
(/nix/store/9wfzpbig5gll5va7ylcqxvjpmdzq5c24-texlive-2023-env-texmfdist/tex/gen
eric/pgf/basiclayer/pgfcoreexternal.code.tex
File: pgfcoreexternal.code.tex 2023-01-15 v3.1.10 (3.1.10)
\pgfexternal@startupbox=\box121
)
(/nix/store/9wfzpbig5gll5va7ylcqxvjpmdzq5c24-texlive-2023-env-texmfdist/tex/gen
eric/pgf/basiclayer/pgfcorelayers.code.tex
File: pgfcorelayers.code.tex 2023-01-15 v3.1.10 (3.1.10)
)
(/nix/store/9wfzpbig5gll5va7ylcqxvjpmdzq5c24-texlive-2023-env-texmfdist/tex/gen
eric/pgf/basiclayer/pgfcoretransparency.code.tex
File: pgfcoretransparency.code.tex 2023-01-15 v3.1.10 (3.1.10)
)
(/nix/store/9wfzpbig5gll5va7ylcqxvjpmdzq5c24-texlive-2023-env-texmfdist/tex/gen
eric/pgf/basiclayer/pgfcorepatterns.code.tex
File: pgfcorepatterns.code.tex 2023-01-15 v3.1.10 (3.1.10)
)
(/nix/store/9wfzpbig5gll5va7ylcqxvjpmdzq5c24-texlive-2023-env-texmfdist/tex/gen
eric/pgf/basiclayer/pgfcorerdf.code.tex
File: pgfcorerdf.code.tex 2023-01-15 v3.1.10 (3.1.10)
)))
(/nix/store/9wfzpbig5gll5va7ylcqxvjpmdzq5c24-texlive-2023-env-texmfdist/tex/gen
eric/pgf/modules/pgfmoduleshapes.code.tex
File: pgfmoduleshapes.code.tex 2023-01-15 v3.1.10 (3.1.10)
\pgfnodeparttextbox=\box122
)
(/nix/store/9wfzpbig5gll5va7ylcqxvjpmdzq5c24-texlive-2023-env-texmfdist/tex/gen
eric/pgf/modules/pgfmoduleplot.code.tex
File: pgfmoduleplot.code.tex 2023-01-15 v3.1.10 (3.1.10)
)
(/nix/store/9wfzpbig5gll5va7ylcqxvjpmdzq5c24-texlive-2023-env-texmfdist/tex/lat
ex/pgf/compatibility/pgfcomp-version-0-65.sty
Package: pgfcomp-version-0-65 2023-01-15 v3.1.10 (3.1.10)
\pgf@nodesepstart=\dimen322
\pgf@nodesepend=\dimen323
)
(/nix/store/9wfzpbig5gll5va7ylcqxvjpmdzq5c24-texlive-2023-env-texmfdist/tex/lat
ex/pgf/compatibility/pgfcomp-version-1-18.sty
Package: pgfcomp-version-1-18 2023-01-15 v3.1.10 (3.1.10)
))
(/nix/store/9wfzpbig5gll5va7ylcqxvjpmdzq5c24-texlive-2023-env-texmfdist/tex/lat
ex/pgf/utilities/pgffor.sty
(/nix/store/9wfzpbig5gll5va7ylcqxvjpmdzq5c24-texlive-2023-env-texmfdist/tex/lat
ex/pgf/utilities/pgfkeys.sty
(/nix/store/9wfzpbig5gll5va7ylcqxvjpmdzq5c24-texlive-2023-env-texmfdist/tex/gen
eric/pgf/utilities/pgfkeys.code.tex))
(/nix/store/9wfzpbig5gll5va7ylcqxvjpmdzq5c24-texlive-2023-env-texmfdist/tex/lat
ex/pgf/math/pgfmath.sty
(/nix/store/9wfzpbig5gll5va7ylcqxvjpmdzq5c24-texlive-2023-env-texmfdist/tex/gen
eric/pgf/math/pgfmath.code.tex))
(/nix/store/9wfzpbig5gll5va7ylcqxvjpmdzq5c24-texlive-2023-env-texmfdist/tex/gen
eric/pgf/utilities/pgffor.code.tex
Package: pgffor 2023-01-15 v3.1.10 (3.1.10)
\pgffor@iter=\dimen324
\pgffor@skip=\dimen325
\pgffor@stack=\toks61
\pgffor@toks=\toks62
))
(/nix/store/9wfzpbig5gll5va7ylcqxvjpmdzq5c24-texlive-2023-env-texmfdist/tex/gen
eric/pgf/frontendlayer/tikz/tikz.code.tex
Package: tikz 2023-01-15 v3.1.10 (3.1.10)

(/nix/store/9wfzpbig5gll5va7ylcqxvjpmdzq5c24-texlive-2023-env-texmfdist/tex/gen
eric/pgf/libraries/pgflibraryplothandlers.code.tex
File: pgflibraryplothandlers.code.tex 2023-01-15 v3.1.10 (3.1.10)
\pgf@plot@mark@count=\count365
\pgfplotmarksize=\dimen326
)
\tikz@lastx=\dimen327
\tikz@lasty=\dimen328
\tikz@lastxsaved=\dimen329
\tikz@lastysaved=\dimen330
\tikz@lastmovetox=\dimen331
\tikz@lastmovetoy=\dimen332
\tikzleveldistance=\dimen333
\tikzsiblingdistance=\dimen334
\tikz@figbox=\box123
\tikz@figbox@bg=\box124
\tikz@tempbox=\box125
\tikz@tempbox@bg=\box126
\tikztreelevel=\count366
\tikznumberofchildren=\count367
\tikznumberofcurrentchild=\count368
\tikz@fig@count=\count369

(/nix/store/9wfzpbig5gll5va7ylcqxvjpmdzq5c24-texlive-2023-env-texmfdist/tex/gen
eric/pgf/modules/pgfmodulematrix.code.tex
File: pgfmodulematrix.code.tex 2023-01-15 v3.1.10 (3.1.10)
\pgfmatrixcurrentrow=\count370
\pgfmatrixcurrentcolumn=\count371
\pgf@matrix@numberofcolumns=\count372
)
\tikz@expandcount=\count373

(/nix/store/9wfzpbig5gll5va7ylcqxvjpmdzq5c24-texlive-2023-env-texmfdist/tex/gen
eric/pgf/frontendlayer/tikz/libraries/tikzlibrarytopaths.code.tex
File: tikzlibrarytopaths.code.tex 2023-01-15 v3.1.10 (3.1.10)
)))
(/nix/store/9wfzpbig5gll5va7ylcqxvjpmdzq5c24-texlive-2023-env-texmfdist/tex/lat
ex/tikzmark/tikzlibrarytikzmark.code.tex
File: tikzlibrarytikzmark.code.tex 2022/08/24 v1.15 TikZ library for marking po
sitions in a document

(/nix/store/9wfzpbig5gll5va7ylcqxvjpmdzq5c24-texlive-2023-env-texmfdist/tex/lat
ex/l3kernel/expl3.sty
Package: expl3 2024-01-04 L3 programming layer (loader) 

(/nix/store/9wfzpbig5gll5va7ylcqxvjpmdzq5c24-texlive-2023-env-texmfdist/tex/lat
ex/l3backend/l3backend-pdftex.def
File: l3backend-pdftex.def 2024-01-04 L3 backend support: PDF output (pdfTeX)
\l__color_backend_stack_int=\count374
\l__pdf_internal_box=\box127
))
(/nix/store/9wfzpbig5gll5va7ylcqxvjpmdzq5c24-texlive-2023-env-texmfdist/tex/lat
ex/l3packages/l3keys2e/l3keys2e.sty
Package: l3keys2e 2023-10-10 LaTeX2e option processing using LaTeX3 keys
)
(/nix/store/9wfzpbig5gll5va7ylcqxvjpmdzq5c24-texlive-2023-env-texmfdist/tex/lat
ex/l3packages/xparse/xparse.sty
Package: xparse 2023-10-10 L3 Experimental document command parser
)
\l__sn_x_dim=\dimen335
\l__sn_y_dim=\dimen336
\l__sn_xa_dim=\dimen337
\l__sn_ya_dim=\dimen338
)
(/nix/store/9wfzpbig5gll5va7ylcqxvjpmdzq5c24-texlive-2023-env-texmfdist/tex/gen
eric/pgf/frontendlayer/tikz/libraries/tikzlibrarymatrix.code.tex
File: tikzlibrarymatrix.code.tex 2023-01-15 v3.1.10 (3.1.10)
)
(/nix/store/9wfzpbig5gll5va7ylcqxvjpmdzq5c24-texlive-2023-env-texmfdist/tex/gen
eric/pgf/frontendlayer/tikz/libraries/tikzlibraryautomata.code.tex
File: tikzlibraryautomata.code.tex 2023-01-15 v3.1.10 (3.1.10)

(/nix/store/9wfzpbig5gll5va7ylcqxvjpmdzq5c24-texlive-2023-env-texmfdist/tex/gen
eric/pgf/frontendlayer/tikz/libraries/tikzlibraryshapes.multipart.code.tex
File: tikzlibraryshapes.multipart.code.tex 2023-01-15 v3.1.10 (3.1.10)

(/nix/store/9wfzpbig5gll5va7ylcqxvjpmdzq5c24-texlive-2023-env-texmfdist/tex/gen
eric/pgf/libraries/shapes/pgflibraryshapes.multipart.code.tex
File: pgflibraryshapes.multipart.code.tex 2023-01-15 v3.1.10 (3.1.10)
\pgfnodepartlowerbox=\box128
\pgfnodeparttwobox=\box129
\pgfnodepartthreebox=\box130
\pgfnodepartfourbox=\box131
\pgfnodeparttwentybox=\box132
\pgfnodepartnineteenbox=\box133
\pgfnodeparteighteenbox=\box134
\pgfnodepartseventeenbox=\box135
\pgfnodepartsixteenbox=\box136
\pgfnodepartfifteenbox=\box137
\pgfnodepartfourteenbox=\box138
\pgfnodepartthirteenbox=\box139
\pgfnodeparttwelvebox=\box140
\pgfnodepartelevenbox=\box141
\pgfnodeparttenbox=\box142
\pgfnodepartninebox=\box143
\pgfnodeparteightbox=\box144
\pgfnodepartsevenbox=\box145
\pgfnodepartsixbox=\box146
\pgfnodepartfivebox=\box147
)))
(/nix/store/9wfzpbig5gll5va7ylcqxvjpmdzq5c24-texlive-2023-env-texmfdist/tex/gen
eric/pgf/frontendlayer/tikz/libraries/graphs/tikzlibrarygraphs.code.tex
File: tikzlibrarygraphs.code.tex 2023-01-15 v3.1.10 (3.1.10)
\tikz@lib@auto@number=\count375
\tikz@qnode@count=\count376
)
(/nix/store/9wfzpbig5gll5va7ylcqxvjpmdzq5c24-texlive-2023-env-texmfdist/tex/gen
eric/pgf/frontendlayer/tikz/libraries/tikzlibraryarrows.code.tex
File: tikzlibraryarrows.code.tex 2023-01-15 v3.1.10 (3.1.10)

(/nix/store/9wfzpbig5gll5va7ylcqxvjpmdzq5c24-texlive-2023-env-texmfdist/tex/gen
eric/pgf/libraries/pgflibraryarrows.code.tex
File: pgflibraryarrows.code.tex 2023-01-15 v3.1.10 (3.1.10)
\arrowsize=\dimen339
))
(/nix/store/9wfzpbig5gll5va7ylcqxvjpmdzq5c24-texlive-2023-env-texmfdist/tex/gen
eric/pgf/frontendlayer/tikz/libraries/tikzlibrarypositioning.code.tex
File: tikzlibrarypositioning.code.tex 2023-01-15 v3.1.10 (3.1.10)
)
(/nix/store/9wfzpbig5gll5va7ylcqxvjpmdzq5c24-texlive-2023-env-texmfdist/tex/gen
eric/pgf/frontendlayer/tikz/libraries/tikzlibrarytrees.code.tex
File: tikzlibrarytrees.code.tex 2023-01-15 v3.1.10 (3.1.10)
)
(/nix/store/9wfzpbig5gll5va7ylcqxvjpmdzq5c24-texlive-2023-env-texmfdist/tex/lat
ex/marginnote/marginnote.sty
Package: marginnote 2018/08/09 1.4b non floating margin notes for LaTeX
\c@mn@abspage=\count377
)
(/nix/store/9wfzpbig5gll5va7ylcqxvjpmdzq5c24-texlive-2023-env-texmfdist/tex/lat
ex/pdfcomment/pdfcomment.sty
Package: pdfcomment 2018/11/01 pdfcomment.sty v2.4a - Josef Kleber (C) 2008-201
2, 2015-2016, 2018
\c@pc@count@i=\count378
\c@pc@count@ii=\count379
\c@pc@count@iii=\count380
\c@pc@count@iv=\count381
\pc@mathannot@box=\box148
\pc@nullbox=\box149
\pc@dima=\skip98
\pc@dimb=\skip99
\pc@Sposx=\skip100
\pc@Sposy=\skip101
\pc@Eposx=\skip102
\pc@Eposy=\skip103
\pc@column=\skip104
\pc@box@width=\skip105
\pc@box@height=\skip106
\pc@box@depth=\skip107

(/nix/store/9wfzpbig5gll5va7ylcqxvjpmdzq5c24-texlive-2023-env-texmfdist/tex/lat
ex/datetime2/datetime2.sty
Package: datetime2 2021/03/21 v1.5.7 (NLCT) date and time formats

(/nix/store/9wfzpbig5gll5va7ylcqxvjpmdzq5c24-texlive-2023-env-texmfdist/tex/lat
ex/datetime2-russian/datetime2-russian.ldf
File: datetime2-russian.ldf 2018/12/07 v1.1

(/nix/store/9wfzpbig5gll5va7ylcqxvjpmdzq5c24-texlive-2023-env-texmfdist/tex/gen
eric/iftex/ifxetex.sty
Package: ifxetex 2019/10/25 v0.7 ifxetex legacy package. Use iftex instead.
)
(/nix/store/9wfzpbig5gll5va7ylcqxvjpmdzq5c24-texlive-2023-env-texmfdist/tex/lat
ex/datetime2-russian/datetime2-russian-ascii.ldf
File: datetime2-russian-ascii.ldf 2018/12/07 v1.1
))
(/nix/store/9wfzpbig5gll5va7ylcqxvjpmdzq5c24-texlive-2023-env-texmfdist/tex/lat
ex/datetime2-english/datetime2-english.ldf
File: datetime2-english.ldf 2019/10/21 v1.05 (NLCT)

(/nix/store/9wfzpbig5gll5va7ylcqxvjpmdzq5c24-texlive-2023-env-texmfdist/tex/lat
ex/datetime2-english/datetime2-english-base.ldf
File: datetime2-english-base.ldf 2019/10/21 v1.05 (NLCT)
)))
(/nix/store/9wfzpbig5gll5va7ylcqxvjpmdzq5c24-texlive-2023-env-texmfdist/tex/lat
ex/zref/zref-savepos.sty
Package: zref-savepos 2023-09-14 v2.35 Module savepos for zref (HO)

(/nix/store/9wfzpbig5gll5va7ylcqxvjpmdzq5c24-texlive-2023-env-texmfdist/tex/lat
ex/zref/zref-base.sty
Package: zref-base 2023-09-14 v2.35 Module base for zref (HO)

(/nix/store/9wfzpbig5gll5va7ylcqxvjpmdzq5c24-texlive-2023-env-texmfdist/tex/gen
eric/etexcmds/etexcmds.sty
Package: etexcmds 2019/12/15 v1.7 Avoid name clashes with e-TeX commands (HO)
)
Package zref Info: New property list: main on input line 767.
Package zref Info: New property: default on input line 768.
Package zref Info: New property: page on input line 769.
)
Package zref Info: New property list: savepos on input line 79.
Package zref Info: New property: posx on input line 81.
Package zref Info: New property: posy on input line 82.
)
\c@zref@unique=\count382

(/nix/store/9wfzpbig5gll5va7ylcqxvjpmdzq5c24-texlive-2023-env-texmfdist/tex/gen
eric/iftex/ifpdf.sty
Package: ifpdf 2019/10/25 v3.4 ifpdf legacy package. Use iftex instead.
)
(/nix/store/9wfzpbig5gll5va7ylcqxvjpmdzq5c24-texlive-2023-env-texmfdist/tex/lat
ex/soulpos/soulpos.sty
Package: soulpos 2021/10/15 v1.2 Fancy underlining
\ulp@subcnt=\count383
\ulp@cnt=\count384
\ulp@out=\write7
\ulp@in=\read4
\ulwidth=\dimen340
)

Package hyperref Warning: Option `pdftex' has already been used,
(hyperref)                setting the option has no effect on input line 1369.

Package zref Info: New property list: pdfcomment on input line 2735.
Package zref Info: New property: PCPDFOBJID on input line 2736.
)
(/nix/store/9wfzpbig5gll5va7ylcqxvjpmdzq5c24-texlive-2023-env-texmfdist/tex/lat
ex/tools/enumerate.sty
Package: enumerate 2023/07/04 v3.00 enumerate extensions (DPC)
\@enLab=\toks63
)
(/nix/store/9wfzpbig5gll5va7ylcqxvjpmdzq5c24-texlive-2023-env-texmfdist/tex/lat
ex/fancyhdr/fancyhdr.sty
Package: fancyhdr 2022/11/09 v4.1 Extensive control of page headers and footers

\f@nch@headwidth=\skip108
\f@nch@O@elh=\skip109
\f@nch@O@erh=\skip110
\f@nch@O@olh=\skip111
\f@nch@O@orh=\skip112
\f@nch@O@elf=\skip113
\f@nch@O@erf=\skip114
\f@nch@O@olf=\skip115
\f@nch@O@orf=\skip116
)
(/nix/store/9wfzpbig5gll5va7ylcqxvjpmdzq5c24-texlive-2023-env-texmfdist/tex/lat
ex/draftwatermark/draftwatermark.sty
Package: draftwatermark 2020/12/08 3.0 Put a gray textual watermark on document
 pages
)
(/nix/store/9wfzpbig5gll5va7ylcqxvjpmdzq5c24-texlive-2023-env-texmfdist/tex/lat
ex/totcount/totcount.sty
Package: totcount 2011/01/25 v1.2 package for gettingthe total value of LaTeX c
ounters
)
(/nix/store/9wfzpbig5gll5va7ylcqxvjpmdzq5c24-texlive-2023-env-texmfdist/tex/lat
ex/assoccnt/assoccnt.sty
Package: assoccnt 2015/09/29 v0.8-- Associate counters stepping

assoccnt.sty{} -- version v0.8
\c@@@assoccnt@@internalcounter=\count385
)
\c@page@totc=\count386
\c@ffigure=\count387
\c@ffigure@totc=\count388
\c@ttable=\count389
\c@ttable@totc=\count390
\c@cchapter=\count391
\c@cchapter@totc=\count392
\c@eequation=\count393
\c@eequation@totc=\count394
\c@bibcnt=\count395
\c@bibcnt@totc=\count396

(/nix/store/9wfzpbig5gll5va7ylcqxvjpmdzq5c24-texlive-2023-env-texmfdist/tex/lat
ex/listings/listings.sty
\lst@mode=\count397
\lst@gtempboxa=\box150
\lst@token=\toks64
\lst@length=\count398
\lst@currlwidth=\dimen341
\lst@column=\count399
\lst@pos=\count400
\lst@lostspace=\dimen342
\lst@width=\dimen343
\lst@newlines=\count401
\lst@lineno=\count402
\lst@maxwidth=\dimen344

(/nix/store/9wfzpbig5gll5va7ylcqxvjpmdzq5c24-texlive-2023-env-texmfdist/tex/lat
ex/listings/lstmisc.sty
File: lstmisc.sty 2023/02/27 1.9 (Carsten Heinz)
\c@lstnumber=\count403
\lst@skipnumbers=\count404
\lst@framebox=\box151
)
(/nix/store/9wfzpbig5gll5va7ylcqxvjpmdzq5c24-texlive-2023-env-texmfdist/tex/lat
ex/listings/listings.cfg
File: listings.cfg 2023/02/27 1.9 listings configuration
))
Package: listings 2023/02/27 1.9 (Carsten Heinz)

(/nix/store/9wfzpbig5gll5va7ylcqxvjpmdzq5c24-texlive-2023-env-texmfdist/tex/lat
ex/listings/lstlang1.sty
File: lstlang1.sty 2023/02/27 1.9 listings language file
)
(/nix/store/9wfzpbig5gll5va7ylcqxvjpmdzq5c24-texlive-2023-env-texmfdist/tex/lat
ex/cancel/cancel.sty
Package: cancel 2013/04/12 v2.2 Cancel math terms
)
(/nix/store/9wfzpbig5gll5va7ylcqxvjpmdzq5c24-texlive-2023-env-texmfdist/tex/lat
ex/textpos/textpos.sty
Package: textpos 2022/07/23 v1.10.1
Package textpos Info: choosing support for LaTeX3 on input line 60.
\TP@textbox=\box152
\TP@holdbox=\box153
\TPHorizModule=\dimen345
\TPVertModule=\dimen346
\TP@margin=\dimen347
\TP@absmargin=\dimen348

Grid set 16 x 16 = 37.34424pt x 52.81541pt
\TPboxrulesize=\dimen349
\TP@ox=\dimen350
\TP@oy=\dimen351
\TP@tbargs=\toks65
TextBlockOrigin set to 0pt x 0pt
)
TextBlockOrigin set to 0mm x 25mm

(/nix/store/9wfzpbig5gll5va7ylcqxvjpmdzq5c24-texlive-2023-env-texmfdist/tex/lat
ex/amscls/amsthm.sty
Package: amsthm 2020/05/29 v2.20.6
\thm@style=\toks66
\thm@bodyfont=\toks67
\thm@headfont=\toks68
\thm@notefont=\toks69
\thm@headpunct=\toks70
\thm@preskip=\skip117
\thm@postskip=\skip118
\thm@headsep=\skip119
\dth@everypar=\toks71
)
(/nix/store/9wfzpbig5gll5va7ylcqxvjpmdzq5c24-texlive-2023-env-texmfdist/tex/lat
ex/thmtools/thmtools.sty
Package: thmtools 2023/05/04 v0.76
\thmt@toks=\toks72
\c@thmt@dummyctr=\count405

(/nix/store/9wfzpbig5gll5va7ylcqxvjpmdzq5c24-texlive-2023-env-texmfdist/tex/lat
ex/thmtools/thm-patch.sty
Package: thm-patch 2023/05/04 v0.76

(/nix/store/9wfzpbig5gll5va7ylcqxvjpmdzq5c24-texlive-2023-env-texmfdist/tex/lat
ex/thmtools/parseargs.sty
Package: parseargs 2023/05/04 v0.76
\@parsespec=\toks73
))
(/nix/store/9wfzpbig5gll5va7ylcqxvjpmdzq5c24-texlive-2023-env-texmfdist/tex/lat
ex/thmtools/thm-kv.sty
Package: thm-kv 2023/05/04 v0.76
Package thm-kv Info: Theorem names will be uppercased on input line 42.
Package thm-kv Info: kvsetkeys patch (v1.16 or later) on input line 158.
)
(/nix/store/9wfzpbig5gll5va7ylcqxvjpmdzq5c24-texlive-2023-env-texmfdist/tex/lat
ex/thmtools/thm-autoref.sty
Package: thm-autoref 2023/05/04 v0.76

(/nix/store/9wfzpbig5gll5va7ylcqxvjpmdzq5c24-texlive-2023-env-texmfdist/tex/lat
ex/thmtools/aliasctr.sty
Package: aliasctr 2023/05/04 v0.76
))
(/nix/store/9wfzpbig5gll5va7ylcqxvjpmdzq5c24-texlive-2023-env-texmfdist/tex/lat
ex/thmtools/thm-listof.sty
Package: thm-listof 2023/05/04 v0.76
)
(/nix/store/9wfzpbig5gll5va7ylcqxvjpmdzq5c24-texlive-2023-env-texmfdist/tex/lat
ex/thmtools/thm-restate.sty
Package: thm-restate 2023/05/04 v0.76
)
(/nix/store/9wfzpbig5gll5va7ylcqxvjpmdzq5c24-texlive-2023-env-texmfdist/tex/lat
ex/thmtools/thm-amsthm.sty
Package: thm-amsthm 2023/05/04 v0.76
\thmt@style@headstyle=\toks74
))
\c@remark=\count406
)
\c@description=\count407
 (./doc-spec/user_definitions.tex)
(./abbreviations.tex)
(/home/tesserakt/Documents/Programming/Rust/Kodept/docs/nirs/build//cpxsln_rpt_
prj_YYYY_Group_SurnameNS.aux
(/home/tesserakt/Documents/Programming/Rust/Kodept/docs/nirs/build//referat.aux
) (/home/tesserakt/Documents/Programming/Rust/Kodept/docs/nirs/build//intro.aux
)
(/home/tesserakt/Documents/Programming/Rust/Kodept/docs/nirs/build//chapters/ch
ap1_task_statement.aux)
(/home/tesserakt/Documents/Programming/Rust/Kodept/docs/nirs/build//chapters/ch
ap2_type_theory.aux)
(/home/tesserakt/Documents/Programming/Rust/Kodept/docs/nirs/build//chapters/ch
ap3_classification.aux)
(/home/tesserakt/Documents/Programming/Rust/Kodept/docs/nirs/build//chapters/ch
ap4_hindley_milner.aux)
(/home/tesserakt/Documents/Programming/Rust/Kodept/docs/nirs/build//chapters/ch
ap5_comp_experiment.aux)
(/home/tesserakt/Documents/Programming/Rust/Kodept/docs/nirs/build//chapters/ch
ap6_results_analysis.aux)
(/home/tesserakt/Documents/Programming/Rust/Kodept/docs/nirs/build//conclusion.
aux)
(/home/tesserakt/Documents/Programming/Rust/Kodept/docs/nirs/build//additionals
.aux))
\openout1 = `cpxsln_rpt_prj_YYYY_Group_SurnameNS.aux'.

LaTeX Font Info:    Checking defaults for OML/cmm/m/it on input line 36.
LaTeX Font Info:    ... okay on input line 36.
LaTeX Font Info:    Checking defaults for OMS/cmsy/m/n on input line 36.
LaTeX Font Info:    ... okay on input line 36.
LaTeX Font Info:    Checking defaults for OT1/cmr/m/n on input line 36.
LaTeX Font Info:    ... okay on input line 36.
LaTeX Font Info:    Checking defaults for T1/cmr/m/n on input line 36.
LaTeX Font Info:    ... okay on input line 36.
LaTeX Font Info:    Checking defaults for TS1/cmr/m/n on input line 36.
LaTeX Font Info:    ... okay on input line 36.
LaTeX Font Info:    Checking defaults for OMX/cmex/m/n on input line 36.
LaTeX Font Info:    ... okay on input line 36.
LaTeX Font Info:    Checking defaults for U/cmr/m/n on input line 36.
LaTeX Font Info:    ... okay on input line 36.
LaTeX Font Info:    Checking defaults for T2A/cmr/m/n on input line 36.
LaTeX Font Info:    ... okay on input line 36.
LaTeX Font Info:    Checking defaults for PD1/pdf/m/n on input line 36.
LaTeX Font Info:    ... okay on input line 36.
LaTeX Font Info:    Checking defaults for PU/pdf/m/n on input line 36.
LaTeX Font Info:    ... okay on input line 36.
LaTeX Info: Redefining \th on input line 36.
Package caption Info: Begin \AtBeginDocument code.
Package caption Info: float package is loaded.
Package caption Info: hyperref package is loaded.
Package caption Info: listings package is loaded.
Package caption Info: longtable package is loaded.

(/nix/store/9wfzpbig5gll5va7ylcqxvjpmdzq5c24-texlive-2023-env-texmfdist/tex/lat
ex/caption/ltcaption.sty
Package: ltcaption 2021/01/08 v1.4c longtable captions (AR)
)
Package caption Info: rotating package is loaded.
Package caption Info: supertabular package is loaded.
Package caption Info: End \AtBeginDocument code.

*geometry* driver: auto-detecting
*geometry* detected driver: pdftex
*geometry* verbose mode - [ preamble ] result:
* driver: pdftex
* paper: <default>
* layout: <same size as paper>
* layoutoffset:(h,v)=(0.0pt,0.0pt)
* modes: 
* h-part:(L,W,R)=(56.9055pt, 512.14963pt, 28.45274pt)
* v-part:(T,H,B)=(56.9055pt, 717.00946pt, 71.13188pt)
* \paperwidth=597.50787pt
* \paperheight=845.04684pt
* \textwidth=512.14963pt
* \textheight=717.00946pt
* \oddsidemargin=-15.36449pt
* \evensidemargin=-15.36449pt
* \topmargin=-29.36449pt
* \headheight=14.0pt
* \headsep=0.0pt
* \topskip=14.0pt
* \footskip=30.0pt
* \marginparwidth=15.0pt
* \marginparsep=10.0pt
* \columnsep=10.0pt
* \skip\footins=12.0pt plus 4.0pt minus 2.0pt
* \hoffset=0.0pt
* \voffset=0.0pt
* \mag=1000
* \@twocolumnfalse
* \@twosidefalse
* \@mparswitchfalse
* \@reversemarginfalse
* (1in=72.27pt=25.4mm, 1cm=28.453pt)


(/nix/store/9wfzpbig5gll5va7ylcqxvjpmdzq5c24-texlive-2023-env-texmfdist/tex/con
text/base/mkii/supp-pdf.mkii
[Loading MPS to PDF converter (version 2006.09.02).]
\scratchcounter=\count408
\scratchdimen=\dimen352
\scratchbox=\box154
\nofMPsegments=\count409
\nofMParguments=\count410
\everyMPshowfont=\toks75
\MPscratchCnt=\count411
\MPscratchDim=\dimen353
\MPnumerator=\count412
\makeMPintoPDFobject=\count413
\everyMPtoPDFconversion=\toks76
)
(/nix/store/9wfzpbig5gll5va7ylcqxvjpmdzq5c24-texlive-2023-env-texmfdist/tex/lat
ex/epstopdf-pkg/epstopdf-base.sty
Package: epstopdf-base 2020-01-24 v2.11 Base part for package epstopdf
Package epstopdf-base Info: Redefining graphics rule for `.eps' on input line 4
85.

(/nix/store/9wfzpbig5gll5va7ylcqxvjpmdzq5c24-texlive-2023-env-texmfdist/tex/lat
ex/latexconfig/epstopdf-sys.cfg
File: epstopdf-sys.cfg 2010/07/13 v1.3 Configuration of (r)epstopdf for TeX Liv
e
))
Package hyperref Info: Link coloring ON on input line 36.

(/home/tesserakt/Documents/Programming/Rust/Kodept/docs/nirs/build//cpxsln_rpt_
prj_YYYY_Group_SurnameNS.out)
(/home/tesserakt/Documents/Programming/Rust/Kodept/docs/nirs/build//cpxsln_rpt_
prj_YYYY_Group_SurnameNS.out)
\@outlinefile=\write8
\openout8 = `cpxsln_rpt_prj_YYYY_Group_SurnameNS.out'.

Package soulpos Info: Loading soulutf8 on input line 36.

(/nix/store/9wfzpbig5gll5va7ylcqxvjpmdzq5c24-texlive-2023-env-texmfdist/tex/gen
eric/soul/soulutf8.sty
Package: soulutf8 2023-06-14 v3.1 Permit use of UTF-8 characters in soul (HO)


Package soulutf8 Warning: This package is obsolete,
(soulutf8)                use the soul package directly. 
(soulutf8)                 on input line 29.

)
(/nix/store/9wfzpbig5gll5va7ylcqxvjpmdzq5c24-texlive-2023-env-texmfdist/tex/gen
eric/soul/soul.sty
Package: soul 2023-06-14 v3.1 Permit use of UTF-8 characters in soul (HO)

(/nix/store/9wfzpbig5gll5va7ylcqxvjpmdzq5c24-texlive-2023-env-texmfdist/tex/gen
eric/soul/soul-ori.sty
Package: soul-ori 2023-06-14 v3.1 letterspacing/underlining (mf)
\SOUL@word=\toks77
\SOUL@lasttoken=\toks78
\SOUL@syllable=\toks79
\SOUL@cmds=\toks80
\SOUL@buffer=\toks81
\SOUL@token=\toks82
\SOUL@syllgoal=\dimen354
\SOUL@syllwidth=\dimen355
\SOUL@charkern=\dimen356
\SOUL@hyphkern=\dimen357
\SOUL@dimen=\dimen358
\SOUL@dimeni=\dimen359
\SOUL@minus=\count414
\SOUL@comma=\count415
\SOUL@apo=\count416
\SOUL@grave=\count417
\SOUL@spaceskip=\skip120
\SOUL@ttwidth=\dimen360
\SOUL@uldp=\dimen361
\SOUL@ulht=\dimen362
))
\c@lstlisting=\count418
 (./doc-spec/title_common.tex

LaTeX Font Warning: Font shape `T2A/cmr/m/up' undefined
(Font)              using `T2A/cmr/m/n' instead on input line 16.

LaTeX Font Info:    Trying to load font information for U+msa on input line 16.


(/nix/store/9wfzpbig5gll5va7ylcqxvjpmdzq5c24-texlive-2023-env-texmfdist/tex/lat
ex/amsfonts/umsa.fd
File: umsa.fd 2013/01/14 v3.01 AMS symbols A
)
LaTeX Font Info:    Trying to load font information for U+msb on input line 16.


(/nix/store/9wfzpbig5gll5va7ylcqxvjpmdzq5c24-texlive-2023-env-texmfdist/tex/lat
ex/amsfonts/umsb.fd
File: umsb.fd 2013/01/14 v3.01 AMS symbols B
)
LaTeX Font Info:    Trying to load font information for OML+cmr on input line 1
6.

(/nix/store/9wfzpbig5gll5va7ylcqxvjpmdzq5c24-texlive-2023-env-texmfdist/tex/lat
ex/base/omlcmr.fd
File: omlcmr.fd 2023/04/13 v2.5m Standard LaTeX font definitions
)

LaTeX Font Warning: Font shape `OML/cmr/m/up' undefined
(Font)              using `OML/cmr/m/it' instead on input line 16.

LaTeX Font Info:    Font shape `OML/cmr/m/it' in size <14.4> not available
(Font)              Font shape `OML/cmm/m/it' tried instead on input line 16.
LaTeX Font Info:    Font shape `OML/cmr/m/up' in size <10> not available
(Font)              Font shape `OML/cmm/m/it' tried instead on input line 16.
LaTeX Font Info:    Font shape `OML/cmr/m/up' in size <7> not available
(Font)              Font shape `OML/cmm/m/it' tried instead on input line 16.
LaTeX Font Info:    Trying to load font information for OMS+cmr on input line 1
6.

(/nix/store/9wfzpbig5gll5va7ylcqxvjpmdzq5c24-texlive-2023-env-texmfdist/tex/lat
ex/base/omscmr.fd
File: omscmr.fd 2023/04/13 v2.5m Standard LaTeX font definitions
)

LaTeX Font Warning: Font shape `OMS/cmr/m/up' undefined
(Font)              using `OMS/cmr/m/n' instead on input line 16.

LaTeX Font Info:    Font shape `OMS/cmr/m/n' in size <14.4> not available
(Font)              Font shape `OMS/cmsy/m/n' tried instead on input line 16.
LaTeX Font Info:    Font shape `OMS/cmr/m/up' in size <10> not available
(Font)              Font shape `OMS/cmsy/m/n' tried instead on input line 16.
LaTeX Font Info:    Font shape `OMS/cmr/m/up' in size <7> not available
(Font)              Font shape `OMS/cmsy/m/n' tried instead on input line 16.
LaTeX Font Info:    Trying to load font information for PD1+cmr on input line 1
6.
LaTeX Font Info:    No file PD1cmr.fd. on input line 16.

LaTeX Font Warning: Font shape `PD1/cmr/m/up' undefined
(Font)              using `PD1/pdf/m/n' instead on input line 16.

LaTeX Font Info:    Trying to load font information for PU+cmr on input line 16
.
LaTeX Font Info:    No file PUcmr.fd. on input line 16.

LaTeX Font Warning: Font shape `PU/cmr/m/up' undefined
(Font)              using `PU/pdf/m/n' instead on input line 16.

<doc-spec/bmstu.pdf, id=86, 1137.11127pt x 1339.97708pt>
File: doc-spec/bmstu.pdf Graphic file (type pdf)
<use doc-spec/bmstu.pdf>
Package pdftex.def Info: doc-spec/bmstu.pdf  used on input line 19.
(pdftex.def)             Requested size: 66.58194pt x 78.45274pt.

Overfull \hbox (23.99998pt too wide) in paragraph at lines 16--22
 [][] 
 []


Overfull \hbox (13.05241pt too wide) in paragraph at lines 29--29
[]|\T2A/cmr/m/n/14.4 | 
 []


Overfull \hbox (35.99997pt too wide) in paragraph at lines 27--32
[]  
 []

LaTeX Font Info:    Font shape `OML/cmr/m/up' in size <17.28> not available
(Font)              Font shape `OML/cmm/m/it' tried instead on input line 63.
LaTeX Font Info:    Font shape `OML/cmr/m/up' in size <12> not available
(Font)              Font shape `OML/cmm/m/it' tried instead on input line 63.
LaTeX Font Info:    Font shape `OMS/cmr/m/up' in size <17.28> not available
(Font)              Font shape `OMS/cmsy/m/n' tried instead on input line 63.
LaTeX Font Info:    Font shape `OMS/cmr/m/up' in size <12> not available
(Font)              Font shape `OMS/cmsy/m/n' tried instead on input line 63.

Overfull \hbox (5.23064pt too wide) in paragraph at lines 66--66
 []|[]| 
 []


Overfull \hbox (1.90057pt too wide) in paragraph at lines 63--71
 [][] 
 []

) [1{/nix/store/3a3nh91zr9l9m0w3361v0zw6h2nq0xic-texlive-2023-env/share/texmf-v
ar/fonts/map/pdftex/updmap/pdftex.map}{/nix/store/9wfzpbig5gll5va7ylcqxvjpmdzq5
c24-texlive-2023-env-texmfdist/fonts/enc/dvips/cm-super/cm-super-t2a.enc}{/nix/
store/9wfzpbig5gll5va7ylcqxvjpmdzq5c24-texlive-2023-env-texmfdist/fonts/enc/dvi
ps/cm-super/cm-super-ts1.enc}

\openout3 = `cpxsln_rpt_prj_YYYY_Group_SurnameNS.ist'.

\openout7 = `cpxsln_rpt_prj_YYYY_Group_SurnameNS.upa'.

 <./doc-spec/bmstu.pdf>]
\openout2 = `referat.aux'.

 (./referat.tex) [2


]
(/home/tesserakt/Documents/Programming/Rust/Kodept/docs/nirs/build//cpxsln_rpt_
prj_YYYY_Group_SurnameNS.gls-abr)
(/home/tesserakt/Documents/Programming/Rust/Kodept/docs/nirs/build//cpxsln_rpt_
prj_YYYY_Group_SurnameNS.gls [3




]) [4


]
(/home/tesserakt/Documents/Programming/Rust/Kodept/docs/nirs/build//cpxsln_rpt_
prj_YYYY_Group_SurnameNS.toc
LaTeX Font Info:    Font shape `OML/cmr/m/up' in size <14.4> not available
(Font)              Font shape `OML/cmm/m/it' tried instead on input line 2.
LaTeX Font Info:    Font shape `OMS/cmr/m/up' in size <14.4> not available
(Font)              Font shape `OMS/cmsy/m/n' tried instead on input line 2.
)
\tf@toc=\write9
\openout9 = `cpxsln_rpt_prj_YYYY_Group_SurnameNS.toc'.

 [5

]
\openout2 = `intro.aux'.

 (./intro.tex) [6


] (./chapters.tex
\openout2 = `chapters/chap1_task_statement.aux'.


(./chapters/chap1_task_statement.tex) [7




]
\openout2 = `chapters/chap2_type_theory.aux'.

 (./chapters/chap2_type_theory.tex

LaTeX Warning: Citation `TheFoundationsOfArithmetic' on page 8 undefined on inp
ut line 9.

[8




]) [9]
\openout2 = `chapters/chap3_classification.aux'.

 (./chapters/chap3_classification.tex

LaTeX Warning: Citation `Typing' on page 10 undefined on input line 6.

[10




]

LaTeX Warning: Citation `KotlinTypeSpec' on page 11 undefined on input line 68.


[11]
LaTeX Font Info:    Font shape `OML/cmr/m/up' in size <5> not available
(Font)              Font shape `OML/cmm/m/it' tried instead on input line 78.
LaTeX Font Info:    Font shape `OMS/cmr/m/up' in size <5> not available
(Font)              Font shape `OMS/cmsy/m/n' tried instead on input line 78.
<figures/Lambda_cube.png, id=209, 322.20375pt x 295.1025pt>
File: figures/Lambda_cube.png Graphic file (type png)
<use figures/Lambda_cube.png>
Package pdftex.def Info: figures/Lambda_cube.png  used on input line 98.
(pdftex.def)             Requested size: 230.46576pt x 211.08673pt.
 [12 <./figures/Lambda_cube.png>]) [13]
\openout2 = `chapters/chap4_hindley_milner.aux'.


(./chapters/chap4_hindley_milner.tex

LaTeX Warning: Citation `UrbanN2009' on page 14 undefined on input line 11.

[14




] [15
pdfTeX warning (ext4): destination with the same identifier (name{equation.4.0.
5}) has been already used, duplicate ignored
<argument> ...shipout:D \box_use:N \l_shipout_box 
                                                  \__shipout_drop_firstpage_...
l.100 \[
        
pdfTeX warning (ext4): destination with the same identifier (name{equation.4.0.
5}) has been already used, duplicate ignored
<argument> ...shipout:D \box_use:N \l_shipout_box 
                                                  \__shipout_drop_firstpage_...
l.100 \[
        
pdfTeX warning (ext4): destination with the same identifier (name{equation.4.0.
5}) has been already used, duplicate ignored
<argument> ...shipout:D \box_use:N \l_shipout_box 
                                                  \__shipout_drop_firstpage_...
l.100 \[
        
pdfTeX warning (ext4): destination with the same identifier (name{equation.4.0.
5}) has been already used, duplicate ignored
<argument> ...shipout:D \box_use:N \l_shipout_box 
                                                  \__shipout_drop_firstpage_...
l.100 \[
        
pdfTeX warning (ext4): destination with the same identifier (name{equation.4.0.
5}) has been already used, duplicate ignored
<argument> ...shipout:D \box_use:N \l_shipout_box 
                                                  \__shipout_drop_firstpage_...
l.100 \[
        
pdfTeX warning (ext4): destination with the same identifier (name{equation.4.0.
5}) has been already used, duplicate ignored
<argument> ...shipout:D \box_use:N \l_shipout_box 
                                                  \__shipout_drop_firstpage_...
l.100 \[
        ]) [16]
\openout2 = `chapters/chap5_comp_experiment.aux'.

 (./chapters/chap5_comp_experiment.tex) [17




]
\openout2 = `chapters/chap6_results_analysis.aux'.


(./chapters/chap6_results_analysis.tex) [18




])
\openout2 = `conclusion.aux'.

 (./conclusion.tex) [19




]
(/home/tesserakt/Documents/Programming/Rust/Kodept/docs/nirs/build//cpxsln_rpt_
prj_YYYY_Group_SurnameNS.bbl
LaTeX Font Info:    Trying to load font information for T2A+cmtt on input line 
23.

(/nix/store/9wfzpbig5gll5va7ylcqxvjpmdzq5c24-texlive-2023-env-texmfdist/tex/lat
ex/cyrillic/t2acmtt.fd
File: t2acmtt.fd 2001/08/11 v1.0a Computer Modern Cyrillic font definitions
))
LaTeX Font Info:    Font shape `OML/cmr/m/up' in size <8> not available
(Font)              Font shape `OML/cmm/m/it' tried instead on input line 132.
LaTeX Font Info:    Font shape `OML/cmr/m/up' in size <6> not available
(Font)              Font shape `OML/cmm/m/it' tried instead on input line 132.
LaTeX Font Info:    Font shape `OMS/cmr/m/up' in size <8> not available
(Font)              Font shape `OMS/cmsy/m/n' tried instead on input line 132.
LaTeX Font Info:    Font shape `OMS/cmr/m/up' in size <6> not available
(Font)              Font shape `OMS/cmsy/m/n' tried instead on input line 132.
Package epstopdf Info: Source file: <doc-spec/by.eps>
(epstopdf)                    date: 2021-09-24 21:34:44
(epstopdf)                    size: 59921 bytes
(epstopdf)             Output file: <doc-spec/by-eps-converted-to.pdf>
(epstopdf)                    date: 2021-10-03 13:08:48
(epstopdf)                    size: 5041 bytes
(epstopdf)             Command: <repstopdf --outfile=doc-spec/by-eps-converted-
to.pdf doc-spec/by.eps>
(epstopdf)             \includegraphics on input line 132.
Package epstopdf Info: Output file is already uptodate.
<doc-spec/by-eps-converted-to.pdf, id=265, 121.45375pt x 43.16125pt>
File: doc-spec/by-eps-converted-to.pdf Graphic file (type pdf)
<use doc-spec/by-eps-converted-to.pdf>
Package pdftex.def Info: doc-spec/by-eps-converted-to.pdf  used on input line 1
32.
(pdftex.def)             Requested size: 46.09158pt x 16.37904pt.
Package epstopdf Info: Source file: <doc-spec/by.eps>
(epstopdf)                    date: 2021-09-24 21:34:44
(epstopdf)                    size: 59921 bytes
(epstopdf)             Output file: <doc-spec/by-eps-converted-to.pdf>
(epstopdf)                    date: 2021-10-03 13:08:48
(epstopdf)                    size: 5041 bytes
(epstopdf)             Command: <repstopdf --outfile=doc-spec/by-eps-converted-
to.pdf doc-spec/by.eps>
(epstopdf)             \includegraphics on input line 132.
Package epstopdf Info: Output file is already uptodate.
File: doc-spec/by-eps-converted-to.pdf Graphic file (type pdf)
<use doc-spec/by-eps-converted-to.pdf>
Package pdftex.def Info: doc-spec/by-eps-converted-to.pdf  used on input line 1
32.
(pdftex.def)             Requested size: 46.09158pt x 16.37904pt.

Overfull \hbox (23.99998pt too wide) in paragraph at lines 132--132
 []
 []

[20



 <./doc-spec/by-eps-converted-to.pdf>]
\openout2 = `additionals.aux'.

 (./additionals.tex)

Package fancyhdr Warning: \headheight is too small (14.0pt): 
(fancyhdr)                Make it at least 31.31415pt, for example:
(fancyhdr)                \setlength{\headheight}{31.31415pt}.
(fancyhdr)                You might also make \topmargin smaller to compensate:

(fancyhdr)                \addtolength{\topmargin}{-17.31415pt}.


(/nix/store/9wfzpbig5gll5va7ylcqxvjpmdzq5c24-texlive-2023-env-texmfdist/tex/gen
eric/stringenc/se-utf8.def
File: se-utf8.def 2019/11/29 v1.12 stringenc: UTF-8
)
(/nix/store/9wfzpbig5gll5va7ylcqxvjpmdzq5c24-texlive-2023-env-texmfdist/tex/gen
eric/stringenc/se-pdfdoc.def
File: se-pdfdoc.def 2019/11/29 v1.12 stringenc: PDFDocEncoding
) [21


]

Package glossaries-extra Warning: Entry counting has been enabled 
(glossaries-extra)                with \glsenableentrycount but the 
(glossaries-extra)                attribute `entrycount' hasn't 
(glossaries-extra)                been assigned to any of the defined 
(glossaries-extra)                entries.


(/home/tesserakt/Documents/Programming/Rust/Kodept/docs/nirs/build//cpxsln_rpt_
prj_YYYY_Group_SurnameNS.aux
(/home/tesserakt/Documents/Programming/Rust/Kodept/docs/nirs/build//referat.aux
) (/home/tesserakt/Documents/Programming/Rust/Kodept/docs/nirs/build//intro.aux
)
(/home/tesserakt/Documents/Programming/Rust/Kodept/docs/nirs/build//chapters/ch
ap1_task_statement.aux)
(/home/tesserakt/Documents/Programming/Rust/Kodept/docs/nirs/build//chapters/ch
ap2_type_theory.aux)
(/home/tesserakt/Documents/Programming/Rust/Kodept/docs/nirs/build//chapters/ch
ap3_classification.aux)
(/home/tesserakt/Documents/Programming/Rust/Kodept/docs/nirs/build//chapters/ch
ap4_hindley_milner.aux)
(/home/tesserakt/Documents/Programming/Rust/Kodept/docs/nirs/build//chapters/ch
ap5_comp_experiment.aux)
(/home/tesserakt/Documents/Programming/Rust/Kodept/docs/nirs/build//chapters/ch
ap6_results_analysis.aux)
(/home/tesserakt/Documents/Programming/Rust/Kodept/docs/nirs/build//conclusion.
aux)
(/home/tesserakt/Documents/Programming/Rust/Kodept/docs/nirs/build//additionals
.aux))
 ***********
LaTeX2e <2023-11-01>
L3 programming layer <2024-01-04>
 ***********


LaTeX Font Warning: Some font shapes were not available, defaults substituted.


LaTeX Warning: There were undefined references.


LaTeX Warning: Label(s) may have changed. Rerun to get cross-references right.


Package rerunfilecheck Warning: File `cpxsln_rpt_prj_YYYY_Group_SurnameNS.out' 
has changed.
(rerunfilecheck)                Rerun to get outlines right
(rerunfilecheck)                or use package `bookmark'.

Package rerunfilecheck Info: Checksums for `cpxsln_rpt_prj_YYYY_Group_SurnameNS
.out':
(rerunfilecheck)             Before: BE20EE43A4A566F5525A31ADC77A1F9C;3311
(rerunfilecheck)             After:  B5937BABF13A2CAA3283FFC8C7CBBF4D;3311.
 ) 
Here is how much of TeX's memory you used:
 45251 strings out of 474166
 904745 string characters out of 5727372
 1943525 words of memory out of 5000000
 66537 multiletter control sequences out of 15000+600000
 588966 words of font info for 123 fonts, out of 8000000 for 9000
 1141 hyphenation exceptions out of 8191
 99i,15n,96p,2462b,633s stack positions out of 10000i,1000n,20000p,200000b,200000s
</nix/store/9wfzpbig5gll5va7ylcqxvjpmdzq5c24-texlive-2023-env-texmfdist/fonts
/type1/public/amsfonts/cm/cmmi10.pfb></nix/store/9wfzpbig5gll5va7ylcqxvjpmdzq5c
24-texlive-2023-env-texmfdist/fonts/type1/public/amsfonts/cm/cmmi12.pfb></nix/s
tore/9wfzpbig5gll5va7ylcqxvjpmdzq5c24-texlive-2023-env-texmfdist/fonts/type1/pu
blic/amsfonts/cm/cmmi7.pfb></nix/store/9wfzpbig5gll5va7ylcqxvjpmdzq5c24-texlive
-2023-env-texmfdist/fonts/type1/public/amsfonts/cm/cmr10.pfb></nix/store/9wfzpb
ig5gll5va7ylcqxvjpmdzq5c24-texlive-2023-env-texmfdist/fonts/type1/public/amsfon
ts/cm/cmr12.pfb></nix/store/9wfzpbig5gll5va7ylcqxvjpmdzq5c24-texlive-2023-env-t
exmfdist/fonts/type1/public/amsfonts/cm/cmr7.pfb></nix/store/9wfzpbig5gll5va7yl
cqxvjpmdzq5c24-texlive-2023-env-texmfdist/fonts/type1/public/amsfonts/cm/cmsy10
.pfb></nix/store/9wfzpbig5gll5va7ylcqxvjpmdzq5c24-texlive-2023-env-texmfdist/fo
nts/type1/public/amsfonts/cm/cmsy7.pfb></nix/store/9wfzpbig5gll5va7ylcqxvjpmdzq
5c24-texlive-2023-env-texmfdist/fonts/type1/public/cm-super/sfbx1440.pfb></nix/
store/9wfzpbig5gll5va7ylcqxvjpmdzq5c24-texlive-2023-env-texmfdist/fonts/type1/p
ublic/cm-super/sfbx1728.pfb></nix/store/9wfzpbig5gll5va7ylcqxvjpmdzq5c24-texliv
e-2023-env-texmfdist/fonts/type1/public/cm-super/sfit1440.pfb></nix/store/9wfzp
big5gll5va7ylcqxvjpmdzq5c24-texlive-2023-env-texmfdist/fonts/type1/public/cm-su
per/sfrm0600.pfb></nix/store/9wfzpbig5gll5va7ylcqxvjpmdzq5c24-texlive-2023-env-
texmfdist/fonts/type1/public/cm-super/sfrm0700.pfb></nix/store/9wfzpbig5gll5va7
ylcqxvjpmdzq5c24-texlive-2023-env-texmfdist/fonts/type1/public/cm-super/sfrm100
0.pfb></nix/store/9wfzpbig5gll5va7ylcqxvjpmdzq5c24-texlive-2023-env-texmfdist/f
onts/type1/public/cm-super/sfrm1200.pfb></nix/store/9wfzpbig5gll5va7ylcqxvjpmdz
q5c24-texlive-2023-env-texmfdist/fonts/type1/public/cm-super/sfrm1440.pfb></nix
/store/9wfzpbig5gll5va7ylcqxvjpmdzq5c24-texlive-2023-env-texmfdist/fonts/type1/
public/cm-super/sfrm1728.pfb></nix/store/9wfzpbig5gll5va7ylcqxvjpmdzq5c24-texli
ve-2023-env-texmfdist/fonts/type1/public/cm-super/sfrm2074.pfb></nix/store/9wfz
pbig5gll5va7ylcqxvjpmdzq5c24-texlive-2023-env-texmfdist/fonts/type1/public/cm-s
uper/sfti1200.pfb></nix/store/9wfzpbig5gll5va7ylcqxvjpmdzq5c24-texlive-2023-env
-texmfdist/fonts/type1/public/cm-super/sfti1440.pfb></nix/store/9wfzpbig5gll5va
7ylcqxvjpmdzq5c24-texlive-2023-env-texmfdist/fonts/type1/public/cm-super/sftt14
40.pfb>
Output written on /home/tesserakt/Documents/Programming/Rust/Kodept/docs/nirs/b
uild//cpxsln_rpt_prj_YYYY_Group_SurnameNS.pdf (21 pages, 1068697 bytes).
PDF statistics:
 399 PDF objects out of 1000 (max. 8388607)
 324 compressed objects within 4 object streams
 78 named destinations out of 1000 (max. 500000)
 192 words of extra memory for PDF output out of 10000 (max. 10000000)

