\BOOKMARK [0][-]{section*.2}{\376\377\004\041\004\036\004\032\004\040\004\020\004\051\004\025\004\035\004\030\004\057}{}% 1
\BOOKMARK [0][-]{section*.4}{\376\377\004\036\004\037\004\040\004\025\004\024\004\025\004\033\004\025\004\035\004\030\004\057}{}% 2
\BOOKMARK [0][-]{section*.7}{\376\377\004\022\004\022\004\025\004\024\004\025\004\035\004\030\004\025}{}% 3
\BOOKMARK [0][-]{chapter.1}{\376\377\004\037\004\076\004\101\004\102\004\060\004\075\004\076\004\062\004\072\004\060\000\040\004\067\004\060\004\064\004\060\004\107\004\070}{}% 4
\BOOKMARK [1][-]{section.1.1}{\376\377\004\032\004\076\004\075\004\106\004\065\004\077\004\102\004\103\004\060\004\073\004\114\004\075\004\060\004\117\000\040\004\077\004\076\004\101\004\102\004\060\004\075\004\076\004\062\004\072\004\060\000\040\004\067\004\060\004\064\004\060\004\107\004\070}{chapter.1}% 5
\BOOKMARK [0][-]{chapter.2}{\376\377\004\042\004\065\004\076\004\100\004\070\004\117\000\040\004\102\004\070\004\077\004\076\004\062}{}% 6
\BOOKMARK [0][-]{chapter.3}{\376\377\004\032\004\073\004\060\004\101\004\101\004\070\004\104\004\070\004\072\004\060\004\106\004\070\004\117\000\040\004\101\004\070\004\101\004\102\004\065\004\074\000\040\004\102\004\070\004\077\004\076\004\062}{}% 7
\BOOKMARK [1][-]{section.3.1}{\376\377\004\041\004\070\004\101\004\102\004\065\004\074\004\060\000\040\004\102\004\070\004\077\004\076\004\062\000\040\000C}{chapter.3}% 8
\BOOKMARK [1][-]{section.3.2}{\376\377\004\041\004\070\004\101\004\102\004\065\004\074\004\060\000\040\004\102\004\070\004\077\004\076\004\062\000\040\000K\000o\000t\000l\000i\000n}{chapter.3}% 9
\BOOKMARK [1][-]{section.3.3}{\376\377\004\041\004\070\004\101\004\102\004\065\004\074\004\060\000\040\004\102\004\070\004\077\004\076\004\062\000\040\000M\000L\000-\004\077\004\076\004\064\004\076\004\061\004\075\004\113\004\105\000\040\004\117\004\067\004\113\004\072\004\076\004\062}{chapter.3}% 10
\BOOKMARK [2][-]{subsection.3.3.1}{\376\377\004\033\004\117\004\074\004\061\004\064\004\060\000-\004\072\004\103\004\061}{section.3.3}% 11
\BOOKMARK [0][-]{chapter.4}{\376\377\004\041\004\070\004\101\004\102\004\065\004\074\004\060\000\040\004\102\004\070\004\077\004\076\004\062\000\040\004\045\004\070\004\075\004\064\004\073\004\070\000-\004\034\004\070\004\073\004\075\004\065\004\100\004\060}{}% 12
\BOOKMARK [0][-]{chapter.5}{\376\377\004\022\004\113\004\107\004\070\004\101\004\073\004\070\004\102\004\065\004\073\004\114\004\075\004\113\004\071\000\040\004\115\004\072\004\101\004\077\004\065\004\100\004\070\004\074\004\065\004\075\004\102}{}% 13
\BOOKMARK [1][-]{section.5.1}{\376\377\000.\000.\000.}{chapter.5}% 14
\BOOKMARK [0][-]{chapter.6}{\376\377\004\020\004\075\004\060\004\073\004\070\004\067\000\040\004\100\004\065\004\067\004\103\004\073\004\114\004\102\004\060\004\102\004\076\004\062}{}% 15
\BOOKMARK [1][-]{section.6.1}{\376\377\000.\000.\000.}{chapter.6}% 16
\BOOKMARK [0][-]{section*.17}{\376\377\004\027\004\020\004\032\004\033\004\056\004\047\004\025\004\035\004\030\004\025}{}% 17
\BOOKMARK [0][-]{section*.17}{\376\377\004\033\004\070\004\102\004\065\004\100\004\060\004\102\004\103\004\100\004\060}{}% 18
\BOOKMARK [0][-]{section*.19}{\376\377\004\037\004\040\004\030\004\033\004\036\004\026\004\025\004\035\004\030\004\057}{}% 19
\BOOKMARK [0][-]{appendix.A}{}{}% 20
